[     914ms] [INFO] %cDownload the React DevTools for a better development experience: https://react.dev/link/react-devtools font-weight:bold @ http://localhost:3000/_next/static/chunks/node_modules_next_dist_f3530cac._.js:2297
[     991ms] [LOG] [HMR] connected @ http://localhost:3000/_next/static/chunks/node_modules_next_dist_f3530cac._.js:2297
[  639286ms] [LOG] [Fast Refresh] rebuilding @ http://localhost:3000/_next/static/chunks/node_modules_next_dist_f3530cac._.js:2297
[  639287ms] [LOG] [Fast Refresh] done in 102ms @ http://localhost:3000/_next/static/chunks/node_modules_next_dist_f3530cac._.js:2297
[  639894ms] [LOG] [Fast Refresh] rebuilding @ http://localhost:3000/_next/static/chunks/node_modules_next_dist_f3530cac._.js:2297
[  639949ms] [LOG] [Fast Refresh] done in 156ms @ http://localhost:3000/_next/static/chunks/node_modules_next_dist_f3530cac._.js:2297
[  675486ms] [LOG] [Fast Refresh] rebuilding @ http://localhost:3000/_next/static/chunks/node_modules_next_dist_f3530cac._.js:2297
[  675515ms] [LOG] [Fast Refresh] done in 38ms @ http://localhost:3000/_next/static/chunks/node_modules_next_dist_f3530cac._.js:2297
[  684154ms] [LOG] [Fast Refresh] rebuilding @ http://localhost:3000/_next/static/chunks/node_modules_next_dist_f3530cac._.js:2297
[  684184ms] [LOG] [Fast Refresh] done in 31ms @ http://localhost:3000/_next/static/chunks/node_modules_next_dist_f3530cac._.js:2297
[  698796ms] [LOG] [Fast Refresh] rebuilding @ http://localhost:3000/_next/static/chunks/node_modules_next_dist_f3530cac._.js:2297
[  698825ms] [LOG] [Fast Refresh] done in 35ms @ http://localhost:3000/_next/static/chunks/node_modules_next_dist_f3530cac._.js:2297
[ 2390526ms] [LOG] [HMR] connected @ http://localhost:3000/_next/static/chunks/node_modules_next_dist_f3530cac._.js:2297
[ 2390560ms] [LOG] [Fast Refresh] done in 35ms @ http://localhost:3000/_next/static/chunks/node_modules_next_dist_f3530cac._.js:2297
[10315826ms] [LOG] [HMR] connected @ http://localhost:3000/_next/static/chunks/node_modules_next_dist_f3530cac._.js:2297
[10651416ms] [LOG] [HMR] connected @ http://localhost:3000/_next/static/chunks/node_modules_next_dist_f3530cac._.js:2297
[38584957ms] [LOG] [Fast Refresh] rebuilding @ http://localhost:3000/_next/static/chunks/node_modules_next_dist_f3530cac._.js:2297
[38584986ms] [LOG] [Fast Refresh] done in 47ms @ http://localhost:3000/_next/static/chunks/node_modules_next_dist_f3530cac._.js:2297
[38639405ms] [LOG] [Fast Refresh] rebuilding @ http://localhost:3000/_next/static/chunks/node_modules_next_dist_f3530cac._.js:2297
[38639427ms] [LOG] [Fast Refresh] done in 122ms @ http://localhost:3000/_next/static/chunks/node_modules_next_dist_f3530cac._.js:2297
[38653330ms] [LOG] [Fast Refresh] rebuilding @ http://localhost:3000/_next/static/chunks/node_modules_next_dist_f3530cac._.js:2297
[38653360ms] [LOG] [Fast Refresh] done in 63ms @ http://localhost:3000/_next/static/chunks/node_modules_next_dist_f3530cac._.js:2297
[38664972ms] [LOG] [Fast Refresh] rebuilding @ http://localhost:3000/_next/static/chunks/node_modules_next_dist_f3530cac._.js:2297
[38665002ms] [LOG] [Fast Refresh] done in 43ms @ http://localhost:3000/_next/static/chunks/node_modules_next_dist_f3530cac._.js:2297
[38676262ms] [LOG] [Fast Refresh] rebuilding @ http://localhost:3000/_next/static/chunks/node_modules_next_dist_f3530cac._.js:2297
[38676289ms] [LOG] [Fast Refresh] done in 128ms @ http://localhost:3000/_next/static/chunks/node_modules_next_dist_f3530cac._.js:2297
[38676440ms] [LOG] [Fast Refresh] rebuilding @ http://localhost:3000/_next/static/chunks/node_modules_next_dist_f3530cac._.js:2297
[38676632ms] [LOG] [Fast Refresh] done in 294ms @ http://localhost:3000/_next/static/chunks/node_modules_next_dist_f3530cac._.js:2297
[38703354ms] [LOG] [Fast Refresh] rebuilding @ http://localhost:3000/_next/static/chunks/node_modules_next_dist_f3530cac._.js:2297
[38703433ms] [LOG] [Fast Refresh] done in 47ms @ http://localhost:3000/_next/static/chunks/node_modules_next_dist_f3530cac._.js:2297
[38703577ms] [LOG] [Fast Refresh] rebuilding @ http://localhost:3000/_next/static/chunks/node_modules_next_dist_f3530cac._.js:2297
[38703673ms] [LOG] [Fast Refresh] done in 197ms @ http://localhost:3000/_next/static/chunks/node_modules_next_dist_f3530cac._.js:2297
[38703782ms] [LOG] [Fast Refresh] rebuilding @ http://localhost:3000/_next/static/chunks/node_modules_next_dist_f3530cac._.js:2297
[38703789ms] [LOG] [Fast Refresh] done in 108ms @ http://localhost:3000/_next/static/chunks/node_modules_next_dist_f3530cac._.js:2297
[38720182ms] [ERROR] ./components/saved-searches/mobile-bg-results-bookmarklet.ts:21:14
Ecmascript file had an error
  19 | export const MOBILE_BG_BROWSER_RESULTS_MESSAGE =
  20 |   "scrapeui:mobile-bg-search-results";
> 21 | export const MOBILE_BG_BROWSER_SEARCH_WINDOW_NAME_PREFIX =
     |              ^^^^^^^^^^^^^^^^^^^^^^^^^^^^^^^^^^^^^^^^^^^
  22 |   "scrapeui-mobile-bg-search:";
  23 |
  24 | export interface MobileBgBrowserSearchContext {

the name `MOBILE_BG_BROWSER_SEARCH_WINDOW_NAME_PREFIX` is defined multiple times

Import traces:
  Client Component Browser:
    ./components/saved-searches/mobile-bg-results-bookmarklet.ts [Client Component Browser]
    ./components/saved-searches/useSavedSearchResults.ts [Client Component Browser]
    ./components/SavedSearchesWorkspace.tsx [Client Component Browser]
    ./components/SavedSearchesWorkspace.tsx [Server Component]
    ./app/(app)/editown/saved-searches/page.tsx [Server Component]

  Client Component SSR:
    ./components/saved-searches/mobile-bg-results-bookmarklet.ts [Client Component SSR]
    ./components/saved-searches/useSavedSearchResults.ts [Client Component SSR]
    ./components/SavedSearchesWorkspace.tsx [Client Component SSR]
    ./components/SavedSearchesWorkspace.tsx [Server Component]
    ./app/(app)/editown/saved-searches/page.tsx [Server Component] @ http://localhost:3000/_next/static/chunks/node_modules_next_dist_f3530cac._.js:3127
[38720218ms] [LOG] [Fast Refresh] rebuilding @ http://localhost:3000/_next/static/chunks/node_modules_next_dist_f3530cac._.js:2297
[38735662ms] [ERROR] ./components/saved-searches/useMobileBgBrowserResults.ts:7:1
Export buildMobileBgBrowserSearchWindowName doesn't exist in target module
   5 | import type { MobileBgSearchResultsResponse } from "@/components/saved-searches/api";
   6 | import { submitMobileBgSearch } from "@/components/saved-searches/helpers";
>  7 | import {
     | ^^^^^^^^
>  8 |   buildMobileBgBrowserSearchWindowName,
     | ^^^^^^^^^^^^^^^^^^^^^^^^^^^^^^^^^^^^^^^
>  9 |   buildMobileBgResultsBookmarklet,
     | ^^^^^^^^^^^^^^^^^^^^^^^^^^^^^^^^^^^^^^^
> 10 |   mergeMobileBgBrowserResults,
     | ^^^^^^^^^^^^^^^^^^^^^^^^^^^^^^^^^^^^^^^
> 11 |   MOBILE_BG_BROWSER_RESULTS_MESSAGE,
     | ^^^^^^^^^^^^^^^^^^^^^^^^^^^^^^^^^^^^^^^
> 12 |   persistMobileBgBrowserResults,
     | ^^^^^^^^^^^^^^^^^^^^^^^^^^^^^^^^^^^^^^^
> 13 |   readMobileBgBrowserResults,
     | ^^^^^^^^^^^^^^^^^^^^^^^^^^^^^^^^^^^^^^^
> 14 |   type MobileBgBrowserResultsMessage,
     | ^^^^^^^^^^^^^^^^^^^^^^^^^^^^^^^^^^^^^^^
> 15 | } from "@/components/saved-searches/mobile-bg-results-bookmarklet";
     | ^^^^^^^^^^^^^^^^^^^^^^^^^^^^^^^^^^^^^^^^^^^^^^^^^^^^^^^^^^^^^^^^^^^^
  16 | import type { SearchField } from "@/lib/mobile-bg/search-form-shared";
  17 |
  18 | interface UseMobileBgBrowserResultsParams {

The export buildMobileBgBrowserSearchWindowName was not found in module [project]/components/saved-searches/mobile-bg-results-bookmarklet.ts [app-client] (ecmascript).
Did you mean to import buildMobileBgResultsBookmarklet?
All exports of the module are statically known (It doesn't have dynamic exports). So it's known statically that the requested export doesn't exist.

Import traces:
  Client Component Browser:
    ./components/saved-searches/useMobileBgBrowserResults.ts [Client Component Browser]
    ./components/SavedSearchesWorkspace.tsx [Client Component Browser]
    ./components/SavedSearchesWorkspace.tsx [Server Component]
    ./app/(app)/editown/saved-searches/page.tsx [Server Component]

  Client Component SSR:
    ./components/saved-searches/useMobileBgBrowserResults.ts [Client Component SSR]
    ./components/SavedSearchesWorkspace.tsx [Client Component SSR]
    ./components/SavedSearchesWorkspace.tsx [Server Component]
    ./app/(app)/editown/saved-searches/page.tsx [Server Component] @ http://localhost:3000/_next/static/chunks/node_modules_next_dist_f3530cac._.js:3127
[38735663ms] [ERROR] ./components/saved-searches/useMobileBgBrowserResults.ts:7:1
Export buildMobileBgBrowserSearchWindowName doesn't exist in target module
   5 | import type { MobileBgSearchResultsResponse } from "@/components/saved-searches/api";
   6 | import { submitMobileBgSearch } from "@/components/saved-searches/helpers";
>  7 | import {
     | ^^^^^^^^
>  8 |   buildMobileBgBrowserSearchWindowName,
     | ^^^^^^^^^^^^^^^^^^^^^^^^^^^^^^^^^^^^^^^
>  9 |   buildMobileBgResultsBookmarklet,
     | ^^^^^^^^^^^^^^^^^^^^^^^^^^^^^^^^^^^^^^^
> 10 |   mergeMobileBgBrowserResults,
     | ^^^^^^^^^^^^^^^^^^^^^^^^^^^^^^^^^^^^^^^
> 11 |   MOBILE_BG_BROWSER_RESULTS_MESSAGE,
     | ^^^^^^^^^^^^^^^^^^^^^^^^^^^^^^^^^^^^^^^
> 12 |   persistMobileBgBrowserResults,
     | ^^^^^^^^^^^^^^^^^^^^^^^^^^^^^^^^^^^^^^^
> 13 |   readMobileBgBrowserResults,
     | ^^^^^^^^^^^^^^^^^^^^^^^^^^^^^^^^^^^^^^^
> 14 |   type MobileBgBrowserResultsMessage,
     | ^^^^^^^^^^^^^^^^^^^^^^^^^^^^^^^^^^^^^^^
> 15 | } from "@/components/saved-searches/mobile-bg-results-bookmarklet";
     | ^^^^^^^^^^^^^^^^^^^^^^^^^^^^^^^^^^^^^^^^^^^^^^^^^^^^^^^^^^^^^^^^^^^^
  16 | import type { SearchField } from "@/lib/mobile-bg/search-form-shared";
  17 |
  18 | interface UseMobileBgBrowserResultsParams {

The export buildMobileBgBrowserSearchWindowName was not found in module [project]/components/saved-searches/mobile-bg-results-bookmarklet.ts [app-ssr] (ecmascript).
Did you mean to import buildMobileBgResultsBookmarklet?
All exports of the module are statically known (It doesn't have dynamic exports). So it's known statically that the requested export doesn't exist.

Import traces:
  Client Component Browser:
    ./components/saved-searches/useMobileBgBrowserResults.ts [Client Component Browser]
    ./components/SavedSearchesWorkspace.tsx [Client Component Browser]
    ./components/SavedSearchesWorkspace.tsx [Server Component]
    ./app/(app)/editown/saved-searches/page.tsx [Server Component]

  Client Component SSR:
    ./components/saved-searches/useMobileBgBrowserResults.ts [Client Component SSR]
    ./components/SavedSearchesWorkspace.tsx [Client Component SSR]
    ./components/SavedSearchesWorkspace.tsx [Server Component]
    ./app/(app)/editown/saved-searches/page.tsx [Server Component] @ http://localhost:3000/_next/static/chunks/node_modules_next_dist_f3530cac._.js:3127
[38735663ms] [ERROR] ./components/saved-searches/useMobileBgBrowserResults.ts:7:1
Export mergeMobileBgBrowserResults doesn't exist in target module
   5 | import type { MobileBgSearchResultsResponse } from "@/components/saved-searches/api";
   6 | import { submitMobileBgSearch } from "@/components/saved-searches/helpers";
>  7 | import {
     | ^^^^^^^^
>  8 |   buildMobileBgBrowserSearchWindowName,
     | ^^^^^^^^^^^^^^^^^^^^^^^^^^^^^^^^^^^^^^^
>  9 |   buildMobileBgResultsBookmarklet,
     | ^^^^^^^^^^^^^^^^^^^^^^^^^^^^^^^^^^^^^^^
> 10 |   mergeMobileBgBrowserResults,
     | ^^^^^^^^^^^^^^^^^^^^^^^^^^^^^^^^^^^^^^^
> 11 |   MOBILE_BG_BROWSER_RESULTS_MESSAGE,
     | ^^^^^^^^^^^^^^^^^^^^^^^^^^^^^^^^^^^^^^^
> 12 |   persistMobileBgBrowserResults,
     | ^^^^^^^^^^^^^^^^^^^^^^^^^^^^^^^^^^^^^^^
> 13 |   readMobileBgBrowserResults,
     | ^^^^^^^^^^^^^^^^^^^^^^^^^^^^^^^^^^^^^^^
> 14 |   type MobileBgBrowserResultsMessage,
     | ^^^^^^^^^^^^^^^^^^^^^^^^^^^^^^^^^^^^^^^
> 15 | } from "@/components/saved-searches/mobile-bg-results-bookmarklet";
     | ^^^^^^^^^^^^^^^^^^^^^^^^^^^^^^^^^^^^^^^^^^^^^^^^^^^^^^^^^^^^^^^^^^^^
  16 | import type { SearchField } from "@/lib/mobile-bg/search-form-shared";
  17 |
  18 | interface UseMobileBgBrowserResultsParams {

The export mergeMobileBgBrowserResults was not found in module [project]/components/saved-searches/mobile-bg-results-bookmarklet.ts [app-client] (ecmascript).
Did you mean to import buildMobileBgResultsBookmarklet?
All exports of the module are statically known (It doesn't have dynamic exports). So it's known statically that the requested export doesn't exist.

Import traces:
  Client Component Browser:
    ./components/saved-searches/useMobileBgBrowserResults.ts [Client Component Browser]
    ./components/SavedSearchesWorkspace.tsx [Client Component Browser]
    ./components/SavedSearchesWorkspace.tsx [Server Component]
    ./app/(app)/editown/saved-searches/page.tsx [Server Component]

  Client Component SSR:
    ./components/saved-searches/useMobileBgBrowserResults.ts [Client Component SSR]
    ./components/SavedSearchesWorkspace.tsx [Client Component SSR]
    ./components/SavedSearchesWorkspace.tsx [Server Component]
    ./app/(app)/editown/saved-searches/page.tsx [Server Component] @ http://localhost:3000/_next/static/chunks/node_modules_next_dist_f3530cac._.js:3127
[38735663ms] [ERROR] ./components/saved-searches/useMobileBgBrowserResults.ts:7:1
Export mergeMobileBgBrowserResults doesn't exist in target module
   5 | import type { MobileBgSearchResultsResponse } from "@/components/saved-searches/api";
   6 | import { submitMobileBgSearch } from "@/components/saved-searches/helpers";
>  7 | import {
     | ^^^^^^^^
>  8 |   buildMobileBgBrowserSearchWindowName,
     | ^^^^^^^^^^^^^^^^^^^^^^^^^^^^^^^^^^^^^^^
>  9 |   buildMobileBgResultsBookmarklet,
     | ^^^^^^^^^^^^^^^^^^^^^^^^^^^^^^^^^^^^^^^
> 10 |   mergeMobileBgBrowserResults,
     | ^^^^^^^^^^^^^^^^^^^^^^^^^^^^^^^^^^^^^^^
> 11 |   MOBILE_BG_BROWSER_RESULTS_MESSAGE,
     | ^^^^^^^^^^^^^^^^^^^^^^^^^^^^^^^^^^^^^^^
> 12 |   persistMobileBgBrowserResults,
     | ^^^^^^^^^^^^^^^^^^^^^^^^^^^^^^^^^^^^^^^
> 13 |   readMobileBgBrowserResults,
     | ^^^^^^^^^^^^^^^^^^^^^^^^^^^^^^^^^^^^^^^
> 14 |   type MobileBgBrowserResultsMessage,
     | ^^^^^^^^^^^^^^^^^^^^^^^^^^^^^^^^^^^^^^^
> 15 | } from "@/components/saved-searches/mobile-bg-results-bookmarklet";
     | ^^^^^^^^^^^^^^^^^^^^^^^^^^^^^^^^^^^^^^^^^^^^^^^^^^^^^^^^^^^^^^^^^^^^
  16 | import type { SearchField } from "@/lib/mobile-bg/search-form-shared";
  17 |
  18 | interface UseMobileBgBrowserResultsParams {

The export mergeMobileBgBrowserResults was not found in module [project]/components/saved-searches/mobile-bg-results-bookmarklet.ts [app-ssr] (ecmascript).
Did you mean to import buildMobileBgResultsBookmarklet?
All exports of the module are statically known (It doesn't have dynamic exports). So it's known statically that the requested export doesn't exist.

Import traces:
  Client Component Browser:
    ./components/saved-searches/useMobileBgBrowserResults.ts [Client Component Browser]
    ./components/SavedSearchesWorkspace.tsx [Client Component Browser]
    ./components/SavedSearchesWorkspace.tsx [Server Component]
    ./app/(app)/editown/saved-searches/page.tsx [Server Component]

  Client Component SSR:
    ./components/saved-searches/useMobileBgBrowserResults.ts [Client Component SSR]
    ./components/SavedSearchesWorkspace.tsx [Client Component SSR]
    ./components/SavedSearchesWorkspace.tsx [Server Component]
    ./app/(app)/editown/saved-searches/page.tsx [Server Component] @ http://localhost:3000/_next/static/chunks/node_modules_next_dist_f3530cac._.js:3127
[38735663ms] [ERROR] ./components/saved-searches/useMobileBgBrowserResults.ts:7:1
Export persistMobileBgBrowserResults doesn't exist in target module
   5 | import type { MobileBgSearchResultsResponse } from "@/components/saved-searches/api";
   6 | import { submitMobileBgSearch } from "@/components/saved-searches/helpers";
>  7 | import {
     | ^^^^^^^^
>  8 |   buildMobileBgBrowserSearchWindowName,
     | ^^^^^^^^^^^^^^^^^^^^^^^^^^^^^^^^^^^^^^^
>  9 |   buildMobileBgResultsBookmarklet,
     | ^^^^^^^^^^^^^^^^^^^^^^^^^^^^^^^^^^^^^^^
> 10 |   mergeMobileBgBrowserResults,
     | ^^^^^^^^^^^^^^^^^^^^^^^^^^^^^^^^^^^^^^^
> 11 |   MOBILE_BG_BROWSER_RESULTS_MESSAGE,
     | ^^^^^^^^^^^^^^^^^^^^^^^^^^^^^^^^^^^^^^^
> 12 |   persistMobileBgBrowserResults,
     | ^^^^^^^^^^^^^^^^^^^^^^^^^^^^^^^^^^^^^^^
> 13 |   readMobileBgBrowserResults,
     | ^^^^^^^^^^^^^^^^^^^^^^^^^^^^^^^^^^^^^^^
> 14 |   type MobileBgBrowserResultsMessage,
     | ^^^^^^^^^^^^^^^^^^^^^^^^^^^^^^^^^^^^^^^
> 15 | } from "@/components/saved-searches/mobile-bg-results-bookmarklet";
     | ^^^^^^^^^^^^^^^^^^^^^^^^^^^^^^^^^^^^^^^^^^^^^^^^^^^^^^^^^^^^^^^^^^^^
  16 | import type { SearchField } from "@/lib/mobile-bg/search-form-shared";
  17 |
  18 | interface UseMobileBgBrowserResultsParams {

The export persistMobileBgBrowserResults was not found in module [project]/components/saved-searches/mobile-bg-results-bookmarklet.ts [app-client] (ecmascript).
Did you mean to import buildMobileBgResultsBookmarklet?
All exports of the module are statically known (It doesn't have dynamic exports). So it's known statically that the requested export doesn't exist.

Import traces:
  Client Component Browser:
    ./components/saved-searches/useMobileBgBrowserResults.ts [Client Component Browser]
    ./components/SavedSearchesWorkspace.tsx [Client Component Browser]
    ./components/SavedSearchesWorkspace.tsx [Server Component]
    ./app/(app)/editown/saved-searches/page.tsx [Server Component]

  Client Component SSR:
    ./components/saved-searches/useMobileBgBrowserResults.ts [Client Component SSR]
    ./components/SavedSearchesWorkspace.tsx [Client Component SSR]
    ./components/SavedSearchesWorkspace.tsx [Server Component]
    ./app/(app)/editown/saved-searches/page.tsx [Server Component] @ http://localhost:3000/_next/static/chunks/node_modules_next_dist_f3530cac._.js:3127
[38735664ms] [ERROR] ./components/saved-searches/useMobileBgBrowserResults.ts:7:1
Export persistMobileBgBrowserResults doesn't exist in target module
   5 | import type { MobileBgSearchResultsResponse } from "@/components/saved-searches/api";
   6 | import { submitMobileBgSearch } from "@/components/saved-searches/helpers";
>  7 | import {
     | ^^^^^^^^
>  8 |   buildMobileBgBrowserSearchWindowName,
     | ^^^^^^^^^^^^^^^^^^^^^^^^^^^^^^^^^^^^^^^
>  9 |   buildMobileBgResultsBookmarklet,
     | ^^^^^^^^^^^^^^^^^^^^^^^^^^^^^^^^^^^^^^^
> 10 |   mergeMobileBgBrowserResults,
     | ^^^^^^^^^^^^^^^^^^^^^^^^^^^^^^^^^^^^^^^
> 11 |   MOBILE_BG_BROWSER_RESULTS_MESSAGE,
     | ^^^^^^^^^^^^^^^^^^^^^^^^^^^^^^^^^^^^^^^
> 12 |   persistMobileBgBrowserResults,
     | ^^^^^^^^^^^^^^^^^^^^^^^^^^^^^^^^^^^^^^^
> 13 |   readMobileBgBrowserResults,
     | ^^^^^^^^^^^^^^^^^^^^^^^^^^^^^^^^^^^^^^^
> 14 |   type MobileBgBrowserResultsMessage,
     | ^^^^^^^^^^^^^^^^^^^^^^^^^^^^^^^^^^^^^^^
> 15 | } from "@/components/saved-searches/mobile-bg-results-bookmarklet";
     | ^^^^^^^^^^^^^^^^^^^^^^^^^^^^^^^^^^^^^^^^^^^^^^^^^^^^^^^^^^^^^^^^^^^^
  16 | import type { SearchField } from "@/lib/mobile-bg/search-form-shared";
  17 |
  18 | interface UseMobileBgBrowserResultsParams {

The export persistMobileBgBrowserResults was not found in module [project]/components/saved-searches/mobile-bg-results-bookmarklet.ts [app-ssr] (ecmascript).
Did you mean to import buildMobileBgResultsBookmarklet?
All exports of the module are statically known (It doesn't have dynamic exports). So it's known statically that the requested export doesn't exist.

Import traces:
  Client Component Browser:
    ./components/saved-searches/useMobileBgBrowserResults.ts [Client Component Browser]
    ./components/SavedSearchesWorkspace.tsx [Client Component Browser]
    ./components/SavedSearchesWorkspace.tsx [Server Component]
    ./app/(app)/editown/saved-searches/page.tsx [Server Component]

  Client Component SSR:
    ./components/saved-searches/useMobileBgBrowserResults.ts [Client Component SSR]
    ./components/SavedSearchesWorkspace.tsx [Client Component SSR]
    ./components/SavedSearchesWorkspace.tsx [Server Component]
    ./app/(app)/editown/saved-searches/page.tsx [Server Component] @ http://localhost:3000/_next/static/chunks/node_modules_next_dist_f3530cac._.js:3127
[38735664ms] [ERROR] ./components/saved-searches/useSavedSearchResults.ts:9:1
Export persistMobileBgBrowserResults doesn't exist in target module
   7 |   type SavedSearchDetailResponse,
   8 | } from "@/components/saved-searches/api";
>  9 | import {
     | ^^^^^^^^
> 10 |   persistMobileBgBrowserResults,
     | ^^^^^^^^^^^^^^^^^^^^^^^^^^^^^^^^
> 11 | } from "@/components/saved-searches/mobile-bg-results-bookmarklet";
     | ^^^^^^^^^^^^^^^^^^^^^^^^^^^^^^^^^^^^^^^^^^^^^^^^^^^^^^^^^^^^^^^^^^^^
  12 | import type { SearchField } from "@/lib/mobile-bg/search-form-shared";
  13 | import type { SearchPrefillData } from "@/lib/mobile-bg/search-prefill";
  14 |

The export persistMobileBgBrowserResults was not found in module [project]/components/saved-searches/mobile-bg-results-bookmarklet.ts [app-client] (ecmascript).
Did you mean to import buildMobileBgResultsBookmarklet?
All exports of the module are statically known (It doesn't have dynamic exports). So it's known statically that the requested export doesn't exist.

Import traces:
  Client Component Browser:
    ./components/saved-searches/useSavedSearchResults.ts [Client Component Browser]
    ./components/SavedSearchesWorkspace.tsx [Client Component Browser]
    ./components/SavedSearchesWorkspace.tsx [Server Component]
    ./app/(app)/editown/saved-searches/page.tsx [Server Component]

  Client Component SSR:
    ./components/saved-searches/useSavedSearchResults.ts [Client Component SSR]
    ./components/SavedSearchesWorkspace.tsx [Client Component SSR]
    ./components/SavedSearchesWorkspace.tsx [Server Component]
    ./app/(app)/editown/saved-searches/page.tsx [Server Component] @ http://localhost:3000/_next/static/chunks/node_modules_next_dist_f3530cac._.js:3127
[38735664ms] [ERROR] ./components/saved-searches/useSavedSearchResults.ts:9:1
Export persistMobileBgBrowserResults doesn't exist in target module
   7 |   type SavedSearchDetailResponse,
   8 | } from "@/components/saved-searches/api";
>  9 | import {
     | ^^^^^^^^
> 10 |   persistMobileBgBrowserResults,
     | ^^^^^^^^^^^^^^^^^^^^^^^^^^^^^^^^
> 11 | } from "@/components/saved-searches/mobile-bg-results-bookmarklet";
     | ^^^^^^^^^^^^^^^^^^^^^^^^^^^^^^^^^^^^^^^^^^^^^^^^^^^^^^^^^^^^^^^^^^^^
  12 | import type { SearchField } from "@/lib/mobile-bg/search-form-shared";
  13 | import type { SearchPrefillData } from "@/lib/mobile-bg/search-prefill";
  14 |

The export persistMobileBgBrowserResults was not found in module [project]/components/saved-searches/mobile-bg-results-bookmarklet.ts [app-ssr] (ecmascript).
Did you mean to import buildMobileBgResultsBookmarklet?
All exports of the module are statically known (It doesn't have dynamic exports). So it's known statically that the requested export doesn't exist.

Import traces:
  Client Component Browser:
    ./components/saved-searches/useSavedSearchResults.ts [Client Component Browser]
    ./components/SavedSearchesWorkspace.tsx [Client Component Browser]
    ./components/SavedSearchesWorkspace.tsx [Server Component]
    ./app/(app)/editown/saved-searches/page.tsx [Server Component]

  Client Component SSR:
    ./components/saved-searches/useSavedSearchResults.ts [Client Component SSR]
    ./components/SavedSearchesWorkspace.tsx [Client Component SSR]
    ./components/SavedSearchesWorkspace.tsx [Server Component]
    ./app/(app)/editown/saved-searches/page.tsx [Server Component] @ http://localhost:3000/_next/static/chunks/node_modules_next_dist_f3530cac._.js:3127
[38735664ms] [ERROR] ./components/saved-searches/useMobileBgBrowserResults.ts:7:1
Export readMobileBgBrowserResults doesn't exist in target module
   5 | import type { MobileBgSearchResultsResponse } from "@/components/saved-searches/api";
   6 | import { submitMobileBgSearch } from "@/components/saved-searches/helpers";
>  7 | import {
     | ^^^^^^^^
>  8 |   buildMobileBgBrowserSearchWindowName,
     | ^^^^^^^^^^^^^^^^^^^^^^^^^^^^^^^^^^^^^^^
>  9 |   buildMobileBgResultsBookmarklet,
     | ^^^^^^^^^^^^^^^^^^^^^^^^^^^^^^^^^^^^^^^
> 10 |   mergeMobileBgBrowserResults,
     | ^^^^^^^^^^^^^^^^^^^^^^^^^^^^^^^^^^^^^^^
> 11 |   MOBILE_BG_BROWSER_RESULTS_MESSAGE,
     | ^^^^^^^^^^^^^^^^^^^^^^^^^^^^^^^^^^^^^^^
> 12 |   persistMobileBgBrowserResults,
     | ^^^^^^^^^^^^^^^^^^^^^^^^^^^^^^^^^^^^^^^
> 13 |   readMobileBgBrowserResults,
     | ^^^^^^^^^^^^^^^^^^^^^^^^^^^^^^^^^^^^^^^
> 14 |   type MobileBgBrowserResultsMessage,
     | ^^^^^^^^^^^^^^^^^^^^^^^^^^^^^^^^^^^^^^^
> 15 | } from "@/components/saved-searches/mobile-bg-results-bookmarklet";
     | ^^^^^^^^^^^^^^^^^^^^^^^^^^^^^^^^^^^^^^^^^^^^^^^^^^^^^^^^^^^^^^^^^^^^
  16 | import type { SearchField } from "@/lib/mobile-bg/search-form-shared";
  17 |
  18 | interface UseMobileBgBrowserResultsParams {

The export readMobileBgBrowserResults was not found in module [project]/components/saved-searches/mobile-bg-results-bookmarklet.ts [app-client] (ecmascript).
Did you mean to import buildMobileBgResultsBookmarklet?
All exports of the module are statically known (It doesn't have dynamic exports). So it's known statically that the requested export doesn't exist.

Import traces:
  Client Component Browser:
    ./components/saved-searches/useMobileBgBrowserResults.ts [Client Component Browser]
    ./components/SavedSearchesWorkspace.tsx [Client Component Browser]
    ./components/SavedSearchesWorkspace.tsx [Server Component]
    ./app/(app)/editown/saved-searches/page.tsx [Server Component]

  Client Component SSR:
    ./components/saved-searches/useMobileBgBrowserResults.ts [Client Component SSR]
    ./components/SavedSearchesWorkspace.tsx [Client Component SSR]
    ./components/SavedSearchesWorkspace.tsx [Server Component]
    ./app/(app)/editown/saved-searches/page.tsx [Server Component] @ http://localhost:3000/_next/static/chunks/node_modules_next_dist_f3530cac._.js:3127
[38735664ms] [ERROR] ./components/saved-searches/useMobileBgBrowserResults.ts:7:1
Export readMobileBgBrowserResults doesn't exist in target module
   5 | import type { MobileBgSearchResultsResponse } from "@/components/saved-searches/api";
   6 | import { submitMobileBgSearch } from "@/components/saved-searches/helpers";
>  7 | import {
     | ^^^^^^^^
>  8 |   buildMobileBgBrowserSearchWindowName,
     | ^^^^^^^^^^^^^^^^^^^^^^^^^^^^^^^^^^^^^^^
>  9 |   buildMobileBgResultsBookmarklet,
     | ^^^^^^^^^^^^^^^^^^^^^^^^^^^^^^^^^^^^^^^
> 10 |   mergeMobileBgBrowserResults,
     | ^^^^^^^^^^^^^^^^^^^^^^^^^^^^^^^^^^^^^^^
> 11 |   MOBILE_BG_BROWSER_RESULTS_MESSAGE,
     | ^^^^^^^^^^^^^^^^^^^^^^^^^^^^^^^^^^^^^^^
> 12 |   persistMobileBgBrowserResults,
     | ^^^^^^^^^^^^^^^^^^^^^^^^^^^^^^^^^^^^^^^
> 13 |   readMobileBgBrowserResults,
     | ^^^^^^^^^^^^^^^^^^^^^^^^^^^^^^^^^^^^^^^
> 14 |   type MobileBgBrowserResultsMessage,
     | ^^^^^^^^^^^^^^^^^^^^^^^^^^^^^^^^^^^^^^^
> 15 | } from "@/components/saved-searches/mobile-bg-results-bookmarklet";
     | ^^^^^^^^^^^^^^^^^^^^^^^^^^^^^^^^^^^^^^^^^^^^^^^^^^^^^^^^^^^^^^^^^^^^
  16 | import type { SearchField } from "@/lib/mobile-bg/search-form-shared";
  17 |
  18 | interface UseMobileBgBrowserResultsParams {

The export readMobileBgBrowserResults was not found in module [project]/components/saved-searches/mobile-bg-results-bookmarklet.ts [app-ssr] (ecmascript).
Did you mean to import buildMobileBgResultsBookmarklet?
All exports of the module are statically known (It doesn't have dynamic exports). So it's known statically that the requested export doesn't exist.

Import traces:
  Client Component Browser:
    ./components/saved-searches/useMobileBgBrowserResults.ts [Client Component Browser]
    ./components/SavedSearchesWorkspace.tsx [Client Component Browser]
    ./components/SavedSearchesWorkspace.tsx [Server Component]
    ./app/(app)/editown/saved-searches/page.tsx [Server Component]

  Client Component SSR:
    ./components/saved-searches/useMobileBgBrowserResults.ts [Client Component SSR]
    ./components/SavedSearchesWorkspace.tsx [Client Component SSR]
    ./components/SavedSearchesWorkspace.tsx [Server Component]
    ./app/(app)/editown/saved-searches/page.tsx [Server Component] @ http://localhost:3000/_next/static/chunks/node_modules_next_dist_f3530cac._.js:3127
[38735675ms] [LOG] [Fast Refresh] rebuilding @ http://localhost:3000/_next/static/chunks/node_modules_next_dist_f3530cac._.js:2297
[38736033ms] [ERROR] ./components/saved-searches/useMobileBgBrowserResults.ts:7:1
Export buildMobileBgBrowserSearchWindowName doesn't exist in target module
   5 | import type { MobileBgSearchResultsResponse } from "@/components/saved-searches/api";
   6 | import { submitMobileBgSearch } from "@/components/saved-searches/helpers";
>  7 | import {
     | ^^^^^^^^
>  8 |   buildMobileBgBrowserSearchWindowName,
     | ^^^^^^^^^^^^^^^^^^^^^^^^^^^^^^^^^^^^^^^
>  9 |   buildMobileBgResultsBookmarklet,
     | ^^^^^^^^^^^^^^^^^^^^^^^^^^^^^^^^^^^^^^^
> 10 |   mergeMobileBgBrowserResults,
     | ^^^^^^^^^^^^^^^^^^^^^^^^^^^^^^^^^^^^^^^
> 11 |   MOBILE_BG_BROWSER_RESULTS_MESSAGE,
     | ^^^^^^^^^^^^^^^^^^^^^^^^^^^^^^^^^^^^^^^
> 12 |   persistMobileBgBrowserResults,
     | ^^^^^^^^^^^^^^^^^^^^^^^^^^^^^^^^^^^^^^^
> 13 |   readMobileBgBrowserResults,
     | ^^^^^^^^^^^^^^^^^^^^^^^^^^^^^^^^^^^^^^^
> 14 |   type MobileBgBrowserResultsMessage,
     | ^^^^^^^^^^^^^^^^^^^^^^^^^^^^^^^^^^^^^^^
> 15 | } from "@/components/saved-searches/mobile-bg-results-bookmarklet";
     | ^^^^^^^^^^^^^^^^^^^^^^^^^^^^^^^^^^^^^^^^^^^^^^^^^^^^^^^^^^^^^^^^^^^^
  16 | import type { SearchField } from "@/lib/mobile-bg/search-form-shared";
  17 |
  18 | interface UseMobileBgBrowserResultsParams {

The export buildMobileBgBrowserSearchWindowName was not found in module [project]/components/saved-searches/mobile-bg-results-bookmarklet.ts [app-client] (ecmascript).
Did you mean to import buildMobileBgResultsBookmarklet?
All exports of the module are statically known (It doesn't have dynamic exports). So it's known statically that the requested export doesn't exist.

Import traces:
  Client Component Browser:
    ./components/saved-searches/useMobileBgBrowserResults.ts [Client Component Browser]
    ./components/SavedSearchesWorkspace.tsx [Client Component Browser]
    ./components/SavedSearchesWorkspace.tsx [Server Component]
    ./app/(app)/editown/saved-searches/page.tsx [Server Component]

  Client Component SSR:
    ./components/saved-searches/useMobileBgBrowserResults.ts [Client Component SSR]
    ./components/SavedSearchesWorkspace.tsx [Client Component SSR]
    ./components/SavedSearchesWorkspace.tsx [Server Component]
    ./app/(app)/editown/saved-searches/page.tsx [Server Component] @ http://localhost:3000/_next/static/chunks/node_modules_next_dist_f3530cac._.js:3127
[38736034ms] [ERROR] ./components/saved-searches/useMobileBgBrowserResults.ts:7:1
Export buildMobileBgBrowserSearchWindowName doesn't exist in target module
   5 | import type { MobileBgSearchResultsResponse } from "@/components/saved-searches/api";
   6 | import { submitMobileBgSearch } from "@/components/saved-searches/helpers";
>  7 | import {
     | ^^^^^^^^
>  8 |   buildMobileBgBrowserSearchWindowName,
     | ^^^^^^^^^^^^^^^^^^^^^^^^^^^^^^^^^^^^^^^
>  9 |   buildMobileBgResultsBookmarklet,
     | ^^^^^^^^^^^^^^^^^^^^^^^^^^^^^^^^^^^^^^^
> 10 |   mergeMobileBgBrowserResults,
     | ^^^^^^^^^^^^^^^^^^^^^^^^^^^^^^^^^^^^^^^
> 11 |   MOBILE_BG_BROWSER_RESULTS_MESSAGE,
     | ^^^^^^^^^^^^^^^^^^^^^^^^^^^^^^^^^^^^^^^
> 12 |   persistMobileBgBrowserResults,
     | ^^^^^^^^^^^^^^^^^^^^^^^^^^^^^^^^^^^^^^^
> 13 |   readMobileBgBrowserResults,
     | ^^^^^^^^^^^^^^^^^^^^^^^^^^^^^^^^^^^^^^^
> 14 |   type MobileBgBrowserResultsMessage,
     | ^^^^^^^^^^^^^^^^^^^^^^^^^^^^^^^^^^^^^^^
> 15 | } from "@/components/saved-searches/mobile-bg-results-bookmarklet";
     | ^^^^^^^^^^^^^^^^^^^^^^^^^^^^^^^^^^^^^^^^^^^^^^^^^^^^^^^^^^^^^^^^^^^^
  16 | import type { SearchField } from "@/lib/mobile-bg/search-form-shared";
  17 |
  18 | interface UseMobileBgBrowserResultsParams {

The export buildMobileBgBrowserSearchWindowName was not found in module [project]/components/saved-searches/mobile-bg-results-bookmarklet.ts [app-ssr] (ecmascript).
Did you mean to import buildMobileBgResultsBookmarklet?
All exports of the module are statically known (It doesn't have dynamic exports). So it's known statically that the requested export doesn't exist.

Import traces:
  Client Component Browser:
    ./components/saved-searches/useMobileBgBrowserResults.ts [Client Component Browser]
    ./components/SavedSearchesWorkspace.tsx [Client Component Browser]
    ./components/SavedSearchesWorkspace.tsx [Server Component]
    ./app/(app)/editown/saved-searches/page.tsx [Server Component]

  Client Component SSR:
    ./components/saved-searches/useMobileBgBrowserResults.ts [Client Component SSR]
    ./components/SavedSearchesWorkspace.tsx [Client Component SSR]
    ./components/SavedSearchesWorkspace.tsx [Server Component]
    ./app/(app)/editown/saved-searches/page.tsx [Server Component] @ http://localhost:3000/_next/static/chunks/node_modules_next_dist_f3530cac._.js:3127
[38736034ms] [ERROR] ./components/saved-searches/useMobileBgBrowserResults.ts:7:1
Export mergeMobileBgBrowserResults doesn't exist in target module
   5 | import type { MobileBgSearchResultsResponse } from "@/components/saved-searches/api";
   6 | import { submitMobileBgSearch } from "@/components/saved-searches/helpers";
>  7 | import {
     | ^^^^^^^^
>  8 |   buildMobileBgBrowserSearchWindowName,
     | ^^^^^^^^^^^^^^^^^^^^^^^^^^^^^^^^^^^^^^^
>  9 |   buildMobileBgResultsBookmarklet,
     | ^^^^^^^^^^^^^^^^^^^^^^^^^^^^^^^^^^^^^^^
> 10 |   mergeMobileBgBrowserResults,
     | ^^^^^^^^^^^^^^^^^^^^^^^^^^^^^^^^^^^^^^^
> 11 |   MOBILE_BG_BROWSER_RESULTS_MESSAGE,
     | ^^^^^^^^^^^^^^^^^^^^^^^^^^^^^^^^^^^^^^^
> 12 |   persistMobileBgBrowserResults,
     | ^^^^^^^^^^^^^^^^^^^^^^^^^^^^^^^^^^^^^^^
> 13 |   readMobileBgBrowserResults,
     | ^^^^^^^^^^^^^^^^^^^^^^^^^^^^^^^^^^^^^^^
> 14 |   type MobileBgBrowserResultsMessage,
     | ^^^^^^^^^^^^^^^^^^^^^^^^^^^^^^^^^^^^^^^
> 15 | } from "@/components/saved-searches/mobile-bg-results-bookmarklet";
     | ^^^^^^^^^^^^^^^^^^^^^^^^^^^^^^^^^^^^^^^^^^^^^^^^^^^^^^^^^^^^^^^^^^^^
  16 | import type { SearchField } from "@/lib/mobile-bg/search-form-shared";
  17 |
  18 | interface UseMobileBgBrowserResultsParams {

The export mergeMobileBgBrowserResults was not found in module [project]/components/saved-searches/mobile-bg-results-bookmarklet.ts [app-client] (ecmascript).
Did you mean to import buildMobileBgResultsBookmarklet?
All exports of the module are statically known (It doesn't have dynamic exports). So it's known statically that the requested export doesn't exist.

Import traces:
  Client Component Browser:
    ./components/saved-searches/useMobileBgBrowserResults.ts [Client Component Browser]
    ./components/SavedSearchesWorkspace.tsx [Client Component Browser]
    ./components/SavedSearchesWorkspace.tsx [Server Component]
    ./app/(app)/editown/saved-searches/page.tsx [Server Component]

  Client Component SSR:
    ./components/saved-searches/useMobileBgBrowserResults.ts [Client Component SSR]
    ./components/SavedSearchesWorkspace.tsx [Client Component SSR]
    ./components/SavedSearchesWorkspace.tsx [Server Component]
    ./app/(app)/editown/saved-searches/page.tsx [Server Component] @ http://localhost:3000/_next/static/chunks/node_modules_next_dist_f3530cac._.js:3127
[38736034ms] [ERROR] ./components/saved-searches/useMobileBgBrowserResults.ts:7:1
Export mergeMobileBgBrowserResults doesn't exist in target module
   5 | import type { MobileBgSearchResultsResponse } from "@/components/saved-searches/api";
   6 | import { submitMobileBgSearch } from "@/components/saved-searches/helpers";
>  7 | import {
     | ^^^^^^^^
>  8 |   buildMobileBgBrowserSearchWindowName,
     | ^^^^^^^^^^^^^^^^^^^^^^^^^^^^^^^^^^^^^^^
>  9 |   buildMobileBgResultsBookmarklet,
     | ^^^^^^^^^^^^^^^^^^^^^^^^^^^^^^^^^^^^^^^
> 10 |   mergeMobileBgBrowserResults,
     | ^^^^^^^^^^^^^^^^^^^^^^^^^^^^^^^^^^^^^^^
> 11 |   MOBILE_BG_BROWSER_RESULTS_MESSAGE,
     | ^^^^^^^^^^^^^^^^^^^^^^^^^^^^^^^^^^^^^^^
> 12 |   persistMobileBgBrowserResults,
     | ^^^^^^^^^^^^^^^^^^^^^^^^^^^^^^^^^^^^^^^
> 13 |   readMobileBgBrowserResults,
     | ^^^^^^^^^^^^^^^^^^^^^^^^^^^^^^^^^^^^^^^
> 14 |   type MobileBgBrowserResultsMessage,
     | ^^^^^^^^^^^^^^^^^^^^^^^^^^^^^^^^^^^^^^^
> 15 | } from "@/components/saved-searches/mobile-bg-results-bookmarklet";
     | ^^^^^^^^^^^^^^^^^^^^^^^^^^^^^^^^^^^^^^^^^^^^^^^^^^^^^^^^^^^^^^^^^^^^
  16 | import type { SearchField } from "@/lib/mobile-bg/search-form-shared";
  17 |
  18 | interface UseMobileBgBrowserResultsParams {

The export mergeMobileBgBrowserResults was not found in module [project]/components/saved-searches/mobile-bg-results-bookmarklet.ts [app-ssr] (ecmascript).
Did you mean to import buildMobileBgResultsBookmarklet?
All exports of the module are statically known (It doesn't have dynamic exports). So it's known statically that the requested export doesn't exist.

Import traces:
  Client Component Browser:
    ./components/saved-searches/useMobileBgBrowserResults.ts [Client Component Browser]
    ./components/SavedSearchesWorkspace.tsx [Client Component Browser]
    ./components/SavedSearchesWorkspace.tsx [Server Component]
    ./app/(app)/editown/saved-searches/page.tsx [Server Component]

  Client Component SSR:
    ./components/saved-searches/useMobileBgBrowserResults.ts [Client Component SSR]
    ./components/SavedSearchesWorkspace.tsx [Client Component SSR]
    ./components/SavedSearchesWorkspace.tsx [Server Component]
    ./app/(app)/editown/saved-searches/page.tsx [Server Component] @ http://localhost:3000/_next/static/chunks/node_modules_next_dist_f3530cac._.js:3127
[38736035ms] [ERROR] ./components/saved-searches/useMobileBgBrowserResults.ts:7:1
Export persistMobileBgBrowserResults doesn't exist in target module
   5 | import type { MobileBgSearchResultsResponse } from "@/components/saved-searches/api";
   6 | import { submitMobileBgSearch } from "@/components/saved-searches/helpers";
>  7 | import {
     | ^^^^^^^^
>  8 |   buildMobileBgBrowserSearchWindowName,
     | ^^^^^^^^^^^^^^^^^^^^^^^^^^^^^^^^^^^^^^^
>  9 |   buildMobileBgResultsBookmarklet,
     | ^^^^^^^^^^^^^^^^^^^^^^^^^^^^^^^^^^^^^^^
> 10 |   mergeMobileBgBrowserResults,
     | ^^^^^^^^^^^^^^^^^^^^^^^^^^^^^^^^^^^^^^^
> 11 |   MOBILE_BG_BROWSER_RESULTS_MESSAGE,
     | ^^^^^^^^^^^^^^^^^^^^^^^^^^^^^^^^^^^^^^^
> 12 |   persistMobileBgBrowserResults,
     | ^^^^^^^^^^^^^^^^^^^^^^^^^^^^^^^^^^^^^^^
> 13 |   readMobileBgBrowserResults,
     | ^^^^^^^^^^^^^^^^^^^^^^^^^^^^^^^^^^^^^^^
> 14 |   type MobileBgBrowserResultsMessage,
     | ^^^^^^^^^^^^^^^^^^^^^^^^^^^^^^^^^^^^^^^
> 15 | } from "@/components/saved-searches/mobile-bg-results-bookmarklet";
     | ^^^^^^^^^^^^^^^^^^^^^^^^^^^^^^^^^^^^^^^^^^^^^^^^^^^^^^^^^^^^^^^^^^^^
  16 | import type { SearchField } from "@/lib/mobile-bg/search-form-shared";
  17 |
  18 | interface UseMobileBgBrowserResultsParams {

The export persistMobileBgBrowserResults was not found in module [project]/components/saved-searches/mobile-bg-results-bookmarklet.ts [app-client] (ecmascript).
Did you mean to import buildMobileBgResultsBookmarklet?
All exports of the module are statically known (It doesn't have dynamic exports). So it's known statically that the requested export doesn't exist.

Import traces:
  Client Component Browser:
    ./components/saved-searches/useMobileBgBrowserResults.ts [Client Component Browser]
    ./components/SavedSearchesWorkspace.tsx [Client Component Browser]
    ./components/SavedSearchesWorkspace.tsx [Server Component]
    ./app/(app)/editown/saved-searches/page.tsx [Server Component]

  Client Component SSR:
    ./components/saved-searches/useMobileBgBrowserResults.ts [Client Component SSR]
    ./components/SavedSearchesWorkspace.tsx [Client Component SSR]
    ./components/SavedSearchesWorkspace.tsx [Server Component]
    ./app/(app)/editown/saved-searches/page.tsx [Server Component] @ http://localhost:3000/_next/static/chunks/node_modules_next_dist_f3530cac._.js:3127
[38736035ms] [ERROR] ./components/saved-searches/useMobileBgBrowserResults.ts:7:1
Export persistMobileBgBrowserResults doesn't exist in target module
   5 | import type { MobileBgSearchResultsResponse } from "@/components/saved-searches/api";
   6 | import { submitMobileBgSearch } from "@/components/saved-searches/helpers";
>  7 | import {
     | ^^^^^^^^
>  8 |   buildMobileBgBrowserSearchWindowName,
     | ^^^^^^^^^^^^^^^^^^^^^^^^^^^^^^^^^^^^^^^
>  9 |   buildMobileBgResultsBookmarklet,
     | ^^^^^^^^^^^^^^^^^^^^^^^^^^^^^^^^^^^^^^^
> 10 |   mergeMobileBgBrowserResults,
     | ^^^^^^^^^^^^^^^^^^^^^^^^^^^^^^^^^^^^^^^
> 11 |   MOBILE_BG_BROWSER_RESULTS_MESSAGE,
     | ^^^^^^^^^^^^^^^^^^^^^^^^^^^^^^^^^^^^^^^
> 12 |   persistMobileBgBrowserResults,
     | ^^^^^^^^^^^^^^^^^^^^^^^^^^^^^^^^^^^^^^^
> 13 |   readMobileBgBrowserResults,
     | ^^^^^^^^^^^^^^^^^^^^^^^^^^^^^^^^^^^^^^^
> 14 |   type MobileBgBrowserResultsMessage,
     | ^^^^^^^^^^^^^^^^^^^^^^^^^^^^^^^^^^^^^^^
> 15 | } from "@/components/saved-searches/mobile-bg-results-bookmarklet";
     | ^^^^^^^^^^^^^^^^^^^^^^^^^^^^^^^^^^^^^^^^^^^^^^^^^^^^^^^^^^^^^^^^^^^^
  16 | import type { SearchField } from "@/lib/mobile-bg/search-form-shared";
  17 |
  18 | interface UseMobileBgBrowserResultsParams {

The export persistMobileBgBrowserResults was not found in module [project]/components/saved-searches/mobile-bg-results-bookmarklet.ts [app-ssr] (ecmascript).
Did you mean to import buildMobileBgResultsBookmarklet?
All exports of the module are statically known (It doesn't have dynamic exports). So it's known statically that the requested export doesn't exist.

Import traces:
  Client Component Browser:
    ./components/saved-searches/useMobileBgBrowserResults.ts [Client Component Browser]
    ./components/SavedSearchesWorkspace.tsx [Client Component Browser]
    ./components/SavedSearchesWorkspace.tsx [Server Component]
    ./app/(app)/editown/saved-searches/page.tsx [Server Component]

  Client Component SSR:
    ./components/saved-searches/useMobileBgBrowserResults.ts [Client Component SSR]
    ./components/SavedSearchesWorkspace.tsx [Client Component SSR]
    ./components/SavedSearchesWorkspace.tsx [Server Component]
    ./app/(app)/editown/saved-searches/page.tsx [Server Component] @ http://localhost:3000/_next/static/chunks/node_modules_next_dist_f3530cac._.js:3127
[38736035ms] [ERROR] ./components/saved-searches/useSavedSearchResults.ts:9:1
Export persistMobileBgBrowserResults doesn't exist in target module
   7 |   type SavedSearchDetailResponse,
   8 | } from "@/components/saved-searches/api";
>  9 | import {
     | ^^^^^^^^
> 10 |   persistMobileBgBrowserResults,
     | ^^^^^^^^^^^^^^^^^^^^^^^^^^^^^^^^
> 11 | } from "@/components/saved-searches/mobile-bg-results-bookmarklet";
     | ^^^^^^^^^^^^^^^^^^^^^^^^^^^^^^^^^^^^^^^^^^^^^^^^^^^^^^^^^^^^^^^^^^^^
  12 | import type { SearchField } from "@/lib/mobile-bg/search-form-shared";
  13 | import type { SearchPrefillData } from "@/lib/mobile-bg/search-prefill";
  14 |

The export persistMobileBgBrowserResults was not found in module [project]/components/saved-searches/mobile-bg-results-bookmarklet.ts [app-client] (ecmascript).
Did you mean to import buildMobileBgResultsBookmarklet?
All exports of the module are statically known (It doesn't have dynamic exports). So it's known statically that the requested export doesn't exist.

Import traces:
  Client Component Browser:
    ./components/saved-searches/useSavedSearchResults.ts [Client Component Browser]
    ./components/SavedSearchesWorkspace.tsx [Client Component Browser]
    ./components/SavedSearchesWorkspace.tsx [Server Component]
    ./app/(app)/editown/saved-searches/page.tsx [Server Component]

  Client Component SSR:
    ./components/saved-searches/useSavedSearchResults.ts [Client Component SSR]
    ./components/SavedSearchesWorkspace.tsx [Client Component SSR]
    ./components/SavedSearchesWorkspace.tsx [Server Component]
    ./app/(app)/editown/saved-searches/page.tsx [Server Component] @ http://localhost:3000/_next/static/chunks/node_modules_next_dist_f3530cac._.js:3127
[38736035ms] [ERROR] ./components/saved-searches/useSavedSearchResults.ts:9:1
Export persistMobileBgBrowserResults doesn't exist in target module
   7 |   type SavedSearchDetailResponse,
   8 | } from "@/components/saved-searches/api";
>  9 | import {
     | ^^^^^^^^
> 10 |   persistMobileBgBrowserResults,
     | ^^^^^^^^^^^^^^^^^^^^^^^^^^^^^^^^
> 11 | } from "@/components/saved-searches/mobile-bg-results-bookmarklet";
     | ^^^^^^^^^^^^^^^^^^^^^^^^^^^^^^^^^^^^^^^^^^^^^^^^^^^^^^^^^^^^^^^^^^^^
  12 | import type { SearchField } from "@/lib/mobile-bg/search-form-shared";
  13 | import type { SearchPrefillData } from "@/lib/mobile-bg/search-prefill";
  14 |

The export persistMobileBgBrowserResults was not found in module [project]/components/saved-searches/mobile-bg-results-bookmarklet.ts [app-ssr] (ecmascript).
Did you mean to import buildMobileBgResultsBookmarklet?
All exports of the module are statically known (It doesn't have dynamic exports). So it's known statically that the requested export doesn't exist.

Import traces:
  Client Component Browser:
    ./components/saved-searches/useSavedSearchResults.ts [Client Component Browser]
    ./components/SavedSearchesWorkspace.tsx [Client Component Browser]
    ./components/SavedSearchesWorkspace.tsx [Server Component]
    ./app/(app)/editown/saved-searches/page.tsx [Server Component]

  Client Component SSR:
    ./components/saved-searches/useSavedSearchResults.ts [Client Component SSR]
    ./components/SavedSearchesWorkspace.tsx [Client Component SSR]
    ./components/SavedSearchesWorkspace.tsx [Server Component]
    ./app/(app)/editown/saved-searches/page.tsx [Server Component] @ http://localhost:3000/_next/static/chunks/node_modules_next_dist_f3530cac._.js:3127
[38736035ms] [ERROR] ./components/saved-searches/useMobileBgBrowserResults.ts:7:1
Export readMobileBgBrowserResults doesn't exist in target module
   5 | import type { MobileBgSearchResultsResponse } from "@/components/saved-searches/api";
   6 | import { submitMobileBgSearch } from "@/components/saved-searches/helpers";
>  7 | import {
     | ^^^^^^^^
>  8 |   buildMobileBgBrowserSearchWindowName,
     | ^^^^^^^^^^^^^^^^^^^^^^^^^^^^^^^^^^^^^^^
>  9 |   buildMobileBgResultsBookmarklet,
     | ^^^^^^^^^^^^^^^^^^^^^^^^^^^^^^^^^^^^^^^
> 10 |   mergeMobileBgBrowserResults,
     | ^^^^^^^^^^^^^^^^^^^^^^^^^^^^^^^^^^^^^^^
> 11 |   MOBILE_BG_BROWSER_RESULTS_MESSAGE,
     | ^^^^^^^^^^^^^^^^^^^^^^^^^^^^^^^^^^^^^^^
> 12 |   persistMobileBgBrowserResults,
     | ^^^^^^^^^^^^^^^^^^^^^^^^^^^^^^^^^^^^^^^
> 13 |   readMobileBgBrowserResults,
     | ^^^^^^^^^^^^^^^^^^^^^^^^^^^^^^^^^^^^^^^
> 14 |   type MobileBgBrowserResultsMessage,
     | ^^^^^^^^^^^^^^^^^^^^^^^^^^^^^^^^^^^^^^^
> 15 | } from "@/components/saved-searches/mobile-bg-results-bookmarklet";
     | ^^^^^^^^^^^^^^^^^^^^^^^^^^^^^^^^^^^^^^^^^^^^^^^^^^^^^^^^^^^^^^^^^^^^
  16 | import type { SearchField } from "@/lib/mobile-bg/search-form-shared";
  17 |
  18 | interface UseMobileBgBrowserResultsParams {

The export readMobileBgBrowserResults was not found in module [project]/components/saved-searches/mobile-bg-results-bookmarklet.ts [app-client] (ecmascript).
Did you mean to import buildMobileBgResultsBookmarklet?
All exports of the module are statically known (It doesn't have dynamic exports). So it's known statically that the requested export doesn't exist.

Import traces:
  Client Component Browser:
    ./components/saved-searches/useMobileBgBrowserResults.ts [Client Component Browser]
    ./components/SavedSearchesWorkspace.tsx [Client Component Browser]
    ./components/SavedSearchesWorkspace.tsx [Server Component]
    ./app/(app)/editown/saved-searches/page.tsx [Server Component]

  Client Component SSR:
    ./components/saved-searches/useMobileBgBrowserResults.ts [Client Component SSR]
    ./components/SavedSearchesWorkspace.tsx [Client Component SSR]
    ./components/SavedSearchesWorkspace.tsx [Server Component]
    ./app/(app)/editown/saved-searches/page.tsx [Server Component] @ http://localhost:3000/_next/static/chunks/node_modules_next_dist_f3530cac._.js:3127
[38736035ms] [ERROR] ./components/saved-searches/useMobileBgBrowserResults.ts:7:1
Export readMobileBgBrowserResults doesn't exist in target module
   5 | import type { MobileBgSearchResultsResponse } from "@/components/saved-searches/api";
   6 | import { submitMobileBgSearch } from "@/components/saved-searches/helpers";
>  7 | import {
     | ^^^^^^^^
>  8 |   buildMobileBgBrowserSearchWindowName,
     | ^^^^^^^^^^^^^^^^^^^^^^^^^^^^^^^^^^^^^^^
>  9 |   buildMobileBgResultsBookmarklet,
     | ^^^^^^^^^^^^^^^^^^^^^^^^^^^^^^^^^^^^^^^
> 10 |   mergeMobileBgBrowserResults,
     | ^^^^^^^^^^^^^^^^^^^^^^^^^^^^^^^^^^^^^^^
> 11 |   MOBILE_BG_BROWSER_RESULTS_MESSAGE,
     | ^^^^^^^^^^^^^^^^^^^^^^^^^^^^^^^^^^^^^^^
> 12 |   persistMobileBgBrowserResults,
     | ^^^^^^^^^^^^^^^^^^^^^^^^^^^^^^^^^^^^^^^
> 13 |   readMobileBgBrowserResults,
     | ^^^^^^^^^^^^^^^^^^^^^^^^^^^^^^^^^^^^^^^
> 14 |   type MobileBgBrowserResultsMessage,
     | ^^^^^^^^^^^^^^^^^^^^^^^^^^^^^^^^^^^^^^^
> 15 | } from "@/components/saved-searches/mobile-bg-results-bookmarklet";
     | ^^^^^^^^^^^^^^^^^^^^^^^^^^^^^^^^^^^^^^^^^^^^^^^^^^^^^^^^^^^^^^^^^^^^
  16 | import type { SearchField } from "@/lib/mobile-bg/search-form-shared";
  17 |
  18 | interface UseMobileBgBrowserResultsParams {

The export readMobileBgBrowserResults was not found in module [project]/components/saved-searches/mobile-bg-results-bookmarklet.ts [app-ssr] (ecmascript).
Did you mean to import buildMobileBgResultsBookmarklet?
All exports of the module are statically known (It doesn't have dynamic exports). So it's known statically that the requested export doesn't exist.

Import traces:
  Client Component Browser:
    ./components/saved-searches/useMobileBgBrowserResults.ts [Client Component Browser]
    ./components/SavedSearchesWorkspace.tsx [Client Component Browser]
    ./components/SavedSearchesWorkspace.tsx [Server Component]
    ./app/(app)/editown/saved-searches/page.tsx [Server Component]

  Client Component SSR:
    ./components/saved-searches/useMobileBgBrowserResults.ts [Client Component SSR]
    ./components/SavedSearchesWorkspace.tsx [Client Component SSR]
    ./components/SavedSearchesWorkspace.tsx [Server Component]
    ./app/(app)/editown/saved-searches/page.tsx [Server Component] @ http://localhost:3000/_next/static/chunks/node_modules_next_dist_f3530cac._.js:3127
[38736057ms] [LOG] [Fast Refresh] rebuilding @ http://localhost:3000/_next/static/chunks/node_modules_next_dist_f3530cac._.js:2297
[38747762ms] [ERROR] ./components/saved-searches/useMobileBgBrowserResults.ts:7:1
Export buildMobileBgBrowserSearchWindowName doesn't exist in target module
   5 | import type { MobileBgSearchResultsResponse } from "@/components/saved-searches/api";
   6 | import { submitMobileBgSearch } from "@/components/saved-searches/helpers";
>  7 | import {
     | ^^^^^^^^
>  8 |   buildMobileBgBrowserSearchWindowName,
     | ^^^^^^^^^^^^^^^^^^^^^^^^^^^^^^^^^^^^^^^
>  9 |   buildMobileBgResultsBookmarklet,
     | ^^^^^^^^^^^^^^^^^^^^^^^^^^^^^^^^^^^^^^^
> 10 |   mergeMobileBgBrowserResults,
     | ^^^^^^^^^^^^^^^^^^^^^^^^^^^^^^^^^^^^^^^
> 11 |   MOBILE_BG_BROWSER_RESULTS_MESSAGE,
     | ^^^^^^^^^^^^^^^^^^^^^^^^^^^^^^^^^^^^^^^
> 12 |   persistMobileBgBrowserResults,
     | ^^^^^^^^^^^^^^^^^^^^^^^^^^^^^^^^^^^^^^^
> 13 |   readMobileBgBrowserResults,
     | ^^^^^^^^^^^^^^^^^^^^^^^^^^^^^^^^^^^^^^^
> 14 |   type MobileBgBrowserResultsMessage,
     | ^^^^^^^^^^^^^^^^^^^^^^^^^^^^^^^^^^^^^^^
> 15 | } from "@/components/saved-searches/mobile-bg-results-bookmarklet";
     | ^^^^^^^^^^^^^^^^^^^^^^^^^^^^^^^^^^^^^^^^^^^^^^^^^^^^^^^^^^^^^^^^^^^^
  16 | import type { SearchField } from "@/lib/mobile-bg/search-form-shared";
  17 |
  18 | interface UseMobileBgBrowserResultsParams {

The export buildMobileBgBrowserSearchWindowName was not found in module [project]/components/saved-searches/mobile-bg-results-bookmarklet.ts [app-client] (ecmascript).
Did you mean to import buildMobileBgResultsBookmarklet?
All exports of the module are statically known (It doesn't have dynamic exports). So it's known statically that the requested export doesn't exist.

Import traces:
  Client Component Browser:
    ./components/saved-searches/useMobileBgBrowserResults.ts [Client Component Browser]
    ./components/SavedSearchesWorkspace.tsx [Client Component Browser]
    ./components/SavedSearchesWorkspace.tsx [Server Component]
    ./app/(app)/editown/saved-searches/page.tsx [Server Component]

  Client Component SSR:
    ./components/saved-searches/useMobileBgBrowserResults.ts [Client Component SSR]
    ./components/SavedSearchesWorkspace.tsx [Client Component SSR]
    ./components/SavedSearchesWorkspace.tsx [Server Component]
    ./app/(app)/editown/saved-searches/page.tsx [Server Component] @ http://localhost:3000/_next/static/chunks/node_modules_next_dist_f3530cac._.js:3127
[38747762ms] [ERROR] ./components/saved-searches/useMobileBgBrowserResults.ts:7:1
Export buildMobileBgBrowserSearchWindowName doesn't exist in target module
   5 | import type { MobileBgSearchResultsResponse } from "@/components/saved-searches/api";
   6 | import { submitMobileBgSearch } from "@/components/saved-searches/helpers";
>  7 | import {
     | ^^^^^^^^
>  8 |   buildMobileBgBrowserSearchWindowName,
     | ^^^^^^^^^^^^^^^^^^^^^^^^^^^^^^^^^^^^^^^
>  9 |   buildMobileBgResultsBookmarklet,
     | ^^^^^^^^^^^^^^^^^^^^^^^^^^^^^^^^^^^^^^^
> 10 |   mergeMobileBgBrowserResults,
     | ^^^^^^^^^^^^^^^^^^^^^^^^^^^^^^^^^^^^^^^
> 11 |   MOBILE_BG_BROWSER_RESULTS_MESSAGE,
     | ^^^^^^^^^^^^^^^^^^^^^^^^^^^^^^^^^^^^^^^
> 12 |   persistMobileBgBrowserResults,
     | ^^^^^^^^^^^^^^^^^^^^^^^^^^^^^^^^^^^^^^^
> 13 |   readMobileBgBrowserResults,
     | ^^^^^^^^^^^^^^^^^^^^^^^^^^^^^^^^^^^^^^^
> 14 |   type MobileBgBrowserResultsMessage,
     | ^^^^^^^^^^^^^^^^^^^^^^^^^^^^^^^^^^^^^^^
> 15 | } from "@/components/saved-searches/mobile-bg-results-bookmarklet";
     | ^^^^^^^^^^^^^^^^^^^^^^^^^^^^^^^^^^^^^^^^^^^^^^^^^^^^^^^^^^^^^^^^^^^^
  16 | import type { SearchField } from "@/lib/mobile-bg/search-form-shared";
  17 |
  18 | interface UseMobileBgBrowserResultsParams {

The export buildMobileBgBrowserSearchWindowName was not found in module [project]/components/saved-searches/mobile-bg-results-bookmarklet.ts [app-ssr] (ecmascript).
Did you mean to import buildMobileBgResultsBookmarklet?
All exports of the module are statically known (It doesn't have dynamic exports). So it's known statically that the requested export doesn't exist.

Import traces:
  Client Component Browser:
    ./components/saved-searches/useMobileBgBrowserResults.ts [Client Component Browser]
    ./components/SavedSearchesWorkspace.tsx [Client Component Browser]
    ./components/SavedSearchesWorkspace.tsx [Server Component]
    ./app/(app)/editown/saved-searches/page.tsx [Server Component]

  Client Component SSR:
    ./components/saved-searches/useMobileBgBrowserResults.ts [Client Component SSR]
    ./components/SavedSearchesWorkspace.tsx [Client Component SSR]
    ./components/SavedSearchesWorkspace.tsx [Server Component]
    ./app/(app)/editown/saved-searches/page.tsx [Server Component] @ http://localhost:3000/_next/static/chunks/node_modules_next_dist_f3530cac._.js:3127
[38747762ms] [ERROR] ./components/saved-searches/useMobileBgBrowserResults.ts:7:1
Export mergeMobileBgBrowserResults doesn't exist in target module
   5 | import type { MobileBgSearchResultsResponse } from "@/components/saved-searches/api";
   6 | import { submitMobileBgSearch } from "@/components/saved-searches/helpers";
>  7 | import {
     | ^^^^^^^^
>  8 |   buildMobileBgBrowserSearchWindowName,
     | ^^^^^^^^^^^^^^^^^^^^^^^^^^^^^^^^^^^^^^^
>  9 |   buildMobileBgResultsBookmarklet,
     | ^^^^^^^^^^^^^^^^^^^^^^^^^^^^^^^^^^^^^^^
> 10 |   mergeMobileBgBrowserResults,
     | ^^^^^^^^^^^^^^^^^^^^^^^^^^^^^^^^^^^^^^^
> 11 |   MOBILE_BG_BROWSER_RESULTS_MESSAGE,
     | ^^^^^^^^^^^^^^^^^^^^^^^^^^^^^^^^^^^^^^^
> 12 |   persistMobileBgBrowserResults,
     | ^^^^^^^^^^^^^^^^^^^^^^^^^^^^^^^^^^^^^^^
> 13 |   readMobileBgBrowserResults,
     | ^^^^^^^^^^^^^^^^^^^^^^^^^^^^^^^^^^^^^^^
> 14 |   type MobileBgBrowserResultsMessage,
     | ^^^^^^^^^^^^^^^^^^^^^^^^^^^^^^^^^^^^^^^
> 15 | } from "@/components/saved-searches/mobile-bg-results-bookmarklet";
     | ^^^^^^^^^^^^^^^^^^^^^^^^^^^^^^^^^^^^^^^^^^^^^^^^^^^^^^^^^^^^^^^^^^^^
  16 | import type { SearchField } from "@/lib/mobile-bg/search-form-shared";
  17 |
  18 | interface UseMobileBgBrowserResultsParams {

The export mergeMobileBgBrowserResults was not found in module [project]/components/saved-searches/mobile-bg-results-bookmarklet.ts [app-client] (ecmascript).
Did you mean to import buildMobileBgResultsBookmarklet?
All exports of the module are statically known (It doesn't have dynamic exports). So it's known statically that the requested export doesn't exist.

Import traces:
  Client Component Browser:
    ./components/saved-searches/useMobileBgBrowserResults.ts [Client Component Browser]
    ./components/SavedSearchesWorkspace.tsx [Client Component Browser]
    ./components/SavedSearchesWorkspace.tsx [Server Component]
    ./app/(app)/editown/saved-searches/page.tsx [Server Component]

  Client Component SSR:
    ./components/saved-searches/useMobileBgBrowserResults.ts [Client Component SSR]
    ./components/SavedSearchesWorkspace.tsx [Client Component SSR]
    ./components/SavedSearchesWorkspace.tsx [Server Component]
    ./app/(app)/editown/saved-searches/page.tsx [Server Component] @ http://localhost:3000/_next/static/chunks/node_modules_next_dist_f3530cac._.js:3127
[38747763ms] [ERROR] ./components/saved-searches/useMobileBgBrowserResults.ts:7:1
Export mergeMobileBgBrowserResults doesn't exist in target module
   5 | import type { MobileBgSearchResultsResponse } from "@/components/saved-searches/api";
   6 | import { submitMobileBgSearch } from "@/components/saved-searches/helpers";
>  7 | import {
     | ^^^^^^^^
>  8 |   buildMobileBgBrowserSearchWindowName,
     | ^^^^^^^^^^^^^^^^^^^^^^^^^^^^^^^^^^^^^^^
>  9 |   buildMobileBgResultsBookmarklet,
     | ^^^^^^^^^^^^^^^^^^^^^^^^^^^^^^^^^^^^^^^
> 10 |   mergeMobileBgBrowserResults,
     | ^^^^^^^^^^^^^^^^^^^^^^^^^^^^^^^^^^^^^^^
> 11 |   MOBILE_BG_BROWSER_RESULTS_MESSAGE,
     | ^^^^^^^^^^^^^^^^^^^^^^^^^^^^^^^^^^^^^^^
> 12 |   persistMobileBgBrowserResults,
     | ^^^^^^^^^^^^^^^^^^^^^^^^^^^^^^^^^^^^^^^
> 13 |   readMobileBgBrowserResults,
     | ^^^^^^^^^^^^^^^^^^^^^^^^^^^^^^^^^^^^^^^
> 14 |   type MobileBgBrowserResultsMessage,
     | ^^^^^^^^^^^^^^^^^^^^^^^^^^^^^^^^^^^^^^^
> 15 | } from "@/components/saved-searches/mobile-bg-results-bookmarklet";
     | ^^^^^^^^^^^^^^^^^^^^^^^^^^^^^^^^^^^^^^^^^^^^^^^^^^^^^^^^^^^^^^^^^^^^
  16 | import type { SearchField } from "@/lib/mobile-bg/search-form-shared";
  17 |
  18 | interface UseMobileBgBrowserResultsParams {

The export mergeMobileBgBrowserResults was not found in module [project]/components/saved-searches/mobile-bg-results-bookmarklet.ts [app-ssr] (ecmascript).
Did you mean to import buildMobileBgResultsBookmarklet?
All exports of the module are statically known (It doesn't have dynamic exports). So it's known statically that the requested export doesn't exist.

Import traces:
  Client Component Browser:
    ./components/saved-searches/useMobileBgBrowserResults.ts [Client Component Browser]
    ./components/SavedSearchesWorkspace.tsx [Client Component Browser]
    ./components/SavedSearchesWorkspace.tsx [Server Component]
    ./app/(app)/editown/saved-searches/page.tsx [Server Component]

  Client Component SSR:
    ./components/saved-searches/useMobileBgBrowserResults.ts [Client Component SSR]
    ./components/SavedSearchesWorkspace.tsx [Client Component SSR]
    ./components/SavedSearchesWorkspace.tsx [Server Component]
    ./app/(app)/editown/saved-searches/page.tsx [Server Component] @ http://localhost:3000/_next/static/chunks/node_modules_next_dist_f3530cac._.js:3127
[38747763ms] [ERROR] ./components/saved-searches/useMobileBgBrowserResults.ts:7:1
Export persistMobileBgBrowserResults doesn't exist in target module
   5 | import type { MobileBgSearchResultsResponse } from "@/components/saved-searches/api";
   6 | import { submitMobileBgSearch } from "@/components/saved-searches/helpers";
>  7 | import {
     | ^^^^^^^^
>  8 |   buildMobileBgBrowserSearchWindowName,
     | ^^^^^^^^^^^^^^^^^^^^^^^^^^^^^^^^^^^^^^^
>  9 |   buildMobileBgResultsBookmarklet,
     | ^^^^^^^^^^^^^^^^^^^^^^^^^^^^^^^^^^^^^^^
> 10 |   mergeMobileBgBrowserResults,
     | ^^^^^^^^^^^^^^^^^^^^^^^^^^^^^^^^^^^^^^^
> 11 |   MOBILE_BG_BROWSER_RESULTS_MESSAGE,
     | ^^^^^^^^^^^^^^^^^^^^^^^^^^^^^^^^^^^^^^^
> 12 |   persistMobileBgBrowserResults,
     | ^^^^^^^^^^^^^^^^^^^^^^^^^^^^^^^^^^^^^^^
> 13 |   readMobileBgBrowserResults,
     | ^^^^^^^^^^^^^^^^^^^^^^^^^^^^^^^^^^^^^^^
> 14 |   type MobileBgBrowserResultsMessage,
     | ^^^^^^^^^^^^^^^^^^^^^^^^^^^^^^^^^^^^^^^
> 15 | } from "@/components/saved-searches/mobile-bg-results-bookmarklet";
     | ^^^^^^^^^^^^^^^^^^^^^^^^^^^^^^^^^^^^^^^^^^^^^^^^^^^^^^^^^^^^^^^^^^^^
  16 | import type { SearchField } from "@/lib/mobile-bg/search-form-shared";
  17 |
  18 | interface UseMobileBgBrowserResultsParams {

The export persistMobileBgBrowserResults was not found in module [project]/components/saved-searches/mobile-bg-results-bookmarklet.ts [app-client] (ecmascript).
Did you mean to import buildMobileBgResultsBookmarklet?
All exports of the module are statically known (It doesn't have dynamic exports). So it's known statically that the requested export doesn't exist.

Import traces:
  Client Component Browser:
    ./components/saved-searches/useMobileBgBrowserResults.ts [Client Component Browser]
    ./components/SavedSearchesWorkspace.tsx [Client Component Browser]
    ./components/SavedSearchesWorkspace.tsx [Server Component]
    ./app/(app)/editown/saved-searches/page.tsx [Server Component]

  Client Component SSR:
    ./components/saved-searches/useMobileBgBrowserResults.ts [Client Component SSR]
    ./components/SavedSearchesWorkspace.tsx [Client Component SSR]
    ./components/SavedSearchesWorkspace.tsx [Server Component]
    ./app/(app)/editown/saved-searches/page.tsx [Server Component] @ http://localhost:3000/_next/static/chunks/node_modules_next_dist_f3530cac._.js:3127
[38747763ms] [ERROR] ./components/saved-searches/useMobileBgBrowserResults.ts:7:1
Export persistMobileBgBrowserResults doesn't exist in target module
   5 | import type { MobileBgSearchResultsResponse } from "@/components/saved-searches/api";
   6 | import { submitMobileBgSearch } from "@/components/saved-searches/helpers";
>  7 | import {
     | ^^^^^^^^
>  8 |   buildMobileBgBrowserSearchWindowName,
     | ^^^^^^^^^^^^^^^^^^^^^^^^^^^^^^^^^^^^^^^
>  9 |   buildMobileBgResultsBookmarklet,
     | ^^^^^^^^^^^^^^^^^^^^^^^^^^^^^^^^^^^^^^^
> 10 |   mergeMobileBgBrowserResults,
     | ^^^^^^^^^^^^^^^^^^^^^^^^^^^^^^^^^^^^^^^
> 11 |   MOBILE_BG_BROWSER_RESULTS_MESSAGE,
     | ^^^^^^^^^^^^^^^^^^^^^^^^^^^^^^^^^^^^^^^
> 12 |   persistMobileBgBrowserResults,
     | ^^^^^^^^^^^^^^^^^^^^^^^^^^^^^^^^^^^^^^^
> 13 |   readMobileBgBrowserResults,
     | ^^^^^^^^^^^^^^^^^^^^^^^^^^^^^^^^^^^^^^^
> 14 |   type MobileBgBrowserResultsMessage,
     | ^^^^^^^^^^^^^^^^^^^^^^^^^^^^^^^^^^^^^^^
> 15 | } from "@/components/saved-searches/mobile-bg-results-bookmarklet";
     | ^^^^^^^^^^^^^^^^^^^^^^^^^^^^^^^^^^^^^^^^^^^^^^^^^^^^^^^^^^^^^^^^^^^^
  16 | import type { SearchField } from "@/lib/mobile-bg/search-form-shared";
  17 |
  18 | interface UseMobileBgBrowserResultsParams {

The export persistMobileBgBrowserResults was not found in module [project]/components/saved-searches/mobile-bg-results-bookmarklet.ts [app-ssr] (ecmascript).
Did you mean to import buildMobileBgResultsBookmarklet?
All exports of the module are statically known (It doesn't have dynamic exports). So it's known statically that the requested export doesn't exist.

Import traces:
  Client Component Browser:
    ./components/saved-searches/useMobileBgBrowserResults.ts [Client Component Browser]
    ./components/SavedSearchesWorkspace.tsx [Client Component Browser]
    ./components/SavedSearchesWorkspace.tsx [Server Component]
    ./app/(app)/editown/saved-searches/page.tsx [Server Component]

  Client Component SSR:
    ./components/saved-searches/useMobileBgBrowserResults.ts [Client Component SSR]
    ./components/SavedSearchesWorkspace.tsx [Client Component SSR]
    ./components/SavedSearchesWorkspace.tsx [Server Component]
    ./app/(app)/editown/saved-searches/page.tsx [Server Component] @ http://localhost:3000/_next/static/chunks/node_modules_next_dist_f3530cac._.js:3127
[38747763ms] [ERROR] ./components/saved-searches/useMobileBgBrowserResults.ts:7:1
Export readMobileBgBrowserResults doesn't exist in target module
   5 | import type { MobileBgSearchResultsResponse } from "@/components/saved-searches/api";
   6 | import { submitMobileBgSearch } from "@/components/saved-searches/helpers";
>  7 | import {
     | ^^^^^^^^
>  8 |   buildMobileBgBrowserSearchWindowName,
     | ^^^^^^^^^^^^^^^^^^^^^^^^^^^^^^^^^^^^^^^
>  9 |   buildMobileBgResultsBookmarklet,
     | ^^^^^^^^^^^^^^^^^^^^^^^^^^^^^^^^^^^^^^^
> 10 |   mergeMobileBgBrowserResults,
     | ^^^^^^^^^^^^^^^^^^^^^^^^^^^^^^^^^^^^^^^
> 11 |   MOBILE_BG_BROWSER_RESULTS_MESSAGE,
     | ^^^^^^^^^^^^^^^^^^^^^^^^^^^^^^^^^^^^^^^
> 12 |   persistMobileBgBrowserResults,
     | ^^^^^^^^^^^^^^^^^^^^^^^^^^^^^^^^^^^^^^^
> 13 |   readMobileBgBrowserResults,
     | ^^^^^^^^^^^^^^^^^^^^^^^^^^^^^^^^^^^^^^^
> 14 |   type MobileBgBrowserResultsMessage,
     | ^^^^^^^^^^^^^^^^^^^^^^^^^^^^^^^^^^^^^^^
> 15 | } from "@/components/saved-searches/mobile-bg-results-bookmarklet";
     | ^^^^^^^^^^^^^^^^^^^^^^^^^^^^^^^^^^^^^^^^^^^^^^^^^^^^^^^^^^^^^^^^^^^^
  16 | import type { SearchField } from "@/lib/mobile-bg/search-form-shared";
  17 |
  18 | interface UseMobileBgBrowserResultsParams {

The export readMobileBgBrowserResults was not found in module [project]/components/saved-searches/mobile-bg-results-bookmarklet.ts [app-client] (ecmascript).
Did you mean to import buildMobileBgResultsBookmarklet?
All exports of the module are statically known (It doesn't have dynamic exports). So it's known statically that the requested export doesn't exist.

Import traces:
  Client Component Browser:
    ./components/saved-searches/useMobileBgBrowserResults.ts [Client Component Browser]
    ./components/SavedSearchesWorkspace.tsx [Client Component Browser]
    ./components/SavedSearchesWorkspace.tsx [Server Component]
    ./app/(app)/editown/saved-searches/page.tsx [Server Component]

  Client Component SSR:
    ./components/saved-searches/useMobileBgBrowserResults.ts [Client Component SSR]
    ./components/SavedSearchesWorkspace.tsx [Client Component SSR]
    ./components/SavedSearchesWorkspace.tsx [Server Component]
    ./app/(app)/editown/saved-searches/page.tsx [Server Component] @ http://localhost:3000/_next/static/chunks/node_modules_next_dist_f3530cac._.js:3127
[38747763ms] [ERROR] ./components/saved-searches/useMobileBgBrowserResults.ts:7:1
Export readMobileBgBrowserResults doesn't exist in target module
   5 | import type { MobileBgSearchResultsResponse } from "@/components/saved-searches/api";
   6 | import { submitMobileBgSearch } from "@/components/saved-searches/helpers";
>  7 | import {
     | ^^^^^^^^
>  8 |   buildMobileBgBrowserSearchWindowName,
     | ^^^^^^^^^^^^^^^^^^^^^^^^^^^^^^^^^^^^^^^
>  9 |   buildMobileBgResultsBookmarklet,
     | ^^^^^^^^^^^^^^^^^^^^^^^^^^^^^^^^^^^^^^^
> 10 |   mergeMobileBgBrowserResults,
     | ^^^^^^^^^^^^^^^^^^^^^^^^^^^^^^^^^^^^^^^
> 11 |   MOBILE_BG_BROWSER_RESULTS_MESSAGE,
     | ^^^^^^^^^^^^^^^^^^^^^^^^^^^^^^^^^^^^^^^
> 12 |   persistMobileBgBrowserResults,
     | ^^^^^^^^^^^^^^^^^^^^^^^^^^^^^^^^^^^^^^^
> 13 |   readMobileBgBrowserResults,
     | ^^^^^^^^^^^^^^^^^^^^^^^^^^^^^^^^^^^^^^^
> 14 |   type MobileBgBrowserResultsMessage,
     | ^^^^^^^^^^^^^^^^^^^^^^^^^^^^^^^^^^^^^^^
> 15 | } from "@/components/saved-searches/mobile-bg-results-bookmarklet";
     | ^^^^^^^^^^^^^^^^^^^^^^^^^^^^^^^^^^^^^^^^^^^^^^^^^^^^^^^^^^^^^^^^^^^^
  16 | import type { SearchField } from "@/lib/mobile-bg/search-form-shared";
  17 |
  18 | interface UseMobileBgBrowserResultsParams {

The export readMobileBgBrowserResults was not found in module [project]/components/saved-searches/mobile-bg-results-bookmarklet.ts [app-ssr] (ecmascript).
Did you mean to import buildMobileBgResultsBookmarklet?
All exports of the module are statically known (It doesn't have dynamic exports). So it's known statically that the requested export doesn't exist.

Import traces:
  Client Component Browser:
    ./components/saved-searches/useMobileBgBrowserResults.ts [Client Component Browser]
    ./components/SavedSearchesWorkspace.tsx [Client Component Browser]
    ./components/SavedSearchesWorkspace.tsx [Server Component]
    ./app/(app)/editown/saved-searches/page.tsx [Server Component]

  Client Component SSR:
    ./components/saved-searches/useMobileBgBrowserResults.ts [Client Component SSR]
    ./components/SavedSearchesWorkspace.tsx [Client Component SSR]
    ./components/SavedSearchesWorkspace.tsx [Server Component]
    ./app/(app)/editown/saved-searches/page.tsx [Server Component] @ http://localhost:3000/_next/static/chunks/node_modules_next_dist_f3530cac._.js:3127
[38747791ms] [LOG] [Fast Refresh] rebuilding @ http://localhost:3000/_next/static/chunks/node_modules_next_dist_f3530cac._.js:2297
[38747889ms] [LOG] [Fast Refresh] done in 38ms @ http://localhost:3000/_next/static/chunks/node_modules_next_dist_f3530cac._.js:2297
[38748391ms] [LOG] [Fast Refresh] rebuilding @ http://localhost:3000/_next/static/chunks/node_modules_next_dist_f3530cac._.js:2297
[38748419ms] [LOG] [Fast Refresh] done in 45ms @ http://localhost:3000/_next/static/chunks/node_modules_next_dist_f3530cac._.js:2297
[38765670ms] [LOG] [Fast Refresh] rebuilding @ http://localhost:3000/_next/static/chunks/node_modules_next_dist_f3530cac._.js:2297
[38765699ms] [LOG] [Fast Refresh] done in 37ms @ http://localhost:3000/_next/static/chunks/node_modules_next_dist_f3530cac._.js:2297
[38765725ms] [LOG] [Fast Refresh] rebuilding @ http://localhost:3000/_next/static/chunks/node_modules_next_dist_f3530cac._.js:2297
[38765754ms] [LOG] [Fast Refresh] done in 26ms @ http://localhost:3000/_next/static/chunks/node_modules_next_dist_f3530cac._.js:2297
[38791479ms] [LOG] [Fast Refresh] rebuilding @ http://localhost:3000/_next/static/chunks/node_modules_next_dist_f3530cac._.js:2297
[38791492ms] [LOG] [Fast Refresh] done in 113ms @ http://localhost:3000/_next/static/chunks/node_modules_next_dist_f3530cac._.js:2297
[38791913ms] [LOG] [Fast Refresh] rebuilding @ http://localhost:3000/_next/static/chunks/node_modules_next_dist_f3530cac._.js:2297
[38791959ms] [LOG] [Fast Refresh] done in 148ms @ http://localhost:3000/_next/static/chunks/node_modules_next_dist_f3530cac._.js:2297
[38833439ms] [ERROR] WebSocket connection to 'ws://localhost:3000/_next/webpack-hmr?id=lqED3GPD9rBtLEc4oHjQC' failed: Error in connection establishment: net::ERR_CONNECTION_REFUSED @ http://localhost:3000/_next/static/chunks/node_modules_next_dist_client_17643121._.js:10878
[38834441ms] [ERROR] WebSocket connection to 'ws://localhost:3000/_next/webpack-hmr?id=lqED3GPD9rBtLEc4oHjQC' failed: Error in connection establishment: net::ERR_CONNECTION_REFUSED @ http://localhost:3000/_next/static/chunks/node_modules_next_dist_client_17643121._.js:10878
[38835443ms] [ERROR] WebSocket connection to 'ws://localhost:3000/_next/webpack-hmr?id=lqED3GPD9rBtLEc4oHjQC' failed: Error in connection establishment: net::ERR_CONNECTION_REFUSED @ http://localhost:3000/_next/static/chunks/node_modules_next_dist_client_17643121._.js:10878
[38836445ms] [ERROR] WebSocket connection to 'ws://localhost:3000/_next/webpack-hmr?id=lqED3GPD9rBtLEc4oHjQC' failed: Error in connection establishment: net::ERR_CONNECTION_REFUSED @ http://localhost:3000/_next/static/chunks/node_modules_next_dist_client_17643121._.js:10878
[38837447ms] [ERROR] WebSocket connection to 'ws://localhost:3000/_next/webpack-hmr?id=lqED3GPD9rBtLEc4oHjQC' failed: Error in connection establishment: net::ERR_CONNECTION_REFUSED @ http://localhost:3000/_next/static/chunks/node_modules_next_dist_client_17643121._.js:10878
[38842454ms] [ERROR] WebSocket connection to 'ws://localhost:3000/_next/webpack-hmr?id=lqED3GPD9rBtLEc4oHjQC' failed: Error in connection establishment: net::ERR_CONNECTION_REFUSED @ http://localhost:3000/_next/static/chunks/node_modules_next_dist_client_17643121._.js:10878
[38847464ms] [ERROR] WebSocket connection to 'ws://localhost:3000/_next/webpack-hmr?id=lqED3GPD9rBtLEc4oHjQC' failed: Error in connection establishment: net::ERR_CONNECTION_REFUSED @ http://localhost:3000/_next/static/chunks/node_modules_next_dist_client_17643121._.js:10878
[38852505ms] [ERROR] WebSocket connection to 'ws://localhost:3000/_next/webpack-hmr?id=lqED3GPD9rBtLEc4oHjQC' failed: Error in connection establishment: net::ERR_CONNECTION_REFUSED @ http://localhost:3000/_next/static/chunks/node_modules_next_dist_client_17643121._.js:10878
[38857524ms] [ERROR] WebSocket connection to 'ws://localhost:3000/_next/webpack-hmr?id=lqED3GPD9rBtLEc4oHjQC' failed: Error in connection establishment: net::ERR_CONNECTION_REFUSED @ http://localhost:3000/_next/static/chunks/node_modules_next_dist_client_17643121._.js:10878
[41698967ms] [ERROR] WebSocket connection to 'ws://localhost:3000/_next/webpack-hmr?id=lqED3GPD9rBtLEc4oHjQC' failed: Error in connection establishment: net::ERR_CONNECTION_REFUSED @ http://localhost:3000/_next/static/chunks/node_modules_next_dist_client_17643121._.js:10878
[41704121ms] [ERROR] WebSocket connection to 'ws://localhost:3000/_next/webpack-hmr?id=lqED3GPD9rBtLEc4oHjQC' failed: Error in connection establishment: net::ERR_CONNECTION_REFUSED @ http://localhost:3000/_next/static/chunks/node_modules_next_dist_client_17643121._.js:10878
[41709196ms] [ERROR] WebSocket connection to 'ws://localhost:3000/_next/webpack-hmr?id=lqED3GPD9rBtLEc4oHjQC' failed: Error in connection establishment: net::ERR_CONNECTION_REFUSED @ http://localhost:3000/_next/static/chunks/node_modules_next_dist_client_17643121._.js:10878
