[       1ms] [ERROR] Connecting to 'http://127.0.0.1:3000/api/facebook-marketplace/listings?limit=1' violates the following Content Security Policy directive: "connect-src *.facebook.com facebook.com *.fbcdn.net *.facebook.net wss://*.facebook.com:* wss://*.whatsapp.com:* wss://*.fbcdn.net attachment.fbsbx.com ws://localhost:* blob: *.cdninstagram.com 'self' http://localhost:3103 wss://gateway.facebook.com wss://edge-chat.facebook.com wss://snaptu-d.facebook.com wss://kaios-d.facebook.com/ v.whatsapp.net *.fbsbx.com *.fb.com *.instagram.com https://accounts.google.com https://*.google-analytics.com https://api.mapbox.com https://*.tiles.mapbox.com https://events.mapbox.com https://meta.privacy-gateway.cloudflare.com/relay https://meta-ohttp-relay-prod.fastly-edge.com". The action has been blocked. @ :0
[       1ms] [ERROR] Fetch API cannot load http://127.0.0.1:3000/api/facebook-marketplace/listings?limit=1. Refused to connect because it violates the document's Content Security Policy. @ :0
[ 6971761ms] [ERROR] Failed to load resource: net::ERR_INTERNET_DISCONNECTED @ https://www.facebook.com/api/graphql/:0
[ 6971778ms] [ERROR] Failed to load resource: net::ERR_INTERNET_DISCONNECTED @ https://www.facebook.com/nw/:0
[ 6971886ms] [ERROR] Failed to load resource: net::ERR_INTERNET_DISCONNECTED @ https://www.facebook.com/nw/:0
[ 6972092ms] [ERROR] Failed to load resource: net::ERR_INTERNET_DISCONNECTED @ https://www.facebook.com/nw/:0
[ 6972903ms] [ERROR] Failed to load resource: net::ERR_INTERNET_DISCONNECTED @ https://www.facebook.com/nw/:0
[ 6974102ms] [ERROR] Failed to load resource: net::ERR_INTERNET_DISCONNECTED @ https://www.facebook.com/api/graphql/:0
[ 6979105ms] [ERROR] Failed to load resource: net::ERR_INTERNET_DISCONNECTED @ https://www.facebook.com/api/graphql/:0
[ 6979313ms] [ERROR] Failed to load resource: net::ERR_INTERNET_DISCONNECTED @ https://www.facebook.com/nw/:0
[ 6984106ms] [ERROR] Failed to load resource: net::ERR_INTERNET_DISCONNECTED @ https://www.facebook.com/api/graphql/:0
[ 6985725ms] [ERROR] Failed to load resource: net::ERR_INTERNET_DISCONNECTED @ https://www.facebook.com/nw/:0
[ 6989108ms] [ERROR] Failed to load resource: net::ERR_INTERNET_DISCONNECTED @ https://www.facebook.com/api/graphql/:0
[ 6992135ms] [ERROR] Failed to load resource: net::ERR_INTERNET_DISCONNECTED @ https://www.facebook.com/nw/:0
[ 6994106ms] [ERROR] Failed to load resource: net::ERR_INTERNET_DISCONNECTED @ https://www.facebook.com/api/graphql/:0
[ 6998546ms] [ERROR] Failed to load resource: net::ERR_INTERNET_DISCONNECTED @ https://www.facebook.com/nw/:0
[ 6999113ms] [ERROR] Failed to load resource: net::ERR_INTERNET_DISCONNECTED @ https://www.facebook.com/api/graphql/:0
[ 7026255ms] [ERROR] Failed to load resource: net::ERR_INTERNET_DISCONNECTED @ https://www.facebook.com/api/graphql/:0
[ 7026255ms] [ERROR] Failed to load resource: net::ERR_INTERNET_DISCONNECTED @ https://www.facebook.com/nw/:0
[ 7028262ms] [ERROR] Failed to load resource: net::ERR_INTERNET_DISCONNECTED @ https://www.facebook.com/api/graphql/:0
[ 7032666ms] [ERROR] Failed to load resource: net::ERR_INTERNET_DISCONNECTED @ https://www.facebook.com/nw/:0
[ 7033261ms] [ERROR] Failed to load resource: net::ERR_INTERNET_DISCONNECTED @ https://www.facebook.com/api/graphql/:0
[ 7038266ms] [ERROR] Failed to load resource: net::ERR_INTERNET_DISCONNECTED @ https://www.facebook.com/api/graphql/:0
[ 7039077ms] [ERROR] Failed to load resource: net::ERR_INTERNET_DISCONNECTED @ https://www.facebook.com/nw/:0
[ 7043263ms] [ERROR] Failed to load resource: net::ERR_INTERNET_DISCONNECTED @ https://www.facebook.com/api/graphql/:0
[ 7045488ms] [ERROR] Failed to load resource: net::ERR_INTERNET_DISCONNECTED @ https://www.facebook.com/nw/:0
[ 7048264ms] [ERROR] Failed to load resource: net::ERR_INTERNET_DISCONNECTED @ https://www.facebook.com/api/graphql/:0
[ 7051899ms] [ERROR] Failed to load resource: net::ERR_INTERNET_DISCONNECTED @ https://www.facebook.com/nw/:0
[ 7053265ms] [ERROR] Failed to load resource: net::ERR_INTERNET_DISCONNECTED @ https://www.facebook.com/api/graphql/:0
[ 7058270ms] [ERROR] Failed to load resource: net::ERR_INTERNET_DISCONNECTED @ https://www.facebook.com/api/graphql/:0
[ 7058307ms] [ERROR] Failed to load resource: net::ERR_INTERNET_DISCONNECTED @ https://www.facebook.com/nw/:0
[ 7063272ms] [ERROR] Failed to load resource: net::ERR_INTERNET_DISCONNECTED @ https://www.facebook.com/api/graphql/:0
[ 7064718ms] [ERROR] Failed to load resource: net::ERR_INTERNET_DISCONNECTED @ https://www.facebook.com/nw/:0
[ 7068273ms] [ERROR] Failed to load resource: net::ERR_INTERNET_DISCONNECTED @ https://www.facebook.com/api/graphql/:0
[11451429ms] [ERROR] Failed to load resource: net::ERR_INTERNET_DISCONNECTED @ https://www.facebook.com/nw/:0
[11453578ms] [ERROR] Failed to load resource: net::ERR_INTERNET_DISCONNECTED @ https://www.facebook.com/api/graphql/:0
[11457839ms] [ERROR] Failed to load resource: net::ERR_INTERNET_DISCONNECTED @ https://www.facebook.com/nw/:0
[11458572ms] [ERROR] Failed to load resource: net::ERR_INTERNET_DISCONNECTED @ https://www.facebook.com/api/graphql/:0
[11463583ms] [ERROR] Failed to load resource: net::ERR_INTERNET_DISCONNECTED @ https://www.facebook.com/api/graphql/:0
[11464251ms] [ERROR] Failed to load resource: net::ERR_INTERNET_DISCONNECTED @ https://www.facebook.com/nw/:0
[11468587ms] [ERROR] Failed to load resource: net::ERR_INTERNET_DISCONNECTED @ https://www.facebook.com/api/graphql/:0
[11470661ms] [ERROR] Failed to load resource: net::ERR_INTERNET_DISCONNECTED @ https://www.facebook.com/nw/:0
[11473583ms] [ERROR] Failed to load resource: net::ERR_INTERNET_DISCONNECTED @ https://www.facebook.com/api/graphql/:0
[11477072ms] [ERROR] Failed to load resource: net::ERR_INTERNET_DISCONNECTED @ https://www.facebook.com/nw/:0
[11478588ms] [ERROR] Failed to load resource: net::ERR_INTERNET_DISCONNECTED @ https://www.facebook.com/api/graphql/:0
[11483483ms] [ERROR] Failed to load resource: net::ERR_INTERNET_DISCONNECTED @ https://www.facebook.com/nw/:0
[11483590ms] [ERROR] Failed to load resource: net::ERR_INTERNET_DISCONNECTED @ https://www.facebook.com/api/graphql/:0
[11488594ms] [ERROR] Failed to load resource: net::ERR_INTERNET_DISCONNECTED @ https://www.facebook.com/api/graphql/:0
[11489894ms] [ERROR] Failed to load resource: net::ERR_INTERNET_DISCONNECTED @ https://www.facebook.com/nw/:0
[11493588ms] [ERROR] Failed to load resource: net::ERR_INTERNET_DISCONNECTED @ https://www.facebook.com/api/graphql/:0
[11496305ms] [ERROR] Failed to load resource: net::ERR_INTERNET_DISCONNECTED @ https://www.facebook.com/nw/:0
[11733253ms] [ERROR] Failed to load resource: net::ERR_INTERNET_DISCONNECTED @ https://www.facebook.com/api/graphql/:0
[11737373ms] [ERROR] Failed to load resource: net::ERR_INTERNET_DISCONNECTED @ https://www.facebook.com/nw/:0
[11738254ms] [ERROR] Failed to load resource: net::ERR_INTERNET_DISCONNECTED @ https://www.facebook.com/api/graphql/:0
[11743258ms] [ERROR] Failed to load resource: net::ERR_INTERNET_DISCONNECTED @ https://www.facebook.com/api/graphql/:0
[11743782ms] [ERROR] Failed to load resource: net::ERR_INTERNET_DISCONNECTED @ https://www.facebook.com/nw/:0
[11748260ms] [ERROR] Failed to load resource: net::ERR_INTERNET_DISCONNECTED @ https://www.facebook.com/api/graphql/:0
[11750193ms] [ERROR] Failed to load resource: net::ERR_INTERNET_DISCONNECTED @ https://www.facebook.com/nw/:0
[11753259ms] [ERROR] Failed to load resource: net::ERR_INTERNET_DISCONNECTED @ https://www.facebook.com/api/graphql/:0
[11756604ms] [ERROR] Failed to load resource: net::ERR_INTERNET_DISCONNECTED @ https://www.facebook.com/nw/:0
[11758260ms] [ERROR] Failed to load resource: net::ERR_INTERNET_DISCONNECTED @ https://www.facebook.com/api/graphql/:0
[11763016ms] [ERROR] Failed to load resource: net::ERR_INTERNET_DISCONNECTED @ https://www.facebook.com/nw/:0
[11763261ms] [ERROR] Failed to load resource: net::ERR_INTERNET_DISCONNECTED @ https://www.facebook.com/api/graphql/:0
[11768266ms] [ERROR] Failed to load resource: net::ERR_INTERNET_DISCONNECTED @ https://www.facebook.com/api/graphql/:0
[11769426ms] [ERROR] Failed to load resource: net::ERR_INTERNET_DISCONNECTED @ https://www.facebook.com/nw/:0
[11773267ms] [ERROR] Failed to load resource: net::ERR_INTERNET_DISCONNECTED @ https://www.facebook.com/api/graphql/:0
[11775836ms] [ERROR] Failed to load resource: net::ERR_INTERNET_DISCONNECTED @ https://www.facebook.com/nw/:0
[11778262ms] [ERROR] Failed to load resource: net::ERR_INTERNET_DISCONNECTED @ https://www.facebook.com/api/graphql/:0
[12286326ms] [ERROR] Failed to load resource: net::ERR_INTERNET_DISCONNECTED @ https://www.facebook.com/nw/:0
[12287348ms] [ERROR] Failed to load resource: net::ERR_INTERNET_DISCONNECTED @ https://www.facebook.com/api/graphql/:0
[12292344ms] [ERROR] Failed to load resource: net::ERR_INTERNET_DISCONNECTED @ https://www.facebook.com/api/graphql/:0
[12292736ms] [ERROR] Failed to load resource: net::ERR_INTERNET_DISCONNECTED @ https://www.facebook.com/nw/:0
[12297350ms] [ERROR] Failed to load resource: net::ERR_INTERNET_DISCONNECTED @ https://www.facebook.com/api/graphql/:0
[12299146ms] [ERROR] Failed to load resource: net::ERR_INTERNET_DISCONNECTED @ https://www.facebook.com/nw/:0
[12302351ms] [ERROR] Failed to load resource: net::ERR_INTERNET_DISCONNECTED @ https://www.facebook.com/api/graphql/:0
[12305557ms] [ERROR] Failed to load resource: net::ERR_INTERNET_DISCONNECTED @ https://www.facebook.com/nw/:0
[12307353ms] [ERROR] Failed to load resource: net::ERR_INTERNET_DISCONNECTED @ https://www.facebook.com/api/graphql/:0
[12311967ms] [ERROR] Failed to load resource: net::ERR_INTERNET_DISCONNECTED @ https://www.facebook.com/nw/:0
[12312354ms] [ERROR] Failed to load resource: net::ERR_INTERNET_DISCONNECTED @ https://www.facebook.com/api/graphql/:0
[12317358ms] [ERROR] Failed to load resource: net::ERR_INTERNET_DISCONNECTED @ https://www.facebook.com/api/graphql/:0
[12318379ms] [ERROR] Failed to load resource: net::ERR_INTERNET_DISCONNECTED @ https://www.facebook.com/nw/:0
[12322357ms] [ERROR] Failed to load resource: net::ERR_INTERNET_DISCONNECTED @ https://www.facebook.com/api/graphql/:0
[12324790ms] [ERROR] Failed to load resource: net::ERR_INTERNET_DISCONNECTED @ https://www.facebook.com/nw/:0
[12327361ms] [ERROR] Failed to load resource: net::ERR_INTERNET_DISCONNECTED @ https://www.facebook.com/api/graphql/:0
[12461278ms] [ERROR] Failed to load resource: net::ERR_INTERNET_DISCONNECTED @ https://www.facebook.com/nw/:0
[12462440ms] [ERROR] Failed to load resource: net::ERR_INTERNET_DISCONNECTED @ https://www.facebook.com/api/graphql/:0
[12467443ms] [ERROR] Failed to load resource: net::ERR_INTERNET_DISCONNECTED @ https://www.facebook.com/api/graphql/:0
[12467691ms] [ERROR] Failed to load resource: net::ERR_INTERNET_DISCONNECTED @ https://www.facebook.com/nw/:0
[12472444ms] [ERROR] Failed to load resource: net::ERR_INTERNET_DISCONNECTED @ https://www.facebook.com/api/graphql/:0
[12474102ms] [ERROR] Failed to load resource: net::ERR_INTERNET_DISCONNECTED @ https://www.facebook.com/nw/:0
[12477447ms] [ERROR] Failed to load resource: net::ERR_INTERNET_DISCONNECTED @ https://www.facebook.com/api/graphql/:0
[12480513ms] [ERROR] Failed to load resource: net::ERR_INTERNET_DISCONNECTED @ https://www.facebook.com/nw/:0
[12482443ms] [ERROR] Failed to load resource: net::ERR_INTERNET_DISCONNECTED @ https://www.facebook.com/api/graphql/:0
[12486927ms] [ERROR] Failed to load resource: net::ERR_INTERNET_DISCONNECTED @ https://www.facebook.com/nw/:0
[12487449ms] [ERROR] Failed to load resource: net::ERR_INTERNET_DISCONNECTED @ https://www.facebook.com/api/graphql/:0
[12492452ms] [ERROR] Failed to load resource: net::ERR_INTERNET_DISCONNECTED @ https://www.facebook.com/api/graphql/:0
[12493336ms] [ERROR] Failed to load resource: net::ERR_INTERNET_DISCONNECTED @ https://www.facebook.com/nw/:0
[12497454ms] [ERROR] Failed to load resource: net::ERR_INTERNET_DISCONNECTED @ https://www.facebook.com/api/graphql/:0
[12499746ms] [ERROR] Failed to load resource: net::ERR_INTERNET_DISCONNECTED @ https://www.facebook.com/nw/:0
[12502456ms] [ERROR] Failed to load resource: net::ERR_INTERNET_DISCONNECTED @ https://www.facebook.com/api/graphql/:0
[12506157ms] [ERROR] Failed to load resource: net::ERR_INTERNET_DISCONNECTED @ https://www.facebook.com/nw/:0
[13010644ms] [ERROR] Failed to load resource: net::ERR_INTERNET_DISCONNECTED @ https://www.facebook.com/api/graphql/:0
[13015620ms] [ERROR] Failed to load resource: net::ERR_INTERNET_DISCONNECTED @ https://www.facebook.com/api/graphql/:0
[13015626ms] [ERROR] Failed to load resource: net::ERR_INTERNET_DISCONNECTED @ https://www.facebook.com/nw/:0
[13020622ms] [ERROR] Failed to load resource: net::ERR_INTERNET_DISCONNECTED @ https://www.facebook.com/api/graphql/:0
[13022036ms] [ERROR] Failed to load resource: net::ERR_INTERNET_DISCONNECTED @ https://www.facebook.com/nw/:0
[13025625ms] [ERROR] Failed to load resource: net::ERR_INTERNET_DISCONNECTED @ https://www.facebook.com/api/graphql/:0
[13028449ms] [ERROR] Failed to load resource: net::ERR_INTERNET_DISCONNECTED @ https://www.facebook.com/nw/:0
[13030625ms] [ERROR] Failed to load resource: net::ERR_INTERNET_DISCONNECTED @ https://www.facebook.com/api/graphql/:0
[13034863ms] [ERROR] Failed to load resource: net::ERR_INTERNET_DISCONNECTED @ https://www.facebook.com/nw/:0
[13035626ms] [ERROR] Failed to load resource: net::ERR_INTERNET_DISCONNECTED @ https://www.facebook.com/api/graphql/:0
[13040629ms] [ERROR] Failed to load resource: net::ERR_INTERNET_DISCONNECTED @ https://www.facebook.com/api/graphql/:0
[13041273ms] [ERROR] Failed to load resource: net::ERR_INTERNET_DISCONNECTED @ https://www.facebook.com/nw/:0
[13045627ms] [ERROR] Failed to load resource: net::ERR_INTERNET_DISCONNECTED @ https://www.facebook.com/api/graphql/:0
[13047682ms] [ERROR] Failed to load resource: net::ERR_INTERNET_DISCONNECTED @ https://www.facebook.com/nw/:0
[13050638ms] [ERROR] Failed to load resource: net::ERR_INTERNET_DISCONNECTED @ https://www.facebook.com/api/graphql/:0
[13054099ms] [ERROR] Failed to load resource: net::ERR_INTERNET_DISCONNECTED @ https://www.facebook.com/nw/:0
[13055639ms] [ERROR] Failed to load resource: net::ERR_INTERNET_DISCONNECTED @ https://www.facebook.com/api/graphql/:0
[13564601ms] [ERROR] Failed to load resource: net::ERR_INTERNET_DISCONNECTED @ https://www.facebook.com/nw/:0
[13564729ms] [ERROR] Failed to load resource: net::ERR_INTERNET_DISCONNECTED @ https://www.facebook.com/api/graphql/:0
[13569728ms] [ERROR] Failed to load resource: net::ERR_INTERNET_DISCONNECTED @ https://www.facebook.com/api/graphql/:0
[13571016ms] [ERROR] Failed to load resource: net::ERR_INTERNET_DISCONNECTED @ https://www.facebook.com/nw/:0
[13574735ms] [ERROR] Failed to load resource: net::ERR_INTERNET_DISCONNECTED @ https://www.facebook.com/api/graphql/:0
[13577425ms] [ERROR] Failed to load resource: net::ERR_INTERNET_DISCONNECTED @ https://www.facebook.com/nw/:0
[13579737ms] [ERROR] Failed to load resource: net::ERR_INTERNET_DISCONNECTED @ https://www.facebook.com/api/graphql/:0
[13583836ms] [ERROR] Failed to load resource: net::ERR_INTERNET_DISCONNECTED @ https://www.facebook.com/nw/:0
[13584736ms] [ERROR] Failed to load resource: net::ERR_INTERNET_DISCONNECTED @ https://www.facebook.com/api/graphql/:0
[13589740ms] [ERROR] Failed to load resource: net::ERR_INTERNET_DISCONNECTED @ https://www.facebook.com/api/graphql/:0
[13590247ms] [ERROR] Failed to load resource: net::ERR_INTERNET_DISCONNECTED @ https://www.facebook.com/nw/:0
[13594741ms] [ERROR] Failed to load resource: net::ERR_INTERNET_DISCONNECTED @ https://www.facebook.com/api/graphql/:0
[13596657ms] [ERROR] Failed to load resource: net::ERR_INTERNET_DISCONNECTED @ https://www.facebook.com/nw/:0
[13599743ms] [ERROR] Failed to load resource: net::ERR_INTERNET_DISCONNECTED @ https://www.facebook.com/api/graphql/:0
[13603068ms] [ERROR] Failed to load resource: net::ERR_INTERNET_DISCONNECTED @ https://www.facebook.com/nw/:0
[13604745ms] [ERROR] Failed to load resource: net::ERR_INTERNET_DISCONNECTED @ https://www.facebook.com/api/graphql/:0
[14019525ms] [ERROR] Failed to load resource: net::ERR_INTERNET_DISCONNECTED @ https://www.facebook.com/nw/:0
[14019794ms] [ERROR] Failed to load resource: net::ERR_INTERNET_DISCONNECTED @ https://www.facebook.com/api/graphql/:0
[14024799ms] [ERROR] Failed to load resource: net::ERR_INTERNET_DISCONNECTED @ https://www.facebook.com/api/graphql/:0
[14025933ms] [ERROR] Failed to load resource: net::ERR_INTERNET_DISCONNECTED @ https://www.facebook.com/nw/:0
[14029805ms] [ERROR] Failed to load resource: net::ERR_INTERNET_DISCONNECTED @ https://www.facebook.com/api/graphql/:0
[14032345ms] [ERROR] Failed to load resource: net::ERR_INTERNET_DISCONNECTED @ https://www.facebook.com/nw/:0
[14034806ms] [ERROR] Failed to load resource: net::ERR_INTERNET_DISCONNECTED @ https://www.facebook.com/api/graphql/:0
[14038755ms] [ERROR] Failed to load resource: net::ERR_INTERNET_DISCONNECTED @ https://www.facebook.com/nw/:0
[14039807ms] [ERROR] Failed to load resource: net::ERR_INTERNET_DISCONNECTED @ https://www.facebook.com/api/graphql/:0
[14044809ms] [ERROR] Failed to load resource: net::ERR_INTERNET_DISCONNECTED @ https://www.facebook.com/api/graphql/:0
[14045165ms] [ERROR] Failed to load resource: net::ERR_INTERNET_DISCONNECTED @ https://www.facebook.com/nw/:0
[14049811ms] [ERROR] Failed to load resource: net::ERR_INTERNET_DISCONNECTED @ https://www.facebook.com/api/graphql/:0
[14051576ms] [ERROR] Failed to load resource: net::ERR_INTERNET_DISCONNECTED @ https://www.facebook.com/nw/:0
[14054811ms] [ERROR] Failed to load resource: net::ERR_INTERNET_DISCONNECTED @ https://www.facebook.com/api/graphql/:0
[14057986ms] [ERROR] Failed to load resource: net::ERR_INTERNET_DISCONNECTED @ https://www.facebook.com/nw/:0
[14059815ms] [ERROR] Failed to load resource: net::ERR_INTERNET_DISCONNECTED @ https://www.facebook.com/api/graphql/:0
[14064391ms] [ERROR] Failed to load resource: net::ERR_INTERNET_DISCONNECTED @ https://www.facebook.com/nw/:0
[14064814ms] [ERROR] Failed to load resource: net::ERR_INTERNET_DISCONNECTED @ https://www.facebook.com/api/graphql/:0
[14573877ms] [ERROR] Failed to load resource: net::ERR_INTERNET_DISCONNECTED @ https://www.facebook.com/api/graphql/:0
[14574868ms] [ERROR] Failed to load resource: net::ERR_INTERNET_DISCONNECTED @ https://www.facebook.com/nw/:0
[14578878ms] [ERROR] Failed to load resource: net::ERR_INTERNET_DISCONNECTED @ https://www.facebook.com/api/graphql/:0
[14581279ms] [ERROR] Failed to load resource: net::ERR_INTERNET_DISCONNECTED @ https://www.facebook.com/nw/:0
[14583875ms] [ERROR] Failed to load resource: net::ERR_INTERNET_DISCONNECTED @ https://www.facebook.com/api/graphql/:0
[14587690ms] [ERROR] Failed to load resource: net::ERR_INTERNET_DISCONNECTED @ https://www.facebook.com/nw/:0
[14588881ms] [ERROR] Failed to load resource: net::ERR_INTERNET_DISCONNECTED @ https://www.facebook.com/api/graphql/:0
[14593882ms] [ERROR] Failed to load resource: net::ERR_INTERNET_DISCONNECTED @ https://www.facebook.com/api/graphql/:0
[14594099ms] [ERROR] Failed to load resource: net::ERR_INTERNET_DISCONNECTED @ https://www.facebook.com/nw/:0
[14598885ms] [ERROR] Failed to load resource: net::ERR_INTERNET_DISCONNECTED @ https://www.facebook.com/api/graphql/:0
[14600510ms] [ERROR] Failed to load resource: net::ERR_INTERNET_DISCONNECTED @ https://www.facebook.com/nw/:0
[14603885ms] [ERROR] Failed to load resource: net::ERR_INTERNET_DISCONNECTED @ https://www.facebook.com/api/graphql/:0
[14606921ms] [ERROR] Failed to load resource: net::ERR_INTERNET_DISCONNECTED @ https://www.facebook.com/nw/:0
[14608889ms] [ERROR] Failed to load resource: net::ERR_INTERNET_DISCONNECTED @ https://www.facebook.com/api/graphql/:0
[14613331ms] [ERROR] Failed to load resource: net::ERR_INTERNET_DISCONNECTED @ https://www.facebook.com/nw/:0
[14613891ms] [ERROR] Failed to load resource: net::ERR_INTERNET_DISCONNECTED @ https://www.facebook.com/api/graphql/:0
[15121956ms] [ERROR] Failed to load resource: net::ERR_INTERNET_DISCONNECTED @ https://www.facebook.com/api/graphql/:0
[15122801ms] [ERROR] Failed to load resource: net::ERR_INTERNET_DISCONNECTED @ https://www.facebook.com/nw/:0
[15126960ms] [ERROR] Failed to load resource: net::ERR_INTERNET_DISCONNECTED @ https://www.facebook.com/api/graphql/:0
[15129212ms] [ERROR] Failed to load resource: net::ERR_INTERNET_DISCONNECTED @ https://www.facebook.com/nw/:0
[15131958ms] [ERROR] Failed to load resource: net::ERR_INTERNET_DISCONNECTED @ https://www.facebook.com/api/graphql/:0
[15135623ms] [ERROR] Failed to load resource: net::ERR_INTERNET_DISCONNECTED @ https://www.facebook.com/nw/:0
[15136963ms] [ERROR] Failed to load resource: net::ERR_INTERNET_DISCONNECTED @ https://www.facebook.com/api/graphql/:0
[15141967ms] [ERROR] Failed to load resource: net::ERR_INTERNET_DISCONNECTED @ https://www.facebook.com/api/graphql/:0
[15142032ms] [ERROR] Failed to load resource: net::ERR_INTERNET_DISCONNECTED @ https://www.facebook.com/nw/:0
[15146968ms] [ERROR] Failed to load resource: net::ERR_INTERNET_DISCONNECTED @ https://www.facebook.com/api/graphql/:0
[15148444ms] [ERROR] Failed to load resource: net::ERR_INTERNET_DISCONNECTED @ https://www.facebook.com/nw/:0
[15151966ms] [ERROR] Failed to load resource: net::ERR_INTERNET_DISCONNECTED @ https://www.facebook.com/api/graphql/:0
[15154855ms] [ERROR] Failed to load resource: net::ERR_INTERNET_DISCONNECTED @ https://www.facebook.com/nw/:0
[15156971ms] [ERROR] Failed to load resource: net::ERR_INTERNET_DISCONNECTED @ https://www.facebook.com/api/graphql/:0
[15161266ms] [ERROR] Failed to load resource: net::ERR_INTERNET_DISCONNECTED @ https://www.facebook.com/nw/:0
[15161973ms] [ERROR] Failed to load resource: net::ERR_INTERNET_DISCONNECTED @ https://www.facebook.com/api/graphql/:0
[15670072ms] [ERROR] Failed to load resource: net::ERR_INTERNET_DISCONNECTED @ https://www.facebook.com/api/graphql/:0
[15670774ms] [ERROR] Failed to load resource: net::ERR_INTERNET_DISCONNECTED @ https://www.facebook.com/nw/:0
[15675076ms] [ERROR] Failed to load resource: net::ERR_INTERNET_DISCONNECTED @ https://www.facebook.com/api/graphql/:0
[15677185ms] [ERROR] Failed to load resource: net::ERR_INTERNET_DISCONNECTED @ https://www.facebook.com/nw/:0
[15680078ms] [ERROR] Failed to load resource: net::ERR_INTERNET_DISCONNECTED @ https://www.facebook.com/api/graphql/:0
[15683595ms] [ERROR] Failed to load resource: net::ERR_INTERNET_DISCONNECTED @ https://www.facebook.com/nw/:0
[15685079ms] [ERROR] Failed to load resource: net::ERR_INTERNET_DISCONNECTED @ https://www.facebook.com/api/graphql/:0
[15690006ms] [ERROR] Failed to load resource: net::ERR_INTERNET_DISCONNECTED @ https://www.facebook.com/nw/:0
[15690077ms] [ERROR] Failed to load resource: net::ERR_INTERNET_DISCONNECTED @ https://www.facebook.com/api/graphql/:0
[15695080ms] [ERROR] Failed to load resource: net::ERR_INTERNET_DISCONNECTED @ https://www.facebook.com/api/graphql/:0
[15696417ms] [ERROR] Failed to load resource: net::ERR_INTERNET_DISCONNECTED @ https://www.facebook.com/nw/:0
[15700080ms] [ERROR] Failed to load resource: net::ERR_INTERNET_DISCONNECTED @ https://www.facebook.com/api/graphql/:0
[15702829ms] [ERROR] Failed to load resource: net::ERR_INTERNET_DISCONNECTED @ https://www.facebook.com/nw/:0
[15705081ms] [ERROR] Failed to load resource: net::ERR_INTERNET_DISCONNECTED @ https://www.facebook.com/api/graphql/:0
[15709239ms] [ERROR] Failed to load resource: net::ERR_INTERNET_DISCONNECTED @ https://www.facebook.com/nw/:0
[15710081ms] [ERROR] Failed to load resource: net::ERR_INTERNET_DISCONNECTED @ https://www.facebook.com/api/graphql/:0
[15715087ms] [ERROR] Failed to load resource: net::ERR_INTERNET_DISCONNECTED @ https://www.facebook.com/api/graphql/:0
[15715646ms] [ERROR] Failed to load resource: net::ERR_INTERNET_DISCONNECTED @ https://www.facebook.com/nw/:0
[16224144ms] [ERROR] Failed to load resource: net::ERR_INTERNET_DISCONNECTED @ https://www.facebook.com/api/graphql/:0
[16226115ms] [ERROR] Failed to load resource: net::ERR_INTERNET_DISCONNECTED @ https://www.facebook.com/nw/:0
[16229144ms] [ERROR] Failed to load resource: net::ERR_INTERNET_DISCONNECTED @ https://www.facebook.com/api/graphql/:0
[16232524ms] [ERROR] Failed to load resource: net::ERR_INTERNET_DISCONNECTED @ https://www.facebook.com/nw/:0
[16234148ms] [ERROR] Failed to load resource: net::ERR_INTERNET_DISCONNECTED @ https://www.facebook.com/api/graphql/:0
[16238935ms] [ERROR] Failed to load resource: net::ERR_INTERNET_DISCONNECTED @ https://www.facebook.com/nw/:0
[16239148ms] [ERROR] Failed to load resource: net::ERR_INTERNET_DISCONNECTED @ https://www.facebook.com/api/graphql/:0
[16244151ms] [ERROR] Failed to load resource: net::ERR_INTERNET_DISCONNECTED @ https://www.facebook.com/api/graphql/:0
[16245345ms] [ERROR] Failed to load resource: net::ERR_INTERNET_DISCONNECTED @ https://www.facebook.com/nw/:0
[16249155ms] [ERROR] Failed to load resource: net::ERR_INTERNET_DISCONNECTED @ https://www.facebook.com/api/graphql/:0
[16251755ms] [ERROR] Failed to load resource: net::ERR_INTERNET_DISCONNECTED @ https://www.facebook.com/nw/:0
[16254157ms] [ERROR] Failed to load resource: net::ERR_INTERNET_DISCONNECTED @ https://www.facebook.com/api/graphql/:0
[16258165ms] [ERROR] Failed to load resource: net::ERR_INTERNET_DISCONNECTED @ https://www.facebook.com/nw/:0
[16259159ms] [ERROR] Failed to load resource: net::ERR_INTERNET_DISCONNECTED @ https://www.facebook.com/api/graphql/:0
[16264161ms] [ERROR] Failed to load resource: net::ERR_INTERNET_DISCONNECTED @ https://www.facebook.com/api/graphql/:0
[16264574ms] [ERROR] Failed to load resource: net::ERR_INTERNET_DISCONNECTED @ https://www.facebook.com/nw/:0
[16772255ms] [ERROR] Failed to load resource: net::ERR_INTERNET_DISCONNECTED @ https://www.facebook.com/api/graphql/:0
[16774083ms] [ERROR] Failed to load resource: net::ERR_INTERNET_DISCONNECTED @ https://www.facebook.com/nw/:0
[16777258ms] [ERROR] Failed to load resource: net::ERR_INTERNET_DISCONNECTED @ https://www.facebook.com/api/graphql/:0
[16780492ms] [ERROR] Failed to load resource: net::ERR_INTERNET_DISCONNECTED @ https://www.facebook.com/nw/:0
[16782264ms] [ERROR] Failed to load resource: net::ERR_INTERNET_DISCONNECTED @ https://www.facebook.com/api/graphql/:0
[16786903ms] [ERROR] Failed to load resource: net::ERR_INTERNET_DISCONNECTED @ https://www.facebook.com/nw/:0
[16787265ms] [ERROR] Failed to load resource: net::ERR_INTERNET_DISCONNECTED @ https://www.facebook.com/api/graphql/:0
[16792269ms] [ERROR] Failed to load resource: net::ERR_INTERNET_DISCONNECTED @ https://www.facebook.com/api/graphql/:0
[16793316ms] [ERROR] Failed to load resource: net::ERR_INTERNET_DISCONNECTED @ https://www.facebook.com/nw/:0
[16797271ms] [ERROR] Failed to load resource: net::ERR_INTERNET_DISCONNECTED @ https://www.facebook.com/api/graphql/:0
[16799727ms] [ERROR] Failed to load resource: net::ERR_INTERNET_DISCONNECTED @ https://www.facebook.com/nw/:0
[16802274ms] [ERROR] Failed to load resource: net::ERR_INTERNET_DISCONNECTED @ https://www.facebook.com/api/graphql/:0
[16806138ms] [ERROR] Failed to load resource: net::ERR_INTERNET_DISCONNECTED @ https://www.facebook.com/nw/:0
[16807276ms] [ERROR] Failed to load resource: net::ERR_INTERNET_DISCONNECTED @ https://www.facebook.com/api/graphql/:0
[16812276ms] [ERROR] Failed to load resource: net::ERR_INTERNET_DISCONNECTED @ https://www.facebook.com/api/graphql/:0
[16812548ms] [ERROR] Failed to load resource: net::ERR_INTERNET_DISCONNECTED @ https://www.facebook.com/nw/:0
[16817276ms] [ERROR] Failed to load resource: net::ERR_INTERNET_DISCONNECTED @ https://www.facebook.com/api/graphql/:0
[17323054ms] [ERROR] Failed to load resource: net::ERR_INTERNET_DISCONNECTED @ https://www.facebook.com/nw/:0
[17326374ms] [ERROR] Failed to load resource: net::ERR_INTERNET_DISCONNECTED @ https://www.facebook.com/api/graphql/:0
[17329461ms] [ERROR] Failed to load resource: net::ERR_INTERNET_DISCONNECTED @ https://www.facebook.com/nw/:0
[17331381ms] [ERROR] Failed to load resource: net::ERR_INTERNET_DISCONNECTED @ https://www.facebook.com/api/graphql/:0
[17335872ms] [ERROR] Failed to load resource: net::ERR_INTERNET_DISCONNECTED @ https://www.facebook.com/nw/:0
[17336376ms] [ERROR] Failed to load resource: net::ERR_INTERNET_DISCONNECTED @ https://www.facebook.com/api/graphql/:0
[17341378ms] [ERROR] Failed to load resource: net::ERR_INTERNET_DISCONNECTED @ https://www.facebook.com/api/graphql/:0
[17342282ms] [ERROR] Failed to load resource: net::ERR_INTERNET_DISCONNECTED @ https://www.facebook.com/nw/:0
[17346380ms] [ERROR] Failed to load resource: net::ERR_INTERNET_DISCONNECTED @ https://www.facebook.com/api/graphql/:0
[17348694ms] [ERROR] Failed to load resource: net::ERR_INTERNET_DISCONNECTED @ https://www.facebook.com/nw/:0
[17351387ms] [ERROR] Failed to load resource: net::ERR_INTERNET_DISCONNECTED @ https://www.facebook.com/api/graphql/:0
[17355105ms] [ERROR] Failed to load resource: net::ERR_INTERNET_DISCONNECTED @ https://www.facebook.com/nw/:0
[17356388ms] [ERROR] Failed to load resource: net::ERR_INTERNET_DISCONNECTED @ https://www.facebook.com/api/graphql/:0
[17361389ms] [ERROR] Failed to load resource: net::ERR_INTERNET_DISCONNECTED @ https://www.facebook.com/api/graphql/:0
[17361514ms] [ERROR] Failed to load resource: net::ERR_INTERNET_DISCONNECTED @ https://www.facebook.com/nw/:0
[17366393ms] [ERROR] Failed to load resource: net::ERR_INTERNET_DISCONNECTED @ https://www.facebook.com/api/graphql/:0
[17367924ms] [ERROR] Failed to load resource: net::ERR_INTERNET_DISCONNECTED @ https://www.facebook.com/nw/:0
[17681432ms] [ERROR] Failed to load resource: net::ERR_INTERNET_DISCONNECTED @ https://www.facebook.com/api/graphql/:0
[17684366ms] [ERROR] Failed to load resource: net::ERR_INTERNET_DISCONNECTED @ https://www.facebook.com/nw/:0
[17686431ms] [ERROR] Failed to load resource: net::ERR_INTERNET_DISCONNECTED @ https://www.facebook.com/api/graphql/:0
[17690775ms] [ERROR] Failed to load resource: net::ERR_INTERNET_DISCONNECTED @ https://www.facebook.com/nw/:0
[17691433ms] [ERROR] Failed to load resource: net::ERR_INTERNET_DISCONNECTED @ https://www.facebook.com/api/graphql/:0
[17696435ms] [ERROR] Failed to load resource: net::ERR_INTERNET_DISCONNECTED @ https://www.facebook.com/api/graphql/:0
[17697184ms] [ERROR] Failed to load resource: net::ERR_INTERNET_DISCONNECTED @ https://www.facebook.com/nw/:0
[17701437ms] [ERROR] Failed to load resource: net::ERR_INTERNET_DISCONNECTED @ https://www.facebook.com/api/graphql/:0
[17703595ms] [ERROR] Failed to load resource: net::ERR_INTERNET_DISCONNECTED @ https://www.facebook.com/nw/:0
[17706439ms] [ERROR] Failed to load resource: net::ERR_INTERNET_DISCONNECTED @ https://www.facebook.com/api/graphql/:0
[17710007ms] [ERROR] Failed to load resource: net::ERR_INTERNET_DISCONNECTED @ https://www.facebook.com/nw/:0
[17711443ms] [ERROR] Failed to load resource: net::ERR_INTERNET_DISCONNECTED @ https://www.facebook.com/api/graphql/:0
[17716418ms] [ERROR] Failed to load resource: net::ERR_INTERNET_DISCONNECTED @ https://www.facebook.com/nw/:0
[17716441ms] [ERROR] Failed to load resource: net::ERR_INTERNET_DISCONNECTED @ https://www.facebook.com/api/graphql/:0
[17721446ms] [ERROR] Failed to load resource: net::ERR_INTERNET_DISCONNECTED @ https://www.facebook.com/api/graphql/:0
[17722828ms] [ERROR] Failed to load resource: net::ERR_INTERNET_DISCONNECTED @ https://www.facebook.com/nw/:0
[18230530ms] [ERROR] Failed to load resource: net::ERR_INTERNET_DISCONNECTED @ https://www.facebook.com/api/graphql/:0
[18233329ms] [ERROR] Failed to load resource: net::ERR_INTERNET_DISCONNECTED @ https://www.facebook.com/nw/:0
[18235534ms] [ERROR] Failed to load resource: net::ERR_INTERNET_DISCONNECTED @ https://www.facebook.com/api/graphql/:0
[18239745ms] [ERROR] Failed to load resource: net::ERR_INTERNET_DISCONNECTED @ https://www.facebook.com/nw/:0
[18240535ms] [ERROR] Failed to load resource: net::ERR_INTERNET_DISCONNECTED @ https://www.facebook.com/api/graphql/:0
[18245538ms] [ERROR] Failed to load resource: net::ERR_INTERNET_DISCONNECTED @ https://www.facebook.com/api/graphql/:0
[18246156ms] [ERROR] Failed to load resource: net::ERR_INTERNET_DISCONNECTED @ https://www.facebook.com/nw/:0
[18250540ms] [ERROR] Failed to load resource: net::ERR_INTERNET_DISCONNECTED @ https://www.facebook.com/api/graphql/:0
[18252567ms] [ERROR] Failed to load resource: net::ERR_INTERNET_DISCONNECTED @ https://www.facebook.com/nw/:0
[18255540ms] [ERROR] Failed to load resource: net::ERR_INTERNET_DISCONNECTED @ https://www.facebook.com/api/graphql/:0
[18258978ms] [ERROR] Failed to load resource: net::ERR_INTERNET_DISCONNECTED @ https://www.facebook.com/nw/:0
[18260541ms] [ERROR] Failed to load resource: net::ERR_INTERNET_DISCONNECTED @ https://www.facebook.com/api/graphql/:0
[18265388ms] [ERROR] Failed to load resource: net::ERR_INTERNET_DISCONNECTED @ https://www.facebook.com/nw/:0
[18265541ms] [ERROR] Failed to load resource: net::ERR_INTERNET_DISCONNECTED @ https://www.facebook.com/api/graphql/:0
[18270546ms] [ERROR] Failed to load resource: net::ERR_INTERNET_DISCONNECTED @ https://www.facebook.com/api/graphql/:0
[18271798ms] [ERROR] Failed to load resource: net::ERR_INTERNET_DISCONNECTED @ https://www.facebook.com/nw/:0
[18275540ms] [ERROR] Failed to load resource: net::ERR_INTERNET_DISCONNECTED @ https://www.facebook.com/api/graphql/:0
[18782276ms] [ERROR] Failed to load resource: net::ERR_INTERNET_DISCONNECTED @ https://www.facebook.com/nw/:0
[18784616ms] [ERROR] Failed to load resource: net::ERR_INTERNET_DISCONNECTED @ https://www.facebook.com/api/graphql/:0
[18788684ms] [ERROR] Failed to load resource: net::ERR_INTERNET_DISCONNECTED @ https://www.facebook.com/nw/:0
[18789615ms] [ERROR] Failed to load resource: net::ERR_INTERNET_DISCONNECTED @ https://www.facebook.com/api/graphql/:0
[18794619ms] [ERROR] Failed to load resource: net::ERR_INTERNET_DISCONNECTED @ https://www.facebook.com/api/graphql/:0
[18795094ms] [ERROR] Failed to load resource: net::ERR_INTERNET_DISCONNECTED @ https://www.facebook.com/nw/:0
[18799620ms] [ERROR] Failed to load resource: net::ERR_INTERNET_DISCONNECTED @ https://www.facebook.com/api/graphql/:0
[18801506ms] [ERROR] Failed to load resource: net::ERR_INTERNET_DISCONNECTED @ https://www.facebook.com/nw/:0
[18804621ms] [ERROR] Failed to load resource: net::ERR_INTERNET_DISCONNECTED @ https://www.facebook.com/api/graphql/:0
[18807917ms] [ERROR] Failed to load resource: net::ERR_INTERNET_DISCONNECTED @ https://www.facebook.com/nw/:0
[18809623ms] [ERROR] Failed to load resource: net::ERR_INTERNET_DISCONNECTED @ https://www.facebook.com/api/graphql/:0
[18814325ms] [ERROR] Failed to load resource: net::ERR_INTERNET_DISCONNECTED @ https://www.facebook.com/nw/:0
[18814623ms] [ERROR] Failed to load resource: net::ERR_INTERNET_DISCONNECTED @ https://www.facebook.com/api/graphql/:0
[18819626ms] [ERROR] Failed to load resource: net::ERR_INTERNET_DISCONNECTED @ https://www.facebook.com/api/graphql/:0
[18820736ms] [ERROR] Failed to load resource: net::ERR_INTERNET_DISCONNECTED @ https://www.facebook.com/nw/:0
[18824627ms] [ERROR] Failed to load resource: net::ERR_INTERNET_DISCONNECTED @ https://www.facebook.com/api/graphql/:0
[18827147ms] [ERROR] Failed to load resource: net::ERR_INTERNET_DISCONNECTED @ https://www.facebook.com/nw/:0
[19333722ms] [ERROR] Failed to load resource: net::ERR_INTERNET_DISCONNECTED @ https://www.facebook.com/api/graphql/:0
[19337645ms] [ERROR] Failed to load resource: net::ERR_INTERNET_DISCONNECTED @ https://www.facebook.com/nw/:0
[19338719ms] [ERROR] Failed to load resource: net::ERR_INTERNET_DISCONNECTED @ https://www.facebook.com/api/graphql/:0
[19343720ms] [ERROR] Failed to load resource: net::ERR_INTERNET_DISCONNECTED @ https://www.facebook.com/api/graphql/:0
[19344055ms] [ERROR] Failed to load resource: net::ERR_INTERNET_DISCONNECTED @ https://www.facebook.com/nw/:0
[19348724ms] [ERROR] Failed to load resource: net::ERR_INTERNET_DISCONNECTED @ https://www.facebook.com/api/graphql/:0
[19350466ms] [ERROR] Failed to load resource: net::ERR_INTERNET_DISCONNECTED @ https://www.facebook.com/nw/:0
[19353726ms] [ERROR] Failed to load resource: net::ERR_INTERNET_DISCONNECTED @ https://www.facebook.com/api/graphql/:0
[19356878ms] [ERROR] Failed to load resource: net::ERR_INTERNET_DISCONNECTED @ https://www.facebook.com/nw/:0
[19358728ms] [ERROR] Failed to load resource: net::ERR_INTERNET_DISCONNECTED @ https://www.facebook.com/api/graphql/:0
[19363289ms] [ERROR] Failed to load resource: net::ERR_INTERNET_DISCONNECTED @ https://www.facebook.com/nw/:0
[19363727ms] [ERROR] Failed to load resource: net::ERR_INTERNET_DISCONNECTED @ https://www.facebook.com/api/graphql/:0
[19368731ms] [ERROR] Failed to load resource: net::ERR_INTERNET_DISCONNECTED @ https://www.facebook.com/api/graphql/:0
[19369698ms] [ERROR] Failed to load resource: net::ERR_INTERNET_DISCONNECTED @ https://www.facebook.com/nw/:0
[19373734ms] [ERROR] Failed to load resource: net::ERR_INTERNET_DISCONNECTED @ https://www.facebook.com/api/graphql/:0
[19376109ms] [ERROR] Failed to load resource: net::ERR_INTERNET_DISCONNECTED @ https://www.facebook.com/nw/:0
[19881794ms] [ERROR] Failed to load resource: net::ERR_INTERNET_DISCONNECTED @ https://www.facebook.com/api/graphql/:0
[19885581ms] [ERROR] Failed to load resource: net::ERR_INTERNET_DISCONNECTED @ https://www.facebook.com/nw/:0
[19886798ms] [ERROR] Failed to load resource: net::ERR_INTERNET_DISCONNECTED @ https://www.facebook.com/api/graphql/:0
[19891801ms] [ERROR] Failed to load resource: net::ERR_INTERNET_DISCONNECTED @ https://www.facebook.com/api/graphql/:0
[19891990ms] [ERROR] Failed to load resource: net::ERR_INTERNET_DISCONNECTED @ https://www.facebook.com/nw/:0
[19896804ms] [ERROR] Failed to load resource: net::ERR_INTERNET_DISCONNECTED @ https://www.facebook.com/api/graphql/:0
[19898401ms] [ERROR] Failed to load resource: net::ERR_INTERNET_DISCONNECTED @ https://www.facebook.com/nw/:0
[19901804ms] [ERROR] Failed to load resource: net::ERR_INTERNET_DISCONNECTED @ https://www.facebook.com/api/graphql/:0
[19904811ms] [ERROR] Failed to load resource: net::ERR_INTERNET_DISCONNECTED @ https://www.facebook.com/nw/:0
[19906804ms] [ERROR] Failed to load resource: net::ERR_INTERNET_DISCONNECTED @ https://www.facebook.com/api/graphql/:0
[19911221ms] [ERROR] Failed to load resource: net::ERR_INTERNET_DISCONNECTED @ https://www.facebook.com/nw/:0
[19911804ms] [ERROR] Failed to load resource: net::ERR_INTERNET_DISCONNECTED @ https://www.facebook.com/api/graphql/:0
[19916811ms] [ERROR] Failed to load resource: net::ERR_INTERNET_DISCONNECTED @ https://www.facebook.com/api/graphql/:0
[19917633ms] [ERROR] Failed to load resource: net::ERR_INTERNET_DISCONNECTED @ https://www.facebook.com/nw/:0
[19921811ms] [ERROR] Failed to load resource: net::ERR_INTERNET_DISCONNECTED @ https://www.facebook.com/api/graphql/:0
[19924044ms] [ERROR] Failed to load resource: net::ERR_INTERNET_DISCONNECTED @ https://www.facebook.com/nw/:0
[19926811ms] [ERROR] Failed to load resource: net::ERR_INTERNET_DISCONNECTED @ https://www.facebook.com/api/graphql/:0
[20434543ms] [ERROR] Failed to load resource: net::ERR_INTERNET_DISCONNECTED @ https://www.facebook.com/nw/:0
[20435904ms] [ERROR] Failed to load resource: net::ERR_INTERNET_DISCONNECTED @ https://www.facebook.com/api/graphql/:0
[20440908ms] [ERROR] Failed to load resource: net::ERR_INTERNET_DISCONNECTED @ https://www.facebook.com/api/graphql/:0
[20440950ms] [ERROR] Failed to load resource: net::ERR_INTERNET_DISCONNECTED @ https://www.facebook.com/nw/:0
[20445908ms] [ERROR] Failed to load resource: net::ERR_INTERNET_DISCONNECTED @ https://www.facebook.com/api/graphql/:0
[20447361ms] [ERROR] Failed to load resource: net::ERR_INTERNET_DISCONNECTED @ https://www.facebook.com/nw/:0
[20450912ms] [ERROR] Failed to load resource: net::ERR_INTERNET_DISCONNECTED @ https://www.facebook.com/api/graphql/:0
[20453776ms] [ERROR] Failed to load resource: net::ERR_INTERNET_DISCONNECTED @ https://www.facebook.com/nw/:0
[20455914ms] [ERROR] Failed to load resource: net::ERR_INTERNET_DISCONNECTED @ https://www.facebook.com/api/graphql/:0
[20460187ms] [ERROR] Failed to load resource: net::ERR_INTERNET_DISCONNECTED @ https://www.facebook.com/nw/:0
[20460914ms] [ERROR] Failed to load resource: net::ERR_INTERNET_DISCONNECTED @ https://www.facebook.com/api/graphql/:0
[20465916ms] [ERROR] Failed to load resource: net::ERR_INTERNET_DISCONNECTED @ https://www.facebook.com/api/graphql/:0
[20466596ms] [ERROR] Failed to load resource: net::ERR_INTERNET_DISCONNECTED @ https://www.facebook.com/nw/:0
[20470917ms] [ERROR] Failed to load resource: net::ERR_INTERNET_DISCONNECTED @ https://www.facebook.com/api/graphql/:0
[20473007ms] [ERROR] Failed to load resource: net::ERR_INTERNET_DISCONNECTED @ https://www.facebook.com/nw/:0
[20475920ms] [ERROR] Failed to load resource: net::ERR_INTERNET_DISCONNECTED @ https://www.facebook.com/api/graphql/:0
[20479419ms] [ERROR] Failed to load resource: net::ERR_INTERNET_DISCONNECTED @ https://www.facebook.com/nw/:0
[20984975ms] [ERROR] Failed to load resource: net::ERR_INTERNET_DISCONNECTED @ https://www.facebook.com/api/graphql/:0
[20989878ms] [ERROR] Failed to load resource: net::ERR_INTERNET_DISCONNECTED @ https://www.facebook.com/nw/:0
[20990009ms] [ERROR] Failed to load resource: net::ERR_INTERNET_DISCONNECTED @ https://www.facebook.com/api/graphql/:0
[20994982ms] [ERROR] Failed to load resource: net::ERR_INTERNET_DISCONNECTED @ https://www.facebook.com/api/graphql/:0
[20996289ms] [ERROR] Failed to load resource: net::ERR_INTERNET_DISCONNECTED @ https://www.facebook.com/nw/:0
[20999984ms] [ERROR] Failed to load resource: net::ERR_INTERNET_DISCONNECTED @ https://www.facebook.com/api/graphql/:0
[21002700ms] [ERROR] Failed to load resource: net::ERR_INTERNET_DISCONNECTED @ https://www.facebook.com/nw/:0
[21004986ms] [ERROR] Failed to load resource: net::ERR_INTERNET_DISCONNECTED @ https://www.facebook.com/api/graphql/:0
[21009111ms] [ERROR] Failed to load resource: net::ERR_INTERNET_DISCONNECTED @ https://www.facebook.com/nw/:0
[21009987ms] [ERROR] Failed to load resource: net::ERR_INTERNET_DISCONNECTED @ https://www.facebook.com/api/graphql/:0
[21014990ms] [ERROR] Failed to load resource: net::ERR_INTERNET_DISCONNECTED @ https://www.facebook.com/api/graphql/:0
[21015520ms] [ERROR] Failed to load resource: net::ERR_INTERNET_DISCONNECTED @ https://www.facebook.com/nw/:0
[21019991ms] [ERROR] Failed to load resource: net::ERR_INTERNET_DISCONNECTED @ https://www.facebook.com/api/graphql/:0
[21021930ms] [ERROR] Failed to load resource: net::ERR_INTERNET_DISCONNECTED @ https://www.facebook.com/nw/:0
[21024993ms] [ERROR] Failed to load resource: net::ERR_INTERNET_DISCONNECTED @ https://www.facebook.com/api/graphql/:0
[21028340ms] [ERROR] Failed to load resource: net::ERR_INTERNET_DISCONNECTED @ https://www.facebook.com/nw/:0
[21029996ms] [ERROR] Failed to load resource: net::ERR_INTERNET_DISCONNECTED @ https://www.facebook.com/api/graphql/:0
[21342803ms] [ERROR] Failed to load resource: net::ERR_INTERNET_DISCONNECTED @ https://www.facebook.com/nw/:0
[21343049ms] [ERROR] Failed to load resource: net::ERR_INTERNET_DISCONNECTED @ https://www.facebook.com/api/graphql/:0
[21348053ms] [ERROR] Failed to load resource: net::ERR_INTERNET_DISCONNECTED @ https://www.facebook.com/api/graphql/:0
[21349216ms] [ERROR] Failed to load resource: net::ERR_INTERNET_DISCONNECTED @ https://www.facebook.com/nw/:0
[21353055ms] [ERROR] Failed to load resource: net::ERR_INTERNET_DISCONNECTED @ https://www.facebook.com/api/graphql/:0
[21355628ms] [ERROR] Failed to load resource: net::ERR_INTERNET_DISCONNECTED @ https://www.facebook.com/nw/:0
[21358056ms] [ERROR] Failed to load resource: net::ERR_INTERNET_DISCONNECTED @ https://www.facebook.com/api/graphql/:0
[21362038ms] [ERROR] Failed to load resource: net::ERR_INTERNET_DISCONNECTED @ https://www.facebook.com/nw/:0
[21363069ms] [ERROR] Failed to load resource: net::ERR_INTERNET_DISCONNECTED @ https://www.facebook.com/api/graphql/:0
[21368066ms] [ERROR] Failed to load resource: net::ERR_INTERNET_DISCONNECTED @ https://www.facebook.com/api/graphql/:0
[21368447ms] [ERROR] Failed to load resource: net::ERR_INTERNET_DISCONNECTED @ https://www.facebook.com/nw/:0
[21373065ms] [ERROR] Failed to load resource: net::ERR_INTERNET_DISCONNECTED @ https://www.facebook.com/api/graphql/:0
[21374859ms] [ERROR] Failed to load resource: net::ERR_INTERNET_DISCONNECTED @ https://www.facebook.com/nw/:0
[21378066ms] [ERROR] Failed to load resource: net::ERR_INTERNET_DISCONNECTED @ https://www.facebook.com/api/graphql/:0
[21381269ms] [ERROR] Failed to load resource: net::ERR_INTERNET_DISCONNECTED @ https://www.facebook.com/nw/:0
[21383069ms] [ERROR] Failed to load resource: net::ERR_INTERNET_DISCONNECTED @ https://www.facebook.com/api/graphql/:0
[21890749ms] [ERROR] Failed to load resource: net::ERR_INTERNET_DISCONNECTED @ https://www.facebook.com/nw/:0
[21891139ms] [ERROR] Failed to load resource: net::ERR_INTERNET_DISCONNECTED @ https://www.facebook.com/api/graphql/:0
[21896140ms] [ERROR] Failed to load resource: net::ERR_INTERNET_DISCONNECTED @ https://www.facebook.com/api/graphql/:0
[21897160ms] [ERROR] Failed to load resource: net::ERR_INTERNET_DISCONNECTED @ https://www.facebook.com/nw/:0
[21901134ms] [ERROR] Failed to load resource: net::ERR_INTERNET_DISCONNECTED @ https://www.facebook.com/api/graphql/:0
[21903572ms] [ERROR] Failed to load resource: net::ERR_INTERNET_DISCONNECTED @ https://www.facebook.com/nw/:0
[21906142ms] [ERROR] Failed to load resource: net::ERR_INTERNET_DISCONNECTED @ https://www.facebook.com/api/graphql/:0
[21909983ms] [ERROR] Failed to load resource: net::ERR_INTERNET_DISCONNECTED @ https://www.facebook.com/nw/:0
[21911141ms] [ERROR] Failed to load resource: net::ERR_INTERNET_DISCONNECTED @ https://www.facebook.com/api/graphql/:0
[21916146ms] [ERROR] Failed to load resource: net::ERR_INTERNET_DISCONNECTED @ https://www.facebook.com/api/graphql/:0
[21916393ms] [ERROR] Failed to load resource: net::ERR_INTERNET_DISCONNECTED @ https://www.facebook.com/nw/:0
[21921147ms] [ERROR] Failed to load resource: net::ERR_INTERNET_DISCONNECTED @ https://www.facebook.com/api/graphql/:0
[21922803ms] [ERROR] Failed to load resource: net::ERR_INTERNET_DISCONNECTED @ https://www.facebook.com/nw/:0
[21926149ms] [ERROR] Failed to load resource: net::ERR_INTERNET_DISCONNECTED @ https://www.facebook.com/api/graphql/:0
[21929214ms] [ERROR] Failed to load resource: net::ERR_INTERNET_DISCONNECTED @ https://www.facebook.com/nw/:0
[21931151ms] [ERROR] Failed to load resource: net::ERR_INTERNET_DISCONNECTED @ https://www.facebook.com/api/graphql/:0
[22439746ms] [ERROR] Failed to load resource: net::ERR_INTERNET_DISCONNECTED @ https://www.facebook.com/nw/:0
[22440222ms] [ERROR] Failed to load resource: net::ERR_INTERNET_DISCONNECTED @ https://www.facebook.com/api/graphql/:0
[22445231ms] [ERROR] Failed to load resource: net::ERR_INTERNET_DISCONNECTED @ https://www.facebook.com/api/graphql/:0
[22446157ms] [ERROR] Failed to load resource: net::ERR_INTERNET_DISCONNECTED @ https://www.facebook.com/nw/:0
[22450232ms] [ERROR] Failed to load resource: net::ERR_INTERNET_DISCONNECTED @ https://www.facebook.com/api/graphql/:0
[22452568ms] [ERROR] Failed to load resource: net::ERR_INTERNET_DISCONNECTED @ https://www.facebook.com/nw/:0
[22455232ms] [ERROR] Failed to load resource: net::ERR_INTERNET_DISCONNECTED @ https://www.facebook.com/api/graphql/:0
[22458977ms] [ERROR] Failed to load resource: net::ERR_INTERNET_DISCONNECTED @ https://www.facebook.com/nw/:0
[22460237ms] [ERROR] Failed to load resource: net::ERR_INTERNET_DISCONNECTED @ https://www.facebook.com/api/graphql/:0
[22465231ms] [ERROR] Failed to load resource: net::ERR_INTERNET_DISCONNECTED @ https://www.facebook.com/api/graphql/:0
[22465385ms] [ERROR] Failed to load resource: net::ERR_INTERNET_DISCONNECTED @ https://www.facebook.com/nw/:0
[22470236ms] [ERROR] Failed to load resource: net::ERR_INTERNET_DISCONNECTED @ https://www.facebook.com/api/graphql/:0
[22471794ms] [ERROR] Failed to load resource: net::ERR_INTERNET_DISCONNECTED @ https://www.facebook.com/nw/:0
[22475241ms] [ERROR] Failed to load resource: net::ERR_INTERNET_DISCONNECTED @ https://www.facebook.com/api/graphql/:0
[22478205ms] [ERROR] Failed to load resource: net::ERR_INTERNET_DISCONNECTED @ https://www.facebook.com/nw/:0
[22480242ms] [ERROR] Failed to load resource: net::ERR_INTERNET_DISCONNECTED @ https://www.facebook.com/api/graphql/:0
[22484617ms] [ERROR] Failed to load resource: net::ERR_INTERNET_DISCONNECTED @ https://www.facebook.com/nw/:0
[22485250ms] [ERROR] Failed to load resource: net::ERR_INTERNET_DISCONNECTED @ https://www.facebook.com/api/graphql/:0
[22522847ms] [ERROR] Failed to load resource: net::ERR_INTERNET_DISCONNECTED @ https://www.facebook.com/api/graphql/:0
[22523631ms] [ERROR] Failed to load resource: net::ERR_INTERNET_DISCONNECTED @ https://www.facebook.com/nw/:0
[22527851ms] [ERROR] Failed to load resource: net::ERR_INTERNET_DISCONNECTED @ https://www.facebook.com/api/graphql/:0
[22530044ms] [ERROR] Failed to load resource: net::ERR_INTERNET_DISCONNECTED @ https://www.facebook.com/nw/:0
[22532853ms] [ERROR] Failed to load resource: net::ERR_INTERNET_DISCONNECTED @ https://www.facebook.com/api/graphql/:0
[22536453ms] [ERROR] Failed to load resource: net::ERR_INTERNET_DISCONNECTED @ https://www.facebook.com/nw/:0
[22537848ms] [ERROR] Failed to load resource: net::ERR_INTERNET_DISCONNECTED @ https://www.facebook.com/api/graphql/:0
[22542855ms] [ERROR] Failed to load resource: net::ERR_INTERNET_DISCONNECTED @ https://www.facebook.com/api/graphql/:0
[22542860ms] [ERROR] Failed to load resource: net::ERR_INTERNET_DISCONNECTED @ https://www.facebook.com/nw/:0
[22547858ms] [ERROR] Failed to load resource: net::ERR_INTERNET_DISCONNECTED @ https://www.facebook.com/api/graphql/:0
[22549272ms] [ERROR] Failed to load resource: net::ERR_INTERNET_DISCONNECTED @ https://www.facebook.com/nw/:0
[22552859ms] [ERROR] Failed to load resource: net::ERR_INTERNET_DISCONNECTED @ https://www.facebook.com/api/graphql/:0
[22555683ms] [ERROR] Failed to load resource: net::ERR_INTERNET_DISCONNECTED @ https://www.facebook.com/nw/:0
[22557861ms] [ERROR] Failed to load resource: net::ERR_INTERNET_DISCONNECTED @ https://www.facebook.com/api/graphql/:0
[22562094ms] [ERROR] Failed to load resource: net::ERR_INTERNET_DISCONNECTED @ https://www.facebook.com/nw/:0
[22562862ms] [ERROR] Failed to load resource: net::ERR_INTERNET_DISCONNECTED @ https://www.facebook.com/api/graphql/:0
[23307517ms] [ERROR] Failed to load resource: net::ERR_INTERNET_DISCONNECTED @ https://www.facebook.com/api/graphql/:0
[23308173ms] [ERROR] Failed to load resource: net::ERR_INTERNET_DISCONNECTED @ https://www.facebook.com/nw/:0
[23312512ms] [ERROR] Failed to load resource: net::ERR_INTERNET_DISCONNECTED @ https://www.facebook.com/api/graphql/:0
[23314579ms] [ERROR] Failed to load resource: net::ERR_INTERNET_DISCONNECTED @ https://www.facebook.com/nw/:0
[23317509ms] [ERROR] Failed to load resource: net::ERR_INTERNET_DISCONNECTED @ https://www.facebook.com/api/graphql/:0
[23320986ms] [ERROR] Failed to load resource: net::ERR_INTERNET_DISCONNECTED @ https://www.facebook.com/nw/:0
[23322511ms] [ERROR] Failed to load resource: net::ERR_INTERNET_DISCONNECTED @ https://www.facebook.com/api/graphql/:0
[23390547ms] [ERROR] Failed to load resource: net::ERR_CONNECTION_RESET @ https://www.facebook.com/api/graphql/:0
[23398561ms] [ERROR] Failed to load resource: net::ERR_QUIC_PROTOCOL_ERROR.QUIC_NETWORK_IDLE_TIMEOUT @ https://www.facebook.com/api/graphql/:0
[23398563ms] [ERROR] Failed to load resource: net::ERR_QUIC_PROTOCOL_ERROR.QUIC_NETWORK_IDLE_TIMEOUT @ https://www.facebook.com/nw/:0
[23398563ms] [ERROR] Failed to load resource: net::ERR_QUIC_PROTOCOL_ERROR.QUIC_NETWORK_IDLE_TIMEOUT @ https://www.facebook.com/ajax/bz?__a=1&__aaid=0&__ccg=EXCELLENT&__comet_req=15&__crn=comet.fbweb.CometMarketplaceHomeRoute&__hs=20578.HYP%3Acomet_loggedout_pkg.2.1...0&__hsi=7636557757824593972&__req=cv&__rev=1038839325&__s=%3Aww7c1t%3A74pt6t&__spin_b=trunk&__spin_r=1038839325&__spin_t=1778024658&__user=0&dpr=2&jazoest=22394&lsd=AdSaDsdeAkpuYmAFPAgHO7TRyyE&ph=C3:0
[23402673ms] [ERROR] Failed to load resource: net::ERR_QUIC_PROTOCOL_ERROR.QUIC_NETWORK_IDLE_TIMEOUT @ https://www.facebook.com/nw/:0
[23406881ms] [ERROR] Failed to load resource: net::ERR_QUIC_PROTOCOL_ERROR.QUIC_NETWORK_IDLE_TIMEOUT @ https://www.facebook.com/api/graphql/:0
[23406882ms] [ERROR] Failed to load resource: net::ERR_QUIC_PROTOCOL_ERROR.QUIC_NETWORK_IDLE_TIMEOUT @ https://www.facebook.com/nw/:0
[23411689ms] [ERROR] Failed to load resource: net::ERR_QUIC_PROTOCOL_ERROR.QUIC_NETWORK_IDLE_TIMEOUT @ https://www.facebook.com/nw/:0
[23411689ms] [ERROR] Failed to load resource: net::ERR_QUIC_PROTOCOL_ERROR.QUIC_NETWORK_IDLE_TIMEOUT @ https://www.facebook.com/api/graphql/:0
[23417298ms] [ERROR] Failed to load resource: net::ERR_QUIC_PROTOCOL_ERROR.QUIC_NETWORK_IDLE_TIMEOUT @ https://www.facebook.com/api/graphql/:0
[23422098ms] [ERROR] Failed to load resource: net::ERR_QUIC_PROTOCOL_ERROR.QUIC_NETWORK_IDLE_TIMEOUT @ https://www.facebook.com/nw/:0
[23422098ms] [ERROR] Failed to load resource: net::ERR_QUIC_PROTOCOL_ERROR.QUIC_NETWORK_IDLE_TIMEOUT @ https://www.facebook.com/api/graphql/:0
[23427301ms] [ERROR] Failed to load resource: net::ERR_QUIC_PROTOCOL_ERROR.QUIC_NETWORK_IDLE_TIMEOUT @ https://www.facebook.com/api/graphql/:0
[23432303ms] [ERROR] Failed to load resource: net::ERR_QUIC_PROTOCOL_ERROR.QUIC_NETWORK_IDLE_TIMEOUT @ https://www.facebook.com/api/graphql/:0
[23432303ms] [ERROR] Failed to load resource: net::ERR_QUIC_PROTOCOL_ERROR.QUIC_NETWORK_IDLE_TIMEOUT @ https://www.facebook.com/nw/:0
[23437304ms] [ERROR] Failed to load resource: net::ERR_QUIC_PROTOCOL_ERROR.QUIC_NETWORK_IDLE_TIMEOUT @ https://www.facebook.com/api/graphql/:0
[23442305ms] [ERROR] Failed to load resource: net::ERR_QUIC_PROTOCOL_ERROR.QUIC_NETWORK_IDLE_TIMEOUT @ https://www.facebook.com/api/graphql/:0
[23442305ms] [ERROR] Failed to load resource: net::ERR_QUIC_PROTOCOL_ERROR.QUIC_NETWORK_IDLE_TIMEOUT @ https://www.facebook.com/nw/:0
[23447306ms] [ERROR] Failed to load resource: net::ERR_QUIC_PROTOCOL_ERROR.QUIC_NETWORK_IDLE_TIMEOUT @ https://www.facebook.com/api/graphql/:0
[23452306ms] [ERROR] Failed to load resource: net::ERR_QUIC_PROTOCOL_ERROR.QUIC_NETWORK_IDLE_TIMEOUT @ https://www.facebook.com/api/graphql/:0
[23452306ms] [ERROR] Failed to load resource: net::ERR_QUIC_PROTOCOL_ERROR.QUIC_NETWORK_IDLE_TIMEOUT @ https://www.facebook.com/nw/:0
[23457327ms] [ERROR] Failed to load resource: net::ERR_QUIC_PROTOCOL_ERROR.QUIC_NETWORK_IDLE_TIMEOUT @ https://www.facebook.com/api/graphql/:0
[23462311ms] [ERROR] Failed to load resource: net::ERR_QUIC_PROTOCOL_ERROR.QUIC_NETWORK_IDLE_TIMEOUT @ https://www.facebook.com/api/graphql/:0
[23462312ms] [ERROR] Failed to load resource: net::ERR_QUIC_PROTOCOL_ERROR.QUIC_NETWORK_IDLE_TIMEOUT @ https://www.facebook.com/nw/:0
[23467310ms] [ERROR] Failed to load resource: net::ERR_QUIC_PROTOCOL_ERROR.QUIC_NETWORK_IDLE_TIMEOUT @ https://www.facebook.com/api/graphql/:0
[23472311ms] [ERROR] Failed to load resource: net::ERR_QUIC_PROTOCOL_ERROR.QUIC_NETWORK_IDLE_TIMEOUT @ https://www.facebook.com/api/graphql/:0
[23472312ms] [ERROR] Failed to load resource: net::ERR_QUIC_PROTOCOL_ERROR.QUIC_NETWORK_IDLE_TIMEOUT @ https://www.facebook.com/nw/:0
[23502360ms] [ERROR] Failed to load resource: net::ERR_CONNECTION_REFUSED @ https://www.facebook.com/api/graphql/:0
[23502362ms] [ERROR] Failed to load resource: net::ERR_CONNECTION_REFUSED @ https://www.facebook.com/nw/:0
[23507316ms] [ERROR] Failed to load resource: net::ERR_QUIC_PROTOCOL_ERROR.QUIC_NETWORK_IDLE_TIMEOUT @ https://www.facebook.com/api/graphql/:0
[23512316ms] [ERROR] Failed to load resource: net::ERR_QUIC_PROTOCOL_ERROR.QUIC_NETWORK_IDLE_TIMEOUT @ https://www.facebook.com/api/graphql/:0
[23512316ms] [ERROR] Failed to load resource: net::ERR_QUIC_PROTOCOL_ERROR.QUIC_NETWORK_IDLE_TIMEOUT @ https://www.facebook.com/nw/:0
[23517320ms] [ERROR] Failed to load resource: net::ERR_QUIC_PROTOCOL_ERROR.QUIC_NETWORK_IDLE_TIMEOUT @ https://www.facebook.com/api/graphql/:0
[23522320ms] [ERROR] Failed to load resource: net::ERR_QUIC_PROTOCOL_ERROR.QUIC_NETWORK_IDLE_TIMEOUT @ https://www.facebook.com/api/graphql/:0
[23522321ms] [ERROR] Failed to load resource: net::ERR_QUIC_PROTOCOL_ERROR.QUIC_NETWORK_IDLE_TIMEOUT @ https://www.facebook.com/nw/:0
[23527320ms] [ERROR] Failed to load resource: net::ERR_QUIC_PROTOCOL_ERROR.QUIC_NETWORK_IDLE_TIMEOUT @ https://www.facebook.com/api/graphql/:0
[23532320ms] [ERROR] Failed to load resource: net::ERR_QUIC_PROTOCOL_ERROR.QUIC_NETWORK_IDLE_TIMEOUT @ https://www.facebook.com/api/graphql/:0
[23532320ms] [ERROR] Failed to load resource: net::ERR_QUIC_PROTOCOL_ERROR.QUIC_NETWORK_IDLE_TIMEOUT @ https://www.facebook.com/nw/:0
[23537327ms] [ERROR] Failed to load resource: net::ERR_QUIC_PROTOCOL_ERROR.QUIC_NETWORK_IDLE_TIMEOUT @ https://www.facebook.com/api/graphql/:0
[23542326ms] [ERROR] Failed to load resource: net::ERR_QUIC_PROTOCOL_ERROR.QUIC_NETWORK_IDLE_TIMEOUT @ https://www.facebook.com/api/graphql/:0
[23542326ms] [ERROR] Failed to load resource: net::ERR_QUIC_PROTOCOL_ERROR.QUIC_NETWORK_IDLE_TIMEOUT @ https://www.facebook.com/nw/:0
[23547332ms] [ERROR] Failed to load resource: net::ERR_QUIC_PROTOCOL_ERROR.QUIC_NETWORK_IDLE_TIMEOUT @ https://www.facebook.com/api/graphql/:0
[23550435ms] [ERROR] Failed to load resource: net::ERR_QUIC_PROTOCOL_ERROR.QUIC_PACKET_WRITE_ERROR @ https://www.facebook.com/api/graphql/:0
[23550468ms] [ERROR] Failed to load resource: net::ERR_QUIC_PROTOCOL_ERROR.QUIC_PACKET_WRITE_ERROR @ https://www.facebook.com/nw/:0
[23553332ms] [ERROR] Failed to load resource: net::ERR_INTERNET_DISCONNECTED @ https://www.facebook.com/api/graphql/:0
[23556874ms] [ERROR] Failed to load resource: net::ERR_INTERNET_DISCONNECTED @ https://www.facebook.com/nw/:0
[23558330ms] [ERROR] Failed to load resource: net::ERR_INTERNET_DISCONNECTED @ https://www.facebook.com/api/graphql/:0
[23890069ms] [ERROR] Failed to load resource: net::ERR_INTERNET_DISCONNECTED @ https://www.facebook.com/nw/:0
[23890182ms] [ERROR] Failed to load resource: net::ERR_INTERNET_DISCONNECTED @ https://www.facebook.com/nw/:0
[23890387ms] [ERROR] Failed to load resource: net::ERR_INTERNET_DISCONNECTED @ https://www.facebook.com/nw/:0
[23891195ms] [ERROR] Failed to load resource: net::ERR_INTERNET_DISCONNECTED @ https://www.facebook.com/nw/:0
[23892873ms] [ERROR] Failed to load resource: net::ERR_INTERNET_DISCONNECTED @ https://www.facebook.com/api/graphql/:0
[23897603ms] [ERROR] Failed to load resource: net::ERR_INTERNET_DISCONNECTED @ https://www.facebook.com/nw/:0
[23897868ms] [ERROR] Failed to load resource: net::ERR_INTERNET_DISCONNECTED @ https://www.facebook.com/api/graphql/:0
[23902868ms] [ERROR] Failed to load resource: net::ERR_INTERNET_DISCONNECTED @ https://www.facebook.com/api/graphql/:0
[23904010ms] [ERROR] Failed to load resource: net::ERR_INTERNET_DISCONNECTED @ https://www.facebook.com/nw/:0
[25051017ms] [ERROR] Failed to load resource: net::ERR_INTERNET_DISCONNECTED @ https://www.facebook.com/nw/:0
[25051019ms] [ERROR] Failed to load resource: net::ERR_INTERNET_DISCONNECTED @ https://www.facebook.com/api/graphql/:0
[25051246ms] [ERROR] Failed to load resource: net::ERR_INTERNET_DISCONNECTED @ https://www.facebook.com/nw/:0
[25051453ms] [ERROR] Failed to load resource: net::ERR_INTERNET_DISCONNECTED @ https://www.facebook.com/nw/:0
[25052265ms] [ERROR] Failed to load resource: net::ERR_INTERNET_DISCONNECTED @ https://www.facebook.com/nw/:0
[25054455ms] [ERROR] Failed to load resource: net::ERR_INTERNET_DISCONNECTED @ https://www.facebook.com/api/graphql/:0
[25606911ms] [ERROR] Failed to load resource: net::ERR_NAME_NOT_RESOLVED @ https://www.facebook.com/api/graphql/:0
[25606929ms] [ERROR] Failed to load resource: net::ERR_NAME_NOT_RESOLVED @ https://www.facebook.com/nw/:0
[25607111ms] [ERROR] Failed to load resource: net::ERR_INTERNET_DISCONNECTED @ https://www.facebook.com/nw/:0
[25607329ms] [ERROR] Failed to load resource: net::ERR_INTERNET_DISCONNECTED @ https://www.facebook.com/nw/:0
[25608139ms] [ERROR] Failed to load resource: net::ERR_INTERNET_DISCONNECTED @ https://www.facebook.com/nw/:0
[25608532ms] [ERROR] Failed to load resource: net::ERR_INTERNET_DISCONNECTED @ https://www.facebook.com/api/graphql/:0
[26080472ms] [ERROR] Failed to load resource: net::ERR_INTERNET_DISCONNECTED @ https://www.facebook.com/api/graphql/:0
[26080513ms] [ERROR] Failed to load resource: net::ERR_INTERNET_DISCONNECTED @ https://www.facebook.com/nw/:0
[26080621ms] [ERROR] Failed to load resource: net::ERR_INTERNET_DISCONNECTED @ https://www.facebook.com/nw/:0
[26080826ms] [ERROR] Failed to load resource: net::ERR_INTERNET_DISCONNECTED @ https://www.facebook.com/nw/:0
[26081635ms] [ERROR] Failed to load resource: net::ERR_INTERNET_DISCONNECTED @ https://www.facebook.com/nw/:0
[26084740ms] [ERROR] Failed to load resource: net::ERR_INTERNET_DISCONNECTED @ https://www.facebook.com/api/graphql/:0
[27125773ms] [ERROR] Failed to load resource: net::ERR_INTERNET_DISCONNECTED @ https://www.facebook.com/nw/:0
[27125953ms] [ERROR] Failed to load resource: net::ERR_INTERNET_DISCONNECTED @ https://www.facebook.com/nw/:0
[27126167ms] [ERROR] Failed to load resource: net::ERR_INTERNET_DISCONNECTED @ https://www.facebook.com/nw/:0
[27126977ms] [ERROR] Failed to load resource: net::ERR_INTERNET_DISCONNECTED @ https://www.facebook.com/nw/:0
[27127952ms] [ERROR] Failed to load resource: net::ERR_INTERNET_DISCONNECTED @ https://www.facebook.com/api/graphql/:0
[27189331ms] [ERROR] Failed to load resource: net::ERR_INTERNET_DISCONNECTED @ https://www.facebook.com/nw/:0
[27189439ms] [ERROR] Failed to load resource: net::ERR_INTERNET_DISCONNECTED @ https://www.facebook.com/nw/:0
[27189648ms] [ERROR] Failed to load resource: net::ERR_INTERNET_DISCONNECTED @ https://www.facebook.com/nw/:0
[27189823ms] [ERROR] Failed to load resource: net::ERR_INTERNET_DISCONNECTED @ https://www.facebook.com/api/graphql/:0
[27190456ms] [ERROR] Failed to load resource: net::ERR_INTERNET_DISCONNECTED @ https://www.facebook.com/nw/:0
[27195253ms] [ERROR] Failed to load resource: net::ERR_INTERNET_DISCONNECTED @ https://www.facebook.com/api/graphql/:0
[27224013ms] [ERROR] Failed to load resource: net::ERR_INTERNET_DISCONNECTED @ https://www.facebook.com/nw/:0
[27224121ms] [ERROR] Failed to load resource: net::ERR_INTERNET_DISCONNECTED @ https://www.facebook.com/nw/:0
[27224335ms] [ERROR] Failed to load resource: net::ERR_INTERNET_DISCONNECTED @ https://www.facebook.com/nw/:0
[27225148ms] [ERROR] Failed to load resource: net::ERR_INTERNET_DISCONNECTED @ https://www.facebook.com/nw/:0
[27225251ms] [ERROR] Failed to load resource: net::ERR_INTERNET_DISCONNECTED @ https://www.facebook.com/api/graphql/:0
[27230251ms] [ERROR] Failed to load resource: net::ERR_INTERNET_DISCONNECTED @ https://www.facebook.com/api/graphql/:0
[27231561ms] [ERROR] Failed to load resource: net::ERR_INTERNET_DISCONNECTED @ https://www.facebook.com/nw/:0
[27653467ms] [ERROR] Failed to load resource: net::ERR_INTERNET_DISCONNECTED @ https://www.facebook.com/nw/:0
[27653571ms] [ERROR] Failed to load resource: net::ERR_INTERNET_DISCONNECTED @ https://www.facebook.com/nw/:0
[27653781ms] [ERROR] Failed to load resource: net::ERR_INTERNET_DISCONNECTED @ https://www.facebook.com/nw/:0
[27653962ms] [ERROR] Failed to load resource: net::ERR_INTERNET_DISCONNECTED @ https://www.facebook.com/api/graphql/:0
[27654593ms] [ERROR] Failed to load resource: net::ERR_INTERNET_DISCONNECTED @ https://www.facebook.com/nw/:0
[27657782ms] [ERROR] Failed to load resource: net::ERR_INTERNET_DISCONNECTED @ https://www.facebook.com/api/graphql/:0
[27661001ms] [ERROR] Failed to load resource: net::ERR_INTERNET_DISCONNECTED @ https://www.facebook.com/nw/:0
[27662783ms] [ERROR] Failed to load resource: net::ERR_INTERNET_DISCONNECTED @ https://www.facebook.com/api/graphql/:0
[27667414ms] [ERROR] Failed to load resource: net::ERR_INTERNET_DISCONNECTED @ https://www.facebook.com/nw/:0
[27667782ms] [ERROR] Failed to load resource: net::ERR_INTERNET_DISCONNECTED @ https://www.facebook.com/api/graphql/:0
[27672786ms] [ERROR] Failed to load resource: net::ERR_INTERNET_DISCONNECTED @ https://www.facebook.com/api/graphql/:0
[27673825ms] [ERROR] Failed to load resource: net::ERR_INTERNET_DISCONNECTED @ https://www.facebook.com/nw/:0
[27677788ms] [ERROR] Failed to load resource: net::ERR_INTERNET_DISCONNECTED @ https://www.facebook.com/api/graphql/:0
[27680237ms] [ERROR] Failed to load resource: net::ERR_INTERNET_DISCONNECTED @ https://www.facebook.com/nw/:0
[27682791ms] [ERROR] Failed to load resource: net::ERR_INTERNET_DISCONNECTED @ https://www.facebook.com/api/graphql/:0
[27686693ms] [ERROR] Failed to load resource: net::ERR_INTERNET_DISCONNECTED @ https://www.facebook.com/nw/:0
[27687791ms] [ERROR] Failed to load resource: net::ERR_INTERNET_DISCONNECTED @ https://www.facebook.com/api/graphql/:0
[27692795ms] [ERROR] Failed to load resource: net::ERR_INTERNET_DISCONNECTED @ https://www.facebook.com/api/graphql/:0
[27693102ms] [ERROR] Failed to load resource: net::ERR_INTERNET_DISCONNECTED @ https://www.facebook.com/nw/:0
[27697796ms] [ERROR] Failed to load resource: net::ERR_INTERNET_DISCONNECTED @ https://www.facebook.com/api/graphql/:0
[27699516ms] [ERROR] Failed to load resource: net::ERR_INTERNET_DISCONNECTED @ https://www.facebook.com/nw/:0
[29286454ms] [ERROR] Failed to load resource: net::ERR_INTERNET_DISCONNECTED @ https://www.facebook.com/api/graphql/:0
[29289580ms] [ERROR] Failed to load resource: net::ERR_INTERNET_DISCONNECTED @ https://www.facebook.com/nw/:0
[29291456ms] [ERROR] Failed to load resource: net::ERR_INTERNET_DISCONNECTED @ https://www.facebook.com/api/graphql/:0
[29295993ms] [ERROR] Failed to load resource: net::ERR_INTERNET_DISCONNECTED @ https://www.facebook.com/nw/:0
[29296455ms] [ERROR] Failed to load resource: net::ERR_INTERNET_DISCONNECTED @ https://www.facebook.com/api/graphql/:0
[29301457ms] [ERROR] Failed to load resource: net::ERR_INTERNET_DISCONNECTED @ https://www.facebook.com/api/graphql/:0
[29302403ms] [ERROR] Failed to load resource: net::ERR_INTERNET_DISCONNECTED @ https://www.facebook.com/nw/:0
[29306458ms] [ERROR] Failed to load resource: net::ERR_INTERNET_DISCONNECTED @ https://www.facebook.com/api/graphql/:0
[29308814ms] [ERROR] Failed to load resource: net::ERR_INTERNET_DISCONNECTED @ https://www.facebook.com/nw/:0
[29311463ms] [ERROR] Failed to load resource: net::ERR_INTERNET_DISCONNECTED @ https://www.facebook.com/api/graphql/:0
[29315237ms] [ERROR] Failed to load resource: net::ERR_INTERNET_DISCONNECTED @ https://www.facebook.com/nw/:0
[29316462ms] [ERROR] Failed to load resource: net::ERR_INTERNET_DISCONNECTED @ https://www.facebook.com/api/graphql/:0
[29321464ms] [ERROR] Failed to load resource: net::ERR_INTERNET_DISCONNECTED @ https://www.facebook.com/api/graphql/:0
[29321646ms] [ERROR] Failed to load resource: net::ERR_INTERNET_DISCONNECTED @ https://www.facebook.com/nw/:0
[29326464ms] [ERROR] Failed to load resource: net::ERR_INTERNET_DISCONNECTED @ https://www.facebook.com/api/graphql/:0
[29328058ms] [ERROR] Failed to load resource: net::ERR_INTERNET_DISCONNECTED @ https://www.facebook.com/nw/:0
[29623574ms] [ERROR] Failed to load resource: net::ERR_INTERNET_DISCONNECTED @ https://www.facebook.com/api/graphql/:0
[29626577ms] [ERROR] Failed to load resource: net::ERR_INTERNET_DISCONNECTED @ https://www.facebook.com/nw/:0
[29628580ms] [ERROR] Failed to load resource: net::ERR_INTERNET_DISCONNECTED @ https://www.facebook.com/api/graphql/:0
[29632989ms] [ERROR] Failed to load resource: net::ERR_INTERNET_DISCONNECTED @ https://www.facebook.com/nw/:0
[29633583ms] [ERROR] Failed to load resource: net::ERR_INTERNET_DISCONNECTED @ https://www.facebook.com/api/graphql/:0
[29638585ms] [ERROR] Failed to load resource: net::ERR_INTERNET_DISCONNECTED @ https://www.facebook.com/api/graphql/:0
[29639399ms] [ERROR] Failed to load resource: net::ERR_INTERNET_DISCONNECTED @ https://www.facebook.com/nw/:0
[29643588ms] [ERROR] Failed to load resource: net::ERR_INTERNET_DISCONNECTED @ https://www.facebook.com/api/graphql/:0
[29645810ms] [ERROR] Failed to load resource: net::ERR_INTERNET_DISCONNECTED @ https://www.facebook.com/nw/:0
[29648590ms] [ERROR] Failed to load resource: net::ERR_INTERNET_DISCONNECTED @ https://www.facebook.com/api/graphql/:0
[29652222ms] [ERROR] Failed to load resource: net::ERR_INTERNET_DISCONNECTED @ https://www.facebook.com/nw/:0
[29653591ms] [ERROR] Failed to load resource: net::ERR_INTERNET_DISCONNECTED @ https://www.facebook.com/api/graphql/:0
[29658592ms] [ERROR] Failed to load resource: net::ERR_INTERNET_DISCONNECTED @ https://www.facebook.com/api/graphql/:0
[29658632ms] [ERROR] Failed to load resource: net::ERR_INTERNET_DISCONNECTED @ https://www.facebook.com/nw/:0
[29663595ms] [ERROR] Failed to load resource: net::ERR_INTERNET_DISCONNECTED @ https://www.facebook.com/api/graphql/:0
[29665045ms] [ERROR] Failed to load resource: net::ERR_INTERNET_DISCONNECTED @ https://www.facebook.com/nw/:0
[29668597ms] [ERROR] Failed to load resource: net::ERR_INTERNET_DISCONNECTED @ https://www.facebook.com/api/graphql/:0
[29672255ms] [ERROR] Failed to load resource: net::ERR_INTERNET_DISCONNECTED @ https://www.facebook.com/nw/:0
[29674398ms] [ERROR] Failed to load resource: net::ERR_INTERNET_DISCONNECTED @ https://www.facebook.com/api/graphql/:0
[29678667ms] [ERROR] Failed to load resource: net::ERR_INTERNET_DISCONNECTED @ https://www.facebook.com/nw/:0
[29679400ms] [ERROR] Failed to load resource: net::ERR_INTERNET_DISCONNECTED @ https://www.facebook.com/api/graphql/:0
[29684402ms] [ERROR] Failed to load resource: net::ERR_INTERNET_DISCONNECTED @ https://www.facebook.com/api/graphql/:0
[29685078ms] [ERROR] Failed to load resource: net::ERR_INTERNET_DISCONNECTED @ https://www.facebook.com/nw/:0
[29689404ms] [ERROR] Failed to load resource: net::ERR_INTERNET_DISCONNECTED @ https://www.facebook.com/api/graphql/:0
[29691489ms] [ERROR] Failed to load resource: net::ERR_INTERNET_DISCONNECTED @ https://www.facebook.com/nw/:0
[29694404ms] [ERROR] Failed to load resource: net::ERR_INTERNET_DISCONNECTED @ https://www.facebook.com/api/graphql/:0
[29697902ms] [ERROR] Failed to load resource: net::ERR_INTERNET_DISCONNECTED @ https://www.facebook.com/nw/:0
[29699406ms] [ERROR] Failed to load resource: net::ERR_INTERNET_DISCONNECTED @ https://www.facebook.com/api/graphql/:0
[29704314ms] [ERROR] Failed to load resource: net::ERR_INTERNET_DISCONNECTED @ https://www.facebook.com/nw/:0
[29704407ms] [ERROR] Failed to load resource: net::ERR_INTERNET_DISCONNECTED @ https://www.facebook.com/api/graphql/:0
[29709412ms] [ERROR] Failed to load resource: net::ERR_INTERNET_DISCONNECTED @ https://www.facebook.com/api/graphql/:0
[29710725ms] [ERROR] Failed to load resource: net::ERR_INTERNET_DISCONNECTED @ https://www.facebook.com/nw/:0
[29714412ms] [ERROR] Failed to load resource: net::ERR_INTERNET_DISCONNECTED @ https://www.facebook.com/api/graphql/:0
[29717135ms] [ERROR] Failed to load resource: net::ERR_INTERNET_DISCONNECTED @ https://www.facebook.com/nw/:0
[29731801ms] [ERROR] Failed to load resource: net::ERR_INTERNET_DISCONNECTED @ https://www.facebook.com/api/graphql/:0
[29735933ms] [ERROR] Failed to load resource: net::ERR_INTERNET_DISCONNECTED @ https://www.facebook.com/nw/:0
[29736801ms] [ERROR] Failed to load resource: net::ERR_INTERNET_DISCONNECTED @ https://www.facebook.com/api/graphql/:0
[29741805ms] [ERROR] Failed to load resource: net::ERR_INTERNET_DISCONNECTED @ https://www.facebook.com/api/graphql/:0
[29742344ms] [ERROR] Failed to load resource: net::ERR_INTERNET_DISCONNECTED @ https://www.facebook.com/nw/:0
[29746804ms] [ERROR] Failed to load resource: net::ERR_INTERNET_DISCONNECTED @ https://www.facebook.com/api/graphql/:0
[29748755ms] [ERROR] Failed to load resource: net::ERR_INTERNET_DISCONNECTED @ https://www.facebook.com/nw/:0
[29751804ms] [ERROR] Failed to load resource: net::ERR_INTERNET_DISCONNECTED @ https://www.facebook.com/api/graphql/:0
[29755166ms] [ERROR] Failed to load resource: net::ERR_INTERNET_DISCONNECTED @ https://www.facebook.com/nw/:0
[29756807ms] [ERROR] Failed to load resource: net::ERR_INTERNET_DISCONNECTED @ https://www.facebook.com/api/graphql/:0
[29761578ms] [ERROR] Failed to load resource: net::ERR_INTERNET_DISCONNECTED @ https://www.facebook.com/nw/:0
[29761808ms] [ERROR] Failed to load resource: net::ERR_INTERNET_DISCONNECTED @ https://www.facebook.com/api/graphql/:0
[29766812ms] [ERROR] Failed to load resource: net::ERR_INTERNET_DISCONNECTED @ https://www.facebook.com/api/graphql/:0
[29767992ms] [ERROR] Failed to load resource: net::ERR_INTERNET_DISCONNECTED @ https://www.facebook.com/nw/:0
[29771813ms] [ERROR] Failed to load resource: net::ERR_INTERNET_DISCONNECTED @ https://www.facebook.com/api/graphql/:0
[29774404ms] [ERROR] Failed to load resource: net::ERR_INTERNET_DISCONNECTED @ https://www.facebook.com/nw/:0
[30736645ms] [ERROR] Failed to load resource: net::ERR_INTERNET_DISCONNECTED @ https://www.facebook.com/api/graphql/:0
[30740629ms] [ERROR] Failed to load resource: net::ERR_INTERNET_DISCONNECTED @ https://www.facebook.com/nw/:0
[30741657ms] [ERROR] Failed to load resource: net::ERR_INTERNET_DISCONNECTED @ https://www.facebook.com/api/graphql/:0
[30746650ms] [ERROR] Failed to load resource: net::ERR_INTERNET_DISCONNECTED @ https://www.facebook.com/api/graphql/:0
[30747040ms] [ERROR] Failed to load resource: net::ERR_INTERNET_DISCONNECTED @ https://www.facebook.com/nw/:0
[35514929ms] [ERROR] Failed to load resource: net::ERR_INTERNET_DISCONNECTED @ https://www.facebook.com/api/graphql/:0
[35516731ms] [ERROR] Failed to load resource: net::ERR_INTERNET_DISCONNECTED @ https://www.facebook.com/nw/:0
[35519933ms] [ERROR] Failed to load resource: net::ERR_INTERNET_DISCONNECTED @ https://www.facebook.com/api/graphql/:0
[35523147ms] [ERROR] Failed to load resource: net::ERR_INTERNET_DISCONNECTED @ https://www.facebook.com/nw/:0
[35524933ms] [ERROR] Failed to load resource: net::ERR_INTERNET_DISCONNECTED @ https://www.facebook.com/api/graphql/:0
[35529559ms] [ERROR] Failed to load resource: net::ERR_INTERNET_DISCONNECTED @ https://www.facebook.com/nw/:0
[35529935ms] [ERROR] Failed to load resource: net::ERR_INTERNET_DISCONNECTED @ https://www.facebook.com/api/graphql/:0
[35534934ms] [ERROR] Failed to load resource: net::ERR_INTERNET_DISCONNECTED @ https://www.facebook.com/api/graphql/:0
[35535969ms] [ERROR] Failed to load resource: net::ERR_INTERNET_DISCONNECTED @ https://www.facebook.com/nw/:0
[35539935ms] [ERROR] Failed to load resource: net::ERR_INTERNET_DISCONNECTED @ https://www.facebook.com/api/graphql/:0
[35542379ms] [ERROR] Failed to load resource: net::ERR_INTERNET_DISCONNECTED @ https://www.facebook.com/nw/:0
[35544937ms] [ERROR] Failed to load resource: net::ERR_INTERNET_DISCONNECTED @ https://www.facebook.com/api/graphql/:0
[35548803ms] [ERROR] Failed to load resource: net::ERR_INTERNET_DISCONNECTED @ https://www.facebook.com/nw/:0
[35549939ms] [ERROR] Failed to load resource: net::ERR_INTERNET_DISCONNECTED @ https://www.facebook.com/api/graphql/:0
[35554941ms] [ERROR] Failed to load resource: net::ERR_INTERNET_DISCONNECTED @ https://www.facebook.com/api/graphql/:0
[35555214ms] [ERROR] Failed to load resource: net::ERR_INTERNET_DISCONNECTED @ https://www.facebook.com/nw/:0
[38002808ms] [ERROR] Failed to load resource: net::ERR_INTERNET_DISCONNECTED @ https://www.facebook.com/api/graphql/:0
[38004480ms] [ERROR] Failed to load resource: net::ERR_INTERNET_DISCONNECTED @ https://www.facebook.com/nw/:0
[38007804ms] [ERROR] Failed to load resource: net::ERR_INTERNET_DISCONNECTED @ https://www.facebook.com/api/graphql/:0
[38010893ms] [ERROR] Failed to load resource: net::ERR_INTERNET_DISCONNECTED @ https://www.facebook.com/nw/:0
[38012810ms] [ERROR] Failed to load resource: net::ERR_INTERNET_DISCONNECTED @ https://www.facebook.com/api/graphql/:0
[38017306ms] [ERROR] Failed to load resource: net::ERR_INTERNET_DISCONNECTED @ https://www.facebook.com/nw/:0
[38017812ms] [ERROR] Failed to load resource: net::ERR_INTERNET_DISCONNECTED @ https://www.facebook.com/api/graphql/:0
[38022815ms] [ERROR] Failed to load resource: net::ERR_INTERNET_DISCONNECTED @ https://www.facebook.com/api/graphql/:0
[38023717ms] [ERROR] Failed to load resource: net::ERR_INTERNET_DISCONNECTED @ https://www.facebook.com/nw/:0
[38027815ms] [ERROR] Failed to load resource: net::ERR_INTERNET_DISCONNECTED @ https://www.facebook.com/api/graphql/:0
[38030128ms] [ERROR] Failed to load resource: net::ERR_INTERNET_DISCONNECTED @ https://www.facebook.com/nw/:0
[38032817ms] [ERROR] Failed to load resource: net::ERR_INTERNET_DISCONNECTED @ https://www.facebook.com/api/graphql/:0
[38036540ms] [ERROR] Failed to load resource: net::ERR_INTERNET_DISCONNECTED @ https://www.facebook.com/nw/:0
[38037820ms] [ERROR] Failed to load resource: net::ERR_INTERNET_DISCONNECTED @ https://www.facebook.com/api/graphql/:0
[38042821ms] [ERROR] Failed to load resource: net::ERR_INTERNET_DISCONNECTED @ https://www.facebook.com/api/graphql/:0
[38042952ms] [ERROR] Failed to load resource: net::ERR_INTERNET_DISCONNECTED @ https://www.facebook.com/nw/:0
[38047823ms] [ERROR] Failed to load resource: net::ERR_INTERNET_DISCONNECTED @ https://www.facebook.com/api/graphql/:0
[38049364ms] [ERROR] Failed to load resource: net::ERR_INTERNET_DISCONNECTED @ https://www.facebook.com/nw/:0
[38067557ms] [ERROR] Failed to load resource: net::ERR_INTERNET_DISCONNECTED @ https://www.facebook.com/api/graphql/:0
[38070507ms] [ERROR] Failed to load resource: net::ERR_INTERNET_DISCONNECTED @ https://www.facebook.com/nw/:0
[38072559ms] [ERROR] Failed to load resource: net::ERR_INTERNET_DISCONNECTED @ https://www.facebook.com/api/graphql/:0
[38076920ms] [ERROR] Failed to load resource: net::ERR_INTERNET_DISCONNECTED @ https://www.facebook.com/nw/:0
[38077559ms] [ERROR] Failed to load resource: net::ERR_INTERNET_DISCONNECTED @ https://www.facebook.com/api/graphql/:0
[38082561ms] [ERROR] Failed to load resource: net::ERR_INTERNET_DISCONNECTED @ https://www.facebook.com/api/graphql/:0
[38083331ms] [ERROR] Failed to load resource: net::ERR_INTERNET_DISCONNECTED @ https://www.facebook.com/nw/:0
[38087564ms] [ERROR] Failed to load resource: net::ERR_INTERNET_DISCONNECTED @ https://www.facebook.com/api/graphql/:0
[38089742ms] [ERROR] Failed to load resource: net::ERR_INTERNET_DISCONNECTED @ https://www.facebook.com/nw/:0
[38092563ms] [ERROR] Failed to load resource: net::ERR_INTERNET_DISCONNECTED @ https://www.facebook.com/api/graphql/:0
[38096152ms] [ERROR] Failed to load resource: net::ERR_INTERNET_DISCONNECTED @ https://www.facebook.com/nw/:0
[38097563ms] [ERROR] Failed to load resource: net::ERR_INTERNET_DISCONNECTED @ https://www.facebook.com/api/graphql/:0
[38102564ms] [ERROR] Failed to load resource: net::ERR_INTERNET_DISCONNECTED @ https://www.facebook.com/nw/:0
[38102565ms] [ERROR] Failed to load resource: net::ERR_INTERNET_DISCONNECTED @ https://www.facebook.com/api/graphql/:0
[38107571ms] [ERROR] Failed to load resource: net::ERR_INTERNET_DISCONNECTED @ https://www.facebook.com/api/graphql/:0
[38108974ms] [ERROR] Failed to load resource: net::ERR_INTERNET_DISCONNECTED @ https://www.facebook.com/nw/:0
[39620050ms] [ERROR] Failed to load resource: net::ERR_INTERNET_DISCONNECTED @ https://www.facebook.com/api/graphql/:0
[39622869ms] [ERROR] Failed to load resource: net::ERR_INTERNET_DISCONNECTED @ https://www.facebook.com/nw/:0
[39625046ms] [ERROR] Failed to load resource: net::ERR_INTERNET_DISCONNECTED @ https://www.facebook.com/api/graphql/:0
[39629278ms] [ERROR] Failed to load resource: net::ERR_INTERNET_DISCONNECTED @ https://www.facebook.com/nw/:0
[39630049ms] [ERROR] Failed to load resource: net::ERR_INTERNET_DISCONNECTED @ https://www.facebook.com/api/graphql/:0
[40339682ms] [VERBOSE] [DOM] Input elements should have autocomplete attributes (suggested: "current-password"): (More info: https://goo.gl/9p2vKq) %o @ https://www.facebook.com/marketplace/:0
[40339682ms] [VERBOSE] [DOM] Input elements should have autocomplete attributes (suggested: "current-password"): (More info: https://goo.gl/9p2vKq) %o @ https://www.facebook.com/marketplace/:0
[40339705ms] [ERROR] ErrorUtils caught an error:

terminate stream because StartStreamFailure with msg : UNAUTHENTICATED [Caught in: Subscription error in preprocessResponse]

Subsequent non-fatal errors won't be logged; see https://fburl.com/debugjs. {column: 180, clientTime: 1778065046, extra: Object, guardList: Array(0), hash: edbtjn} @ https://static.xx.fbcdn.net/rsrc.php/v4/ya/r/mCvv7IrNUfH.js:78
[40339709ms] [LOG] 
%cStop! font-family:helvetica; font-size:20px; font-size:50px; font-weight:bold; color:red; -webkit-text-stroke:1px black; @ https://static.xx.fbcdn.net/rsrc.php/v4/ya/r/mCvv7IrNUfH.js:243
[40339709ms] [LOG] 
%cThis is a browser feature intended for developers. If someone told you to copy-paste something here to enable a Facebook feature or "hack" someone's account, it's a scam and will give them access to your Facebook account. font-family:helvetica; font-size:20px;  @ https://static.xx.fbcdn.net/rsrc.php/v4/ya/r/mCvv7IrNUfH.js:243
[40339709ms] [LOG] 
%cSee https://www.facebook.com/selfxss for more information. font-family:helvetica; font-size:20px;  @ https://static.xx.fbcdn.net/rsrc.php/v4/ya/r/mCvv7IrNUfH.js:243
[40339709ms] [LOG] 
%c  @ https://static.xx.fbcdn.net/rsrc.php/v4/ya/r/mCvv7IrNUfH.js:243
[40438113ms] [VERBOSE] [DOM] Input elements should have autocomplete attributes (suggested: "current-password"): (More info: https://goo.gl/9p2vKq) %o @ https://www.facebook.com/marketplace/:0
[40438128ms] [ERROR] ErrorUtils caught an error:

terminate stream because StartStreamFailure with msg : UNAUTHENTICATED [Caught in: Subscription error in preprocessResponse]

Subsequent non-fatal errors won't be logged; see https://fburl.com/debugjs. {column: 180, clientTime: 1778065144, extra: Object, guardList: Array(0), hash: edbtjn} @ https://static.xx.fbcdn.net/rsrc.php/v4/ya/r/mCvv7IrNUfH.js:78
[40438129ms] [LOG] 
%cStop! font-family:helvetica; font-size:20px; font-size:50px; font-weight:bold; color:red; -webkit-text-stroke:1px black; @ https://static.xx.fbcdn.net/rsrc.php/v4/ya/r/mCvv7IrNUfH.js:243
[40438129ms] [LOG] 
%cThis is a browser feature intended for developers. If someone told you to copy-paste something here to enable a Facebook feature or "hack" someone's account, it's a scam and will give them access to your Facebook account. font-family:helvetica; font-size:20px;  @ https://static.xx.fbcdn.net/rsrc.php/v4/ya/r/mCvv7IrNUfH.js:243
[40438129ms] [LOG] 
%cSee https://www.facebook.com/selfxss for more information. font-family:helvetica; font-size:20px;  @ https://static.xx.fbcdn.net/rsrc.php/v4/ya/r/mCvv7IrNUfH.js:243
[40438129ms] [LOG] 
%c  @ https://static.xx.fbcdn.net/rsrc.php/v4/ya/r/mCvv7IrNUfH.js:243
[42041155ms] [ERROR] Failed to load resource: net::ERR_INTERNET_DISCONNECTED @ https://www.facebook.com/nw/:0
[42041314ms] [ERROR] Failed to load resource: net::ERR_INTERNET_DISCONNECTED @ https://www.facebook.com/nw/:0
[42041525ms] [ERROR] Failed to load resource: net::ERR_INTERNET_DISCONNECTED @ https://www.facebook.com/nw/:0
[42042335ms] [ERROR] Failed to load resource: net::ERR_INTERNET_DISCONNECTED @ https://www.facebook.com/nw/:0
[42048748ms] [ERROR] Failed to load resource: net::ERR_INTERNET_DISCONNECTED @ https://www.facebook.com/nw/:0
[42055155ms] [ERROR] Failed to load resource: net::ERR_INTERNET_DISCONNECTED @ https://www.facebook.com/nw/:0
[42061567ms] [ERROR] Failed to load resource: net::ERR_INTERNET_DISCONNECTED @ https://www.facebook.com/nw/:0
[42067979ms] [ERROR] Failed to load resource: net::ERR_INTERNET_DISCONNECTED @ https://www.facebook.com/nw/:0
[45322374ms] [ERROR] Failed to load resource: net::ERR_INTERNET_DISCONNECTED @ https://www.facebook.com/nw/:0
[45322505ms] [ERROR] Failed to load resource: net::ERR_INTERNET_DISCONNECTED @ https://www.facebook.com/nw/:0
[45322711ms] [ERROR] Failed to load resource: net::ERR_INTERNET_DISCONNECTED @ https://www.facebook.com/nw/:0
[45323520ms] [ERROR] Failed to load resource: net::ERR_INTERNET_DISCONNECTED @ https://www.facebook.com/nw/:0
[45329932ms] [ERROR] Failed to load resource: net::ERR_INTERNET_DISCONNECTED @ https://www.facebook.com/nw/:0
[45336343ms] [ERROR] Failed to load resource: net::ERR_INTERNET_DISCONNECTED @ https://www.facebook.com/nw/:0
[45342755ms] [ERROR] Failed to load resource: net::ERR_INTERNET_DISCONNECTED @ https://www.facebook.com/nw/:0
[45349169ms] [ERROR] Failed to load resource: net::ERR_INTERNET_DISCONNECTED @ https://www.facebook.com/nw/:0
[46395346ms] [ERROR] Failed to load resource: net::ERR_INTERNET_DISCONNECTED @ https://www.facebook.com/nw/:0
[46395474ms] [ERROR] Failed to load resource: net::ERR_INTERNET_DISCONNECTED @ https://www.facebook.com/nw/:0
[46395679ms] [ERROR] Failed to load resource: net::ERR_INTERNET_DISCONNECTED @ https://www.facebook.com/nw/:0
[46396484ms] [ERROR] Failed to load resource: net::ERR_INTERNET_DISCONNECTED @ https://www.facebook.com/nw/:0
[46402891ms] [ERROR] Failed to load resource: net::ERR_INTERNET_DISCONNECTED @ https://www.facebook.com/nw/:0
[46409311ms] [ERROR] Failed to load resource: net::ERR_INTERNET_DISCONNECTED @ https://www.facebook.com/nw/:0
