[    4772ms] [VERBOSE] [DOM] Input elements should have autocomplete attributes (suggested: "current-password"): (More info: https://goo.gl/9p2vKq) %o @ https://www.facebook.com/marketplace/:0
[    4772ms] [VERBOSE] [DOM] Input elements should have autocomplete attributes (suggested: "current-password"): (More info: https://goo.gl/9p2vKq) %o @ https://www.facebook.com/marketplace/:0
[    4803ms] [LOG] 
%cStop! font-family:helvetica; font-size:20px; font-size:50px; font-weight:bold; color:red; -webkit-text-stroke:1px black; @ https://static.xx.fbcdn.net/rsrc.php/v4/yD/r/gexS82s_Mkb.js:243
[    4803ms] [LOG] 
%cThis is a browser feature intended for developers. If someone told you to copy-paste something here to enable a Facebook feature or "hack" someone's account, it's a scam and will give them access to your Facebook account. font-family:helvetica; font-size:20px;  @ https://static.xx.fbcdn.net/rsrc.php/v4/yD/r/gexS82s_Mkb.js:243
[    4803ms] [LOG] 
%cSee https://www.facebook.com/selfxss for more information. font-family:helvetica; font-size:20px;  @ https://static.xx.fbcdn.net/rsrc.php/v4/yD/r/gexS82s_Mkb.js:243
[    4803ms] [LOG] 
%c  @ https://static.xx.fbcdn.net/rsrc.php/v4/yD/r/gexS82s_Mkb.js:243
[    4808ms] [ERROR] ErrorUtils caught an error:

terminate stream because StartStreamFailure with msg : UNAUTHENTICATED [Caught in: Subscription error in preprocessResponse]

Subsequent non-fatal errors won't be logged; see https://fburl.com/debugjs. {column: 180, clientTime: 1778137444, extra: Object, guardList: Array(0), hash: oxayh2} @ https://static.xx.fbcdn.net/rsrc.php/v4/yD/r/gexS82s_Mkb.js:78
[ 1786747ms] [ERROR] Failed to load resource: net::ERR_INTERNET_DISCONNECTED @ https://www.facebook.com/nw/:0
[ 2337809ms] [ERROR] Failed to load resource: net::ERR_NETWORK_CHANGED @ https://www.facebook.com/api/graphql/:0
[ 2337934ms] [ERROR] Failed to load resource: net::ERR_INTERNET_DISCONNECTED @ https://www.facebook.com/nw/:0
[ 2338040ms] [ERROR] Failed to load resource: net::ERR_INTERNET_DISCONNECTED @ https://www.facebook.com/nw/:0
[ 2338248ms] [ERROR] Failed to load resource: net::ERR_INTERNET_DISCONNECTED @ https://www.facebook.com/nw/:0
[ 2338422ms] [ERROR] Failed to load resource: net::ERR_INTERNET_DISCONNECTED @ https://www.facebook.com/api/graphql/:0
[ 2339062ms] [ERROR] Failed to load resource: net::ERR_INTERNET_DISCONNECTED @ https://www.facebook.com/nw/:0
[ 2343426ms] [ERROR] Failed to load resource: net::ERR_INTERNET_DISCONNECTED @ https://www.facebook.com/api/graphql/:0
[ 2345474ms] [ERROR] Failed to load resource: net::ERR_INTERNET_DISCONNECTED @ https://www.facebook.com/nw/:0
[ 2348429ms] [ERROR] Failed to load resource: net::ERR_INTERNET_DISCONNECTED @ https://www.facebook.com/api/graphql/:0
[ 2351886ms] [ERROR] Failed to load resource: net::ERR_INTERNET_DISCONNECTED @ https://www.facebook.com/nw/:0
[ 2353433ms] [ERROR] Failed to load resource: net::ERR_INTERNET_DISCONNECTED @ https://www.facebook.com/api/graphql/:0
[ 2358300ms] [ERROR] Failed to load resource: net::ERR_INTERNET_DISCONNECTED @ https://www.facebook.com/nw/:0
[ 2358432ms] [ERROR] Failed to load resource: net::ERR_INTERNET_DISCONNECTED @ https://www.facebook.com/api/graphql/:0
[ 2363434ms] [ERROR] Failed to load resource: net::ERR_INTERNET_DISCONNECTED @ https://www.facebook.com/api/graphql/:0
[ 2364711ms] [ERROR] Failed to load resource: net::ERR_INTERNET_DISCONNECTED @ https://www.facebook.com/nw/:0
[ 2368436ms] [ERROR] Failed to load resource: net::ERR_INTERNET_DISCONNECTED @ https://www.facebook.com/api/graphql/:0
[ 2371120ms] [ERROR] Failed to load resource: net::ERR_INTERNET_DISCONNECTED @ https://www.facebook.com/nw/:0
[ 2373437ms] [ERROR] Failed to load resource: net::ERR_INTERNET_DISCONNECTED @ https://www.facebook.com/api/graphql/:0
[ 2396408ms] [ERROR] Failed to load resource: net::ERR_INTERNET_DISCONNECTED @ https://www.facebook.com/nw/:0
[ 2397317ms] [ERROR] Failed to load resource: net::ERR_INTERNET_DISCONNECTED @ https://www.facebook.com/api/graphql/:0
[ 2402318ms] [ERROR] Failed to load resource: net::ERR_INTERNET_DISCONNECTED @ https://www.facebook.com/api/graphql/:0
[ 2402819ms] [ERROR] Failed to load resource: net::ERR_INTERNET_DISCONNECTED @ https://www.facebook.com/nw/:0
[ 2407319ms] [ERROR] Failed to load resource: net::ERR_INTERNET_DISCONNECTED @ https://www.facebook.com/api/graphql/:0
[ 2409231ms] [ERROR] Failed to load resource: net::ERR_INTERNET_DISCONNECTED @ https://www.facebook.com/nw/:0
[ 2412320ms] [ERROR] Failed to load resource: net::ERR_INTERNET_DISCONNECTED @ https://www.facebook.com/api/graphql/:0
[ 2415641ms] [ERROR] Failed to load resource: net::ERR_INTERNET_DISCONNECTED @ https://www.facebook.com/nw/:0
[ 2417322ms] [ERROR] Failed to load resource: net::ERR_INTERNET_DISCONNECTED @ https://www.facebook.com/api/graphql/:0
[ 2422052ms] [ERROR] Failed to load resource: net::ERR_INTERNET_DISCONNECTED @ https://www.facebook.com/nw/:0
[ 2422323ms] [ERROR] Failed to load resource: net::ERR_INTERNET_DISCONNECTED @ https://www.facebook.com/api/graphql/:0
[ 2427326ms] [ERROR] Failed to load resource: net::ERR_INTERNET_DISCONNECTED @ https://www.facebook.com/api/graphql/:0
[ 2428462ms] [ERROR] Failed to load resource: net::ERR_INTERNET_DISCONNECTED @ https://www.facebook.com/nw/:0
[ 2432328ms] [ERROR] Failed to load resource: net::ERR_INTERNET_DISCONNECTED @ https://www.facebook.com/api/graphql/:0
[ 2434872ms] [ERROR] Failed to load resource: net::ERR_INTERNET_DISCONNECTED @ https://www.facebook.com/nw/:0
[ 2437329ms] [ERROR] Failed to load resource: net::ERR_INTERNET_DISCONNECTED @ https://www.facebook.com/api/graphql/:0
[ 2441285ms] [ERROR] Failed to load resource: net::ERR_INTERNET_DISCONNECTED @ https://www.facebook.com/nw/:0
[ 6945913ms] [ERROR] Failed to load resource: net::ERR_INTERNET_DISCONNECTED @ https://www.facebook.com/api/graphql/:0
[ 6950917ms] [ERROR] Failed to load resource: net::ERR_INTERNET_DISCONNECTED @ https://www.facebook.com/api/graphql/:0
[ 6951279ms] [ERROR] Failed to load resource: net::ERR_INTERNET_DISCONNECTED @ https://www.facebook.com/nw/:0
[ 6955918ms] [ERROR] Failed to load resource: net::ERR_INTERNET_DISCONNECTED @ https://www.facebook.com/api/graphql/:0
[ 6957689ms] [ERROR] Failed to load resource: net::ERR_INTERNET_DISCONNECTED @ https://www.facebook.com/nw/:0
[ 6960922ms] [ERROR] Failed to load resource: net::ERR_INTERNET_DISCONNECTED @ https://www.facebook.com/api/graphql/:0
[ 6964099ms] [ERROR] Failed to load resource: net::ERR_INTERNET_DISCONNECTED @ https://www.facebook.com/nw/:0
[ 6965922ms] [ERROR] Failed to load resource: net::ERR_INTERNET_DISCONNECTED @ https://www.facebook.com/api/graphql/:0
[ 6970510ms] [ERROR] Failed to load resource: net::ERR_INTERNET_DISCONNECTED @ https://www.facebook.com/nw/:0
[ 6970923ms] [ERROR] Failed to load resource: net::ERR_INTERNET_DISCONNECTED @ https://www.facebook.com/api/graphql/:0
[ 6975926ms] [ERROR] Failed to load resource: net::ERR_INTERNET_DISCONNECTED @ https://www.facebook.com/api/graphql/:0
[ 6976920ms] [ERROR] Failed to load resource: net::ERR_INTERNET_DISCONNECTED @ https://www.facebook.com/nw/:0
[ 6980929ms] [ERROR] Failed to load resource: net::ERR_INTERNET_DISCONNECTED @ https://www.facebook.com/api/graphql/:0
[ 6983330ms] [ERROR] Failed to load resource: net::ERR_INTERNET_DISCONNECTED @ https://www.facebook.com/nw/:0
[ 9029245ms] [ERROR] Failed to load resource: net::ERR_INTERNET_DISCONNECTED @ https://www.facebook.com/nw/:0
[ 9029353ms] [ERROR] Failed to load resource: net::ERR_INTERNET_DISCONNECTED @ https://www.facebook.com/nw/:0
[ 9029566ms] [ERROR] Failed to load resource: net::ERR_INTERNET_DISCONNECTED @ https://www.facebook.com/nw/:0
[ 9030372ms] [ERROR] Failed to load resource: net::ERR_INTERNET_DISCONNECTED @ https://www.facebook.com/nw/:0
[ 9033098ms] [ERROR] Failed to load resource: net::ERR_INTERNET_DISCONNECTED @ https://www.facebook.com/api/graphql/:0
[ 9036784ms] [ERROR] Failed to load resource: net::ERR_INTERNET_DISCONNECTED @ https://www.facebook.com/nw/:0
[ 9038100ms] [ERROR] Failed to load resource: net::ERR_INTERNET_DISCONNECTED @ https://www.facebook.com/api/graphql/:0
[ 9043104ms] [ERROR] Failed to load resource: net::ERR_INTERNET_DISCONNECTED @ https://www.facebook.com/api/graphql/:0
[ 9043194ms] [ERROR] Failed to load resource: net::ERR_INTERNET_DISCONNECTED @ https://www.facebook.com/nw/:0
[ 9048106ms] [ERROR] Failed to load resource: net::ERR_INTERNET_DISCONNECTED @ https://www.facebook.com/api/graphql/:0
[ 9049606ms] [ERROR] Failed to load resource: net::ERR_INTERNET_DISCONNECTED @ https://www.facebook.com/nw/:0
[ 9053107ms] [ERROR] Failed to load resource: net::ERR_INTERNET_DISCONNECTED @ https://www.facebook.com/api/graphql/:0
[ 9056017ms] [ERROR] Failed to load resource: net::ERR_INTERNET_DISCONNECTED @ https://www.facebook.com/nw/:0
[ 9058109ms] [ERROR] Failed to load resource: net::ERR_INTERNET_DISCONNECTED @ https://www.facebook.com/api/graphql/:0
[ 9062428ms] [ERROR] Failed to load resource: net::ERR_INTERNET_DISCONNECTED @ https://www.facebook.com/nw/:0
[ 9063110ms] [ERROR] Failed to load resource: net::ERR_INTERNET_DISCONNECTED @ https://www.facebook.com/api/graphql/:0
[ 9068113ms] [ERROR] Failed to load resource: net::ERR_INTERNET_DISCONNECTED @ https://www.facebook.com/api/graphql/:0
[ 9068840ms] [ERROR] Failed to load resource: net::ERR_INTERNET_DISCONNECTED @ https://www.facebook.com/nw/:0
[ 9073113ms] [ERROR] Failed to load resource: net::ERR_INTERNET_DISCONNECTED @ https://www.facebook.com/api/graphql/:0
[ 9075251ms] [ERROR] Failed to load resource: net::ERR_INTERNET_DISCONNECTED @ https://www.facebook.com/nw/:0
[ 9698323ms] [ERROR] Failed to load resource: net::ERR_INTERNET_DISCONNECTED @ https://www.facebook.com/api/graphql/:0
[ 9701877ms] [ERROR] Failed to load resource: net::ERR_INTERNET_DISCONNECTED @ https://www.facebook.com/nw/:0
[ 9703321ms] [ERROR] Failed to load resource: net::ERR_INTERNET_DISCONNECTED @ https://www.facebook.com/api/graphql/:0
[ 9708286ms] [ERROR] Failed to load resource: net::ERR_INTERNET_DISCONNECTED @ https://www.facebook.com/nw/:0
[ 9708326ms] [ERROR] Failed to load resource: net::ERR_INTERNET_DISCONNECTED @ https://www.facebook.com/api/graphql/:0
[12985126ms] [ERROR] Failed to load resource: net::ERR_INTERNET_DISCONNECTED @ https://www.facebook.com/nw/:0
[12985231ms] [ERROR] Failed to load resource: net::ERR_INTERNET_DISCONNECTED @ https://www.facebook.com/nw/:0
[12985458ms] [ERROR] Failed to load resource: net::ERR_INTERNET_DISCONNECTED @ https://www.facebook.com/nw/:0
[12986269ms] [ERROR] Failed to load resource: net::ERR_INTERNET_DISCONNECTED @ https://www.facebook.com/nw/:0
[12986530ms] [ERROR] Failed to load resource: net::ERR_INTERNET_DISCONNECTED @ https://www.facebook.com/api/graphql/:0
[12991533ms] [ERROR] Failed to load resource: net::ERR_INTERNET_DISCONNECTED @ https://www.facebook.com/api/graphql/:0
[12992682ms] [ERROR] Failed to load resource: net::ERR_INTERNET_DISCONNECTED @ https://www.facebook.com/nw/:0
[12996532ms] [ERROR] Failed to load resource: net::ERR_INTERNET_DISCONNECTED @ https://www.facebook.com/api/graphql/:0
[12999093ms] [ERROR] Failed to load resource: net::ERR_INTERNET_DISCONNECTED @ https://www.facebook.com/nw/:0
[13001537ms] [ERROR] Failed to load resource: net::ERR_INTERNET_DISCONNECTED @ https://www.facebook.com/api/graphql/:0
[13005504ms] [ERROR] Failed to load resource: net::ERR_INTERNET_DISCONNECTED @ https://www.facebook.com/nw/:0
[13006539ms] [ERROR] Failed to load resource: net::ERR_INTERNET_DISCONNECTED @ https://www.facebook.com/api/graphql/:0
[13011538ms] [ERROR] Failed to load resource: net::ERR_INTERNET_DISCONNECTED @ https://www.facebook.com/api/graphql/:0
[13011911ms] [ERROR] Failed to load resource: net::ERR_INTERNET_DISCONNECTED @ https://www.facebook.com/nw/:0
[13016540ms] [ERROR] Failed to load resource: net::ERR_INTERNET_DISCONNECTED @ https://www.facebook.com/api/graphql/:0
[13018322ms] [ERROR] Failed to load resource: net::ERR_INTERNET_DISCONNECTED @ https://www.facebook.com/nw/:0
[13021543ms] [ERROR] Failed to load resource: net::ERR_INTERNET_DISCONNECTED @ https://www.facebook.com/api/graphql/:0
[13024732ms] [ERROR] Failed to load resource: net::ERR_INTERNET_DISCONNECTED @ https://www.facebook.com/nw/:0
[13026545ms] [ERROR] Failed to load resource: net::ERR_INTERNET_DISCONNECTED @ https://www.facebook.com/api/graphql/:0
[13031143ms] [ERROR] Failed to load resource: net::ERR_INTERNET_DISCONNECTED @ https://www.facebook.com/nw/:0
[17138544ms] [ERROR] Failed to load resource: net::ERR_INTERNET_DISCONNECTED @ https://www.facebook.com/api/graphql/:0
[17143520ms] [ERROR] Failed to load resource: net::ERR_INTERNET_DISCONNECTED @ https://www.facebook.com/api/graphql/:0
[17144525ms] [ERROR] Failed to load resource: net::ERR_INTERNET_DISCONNECTED @ https://www.facebook.com/nw/:0
[17148521ms] [ERROR] Failed to load resource: net::ERR_INTERNET_DISCONNECTED @ https://www.facebook.com/api/graphql/:0
[17150936ms] [ERROR] Failed to load resource: net::ERR_INTERNET_DISCONNECTED @ https://www.facebook.com/nw/:0
[17153521ms] [ERROR] Failed to load resource: net::ERR_INTERNET_DISCONNECTED @ https://www.facebook.com/api/graphql/:0
[17157345ms] [ERROR] Failed to load resource: net::ERR_INTERNET_DISCONNECTED @ https://www.facebook.com/nw/:0
[17158522ms] [ERROR] Failed to load resource: net::ERR_INTERNET_DISCONNECTED @ https://www.facebook.com/api/graphql/:0
[17163525ms] [ERROR] Failed to load resource: net::ERR_INTERNET_DISCONNECTED @ https://www.facebook.com/api/graphql/:0
[17163755ms] [ERROR] Failed to load resource: net::ERR_INTERNET_DISCONNECTED @ https://www.facebook.com/nw/:0
[17168526ms] [ERROR] Failed to load resource: net::ERR_INTERNET_DISCONNECTED @ https://www.facebook.com/api/graphql/:0
[17170165ms] [ERROR] Failed to load resource: net::ERR_INTERNET_DISCONNECTED @ https://www.facebook.com/nw/:0
[17173533ms] [ERROR] Failed to load resource: net::ERR_INTERNET_DISCONNECTED @ https://www.facebook.com/api/graphql/:0
[17176576ms] [ERROR] Failed to load resource: net::ERR_INTERNET_DISCONNECTED @ https://www.facebook.com/nw/:0
[17178531ms] [ERROR] Failed to load resource: net::ERR_INTERNET_DISCONNECTED @ https://www.facebook.com/api/graphql/:0
[17182987ms] [ERROR] Failed to load resource: net::ERR_INTERNET_DISCONNECTED @ https://www.facebook.com/nw/:0
[17183531ms] [ERROR] Failed to load resource: net::ERR_INTERNET_DISCONNECTED @ https://www.facebook.com/api/graphql/:0
[17315543ms] [ERROR] Failed to load resource: net::ERR_INTERNET_DISCONNECTED @ https://www.facebook.com/api/graphql/:0
[17316400ms] [ERROR] Failed to load resource: net::ERR_INTERNET_DISCONNECTED @ https://www.facebook.com/nw/:0
[17320543ms] [ERROR] Failed to load resource: net::ERR_INTERNET_DISCONNECTED @ https://www.facebook.com/api/graphql/:0
[17322810ms] [ERROR] Failed to load resource: net::ERR_INTERNET_DISCONNECTED @ https://www.facebook.com/nw/:0
[17325544ms] [ERROR] Failed to load resource: net::ERR_INTERNET_DISCONNECTED @ https://www.facebook.com/api/graphql/:0
[17329220ms] [ERROR] Failed to load resource: net::ERR_INTERNET_DISCONNECTED @ https://www.facebook.com/nw/:0
[17330545ms] [ERROR] Failed to load resource: net::ERR_INTERNET_DISCONNECTED @ https://www.facebook.com/api/graphql/:0
[17335547ms] [ERROR] Failed to load resource: net::ERR_INTERNET_DISCONNECTED @ https://www.facebook.com/api/graphql/:0
[17335630ms] [ERROR] Failed to load resource: net::ERR_INTERNET_DISCONNECTED @ https://www.facebook.com/nw/:0
[17340545ms] [ERROR] Failed to load resource: net::ERR_INTERNET_DISCONNECTED @ https://www.facebook.com/api/graphql/:0
[17342043ms] [ERROR] Failed to load resource: net::ERR_INTERNET_DISCONNECTED @ https://www.facebook.com/nw/:0
[17345548ms] [ERROR] Failed to load resource: net::ERR_INTERNET_DISCONNECTED @ https://www.facebook.com/api/graphql/:0
[17349522ms] [ERROR] Failed to load resource: net::ERR_NAME_NOT_RESOLVED @ https://www.facebook.com/nw/:0
[18051135ms] [ERROR] Failed to load resource: net::ERR_INTERNET_DISCONNECTED @ https://www.facebook.com/nw/:0
[18051242ms] [ERROR] Failed to load resource: net::ERR_INTERNET_DISCONNECTED @ https://www.facebook.com/nw/:0
[18051448ms] [ERROR] Failed to load resource: net::ERR_INTERNET_DISCONNECTED @ https://www.facebook.com/nw/:0
[18052260ms] [ERROR] Failed to load resource: net::ERR_INTERNET_DISCONNECTED @ https://www.facebook.com/nw/:0
[18052482ms] [ERROR] Failed to load resource: net::ERR_INTERNET_DISCONNECTED @ https://www.facebook.com/api/graphql/:0
[18057485ms] [ERROR] Failed to load resource: net::ERR_INTERNET_DISCONNECTED @ https://www.facebook.com/api/graphql/:0
[18058669ms] [ERROR] Failed to load resource: net::ERR_INTERNET_DISCONNECTED @ https://www.facebook.com/nw/:0
[18062489ms] [ERROR] Failed to load resource: net::ERR_INTERNET_DISCONNECTED @ https://www.facebook.com/api/graphql/:0
[18065080ms] [ERROR] Failed to load resource: net::ERR_INTERNET_DISCONNECTED @ https://www.facebook.com/nw/:0
[18067490ms] [ERROR] Failed to load resource: net::ERR_INTERNET_DISCONNECTED @ https://www.facebook.com/api/graphql/:0
[18071489ms] [ERROR] Failed to load resource: net::ERR_INTERNET_DISCONNECTED @ https://www.facebook.com/nw/:0
[18072491ms] [ERROR] Failed to load resource: net::ERR_INTERNET_DISCONNECTED @ https://www.facebook.com/api/graphql/:0
[18077494ms] [ERROR] Failed to load resource: net::ERR_INTERNET_DISCONNECTED @ https://www.facebook.com/api/graphql/:0
[18077899ms] [ERROR] Failed to load resource: net::ERR_INTERNET_DISCONNECTED @ https://www.facebook.com/nw/:0
[20973227ms] [ERROR] Failed to load resource: net::ERR_INTERNET_DISCONNECTED @ https://www.facebook.com/nw/:0
[20973337ms] [ERROR] Failed to load resource: net::ERR_INTERNET_DISCONNECTED @ https://www.facebook.com/nw/:0
[20973548ms] [ERROR] Failed to load resource: net::ERR_INTERNET_DISCONNECTED @ https://www.facebook.com/nw/:0
[20973760ms] [ERROR] Failed to load resource: net::ERR_INTERNET_DISCONNECTED @ https://www.facebook.com/api/graphql/:0
[20974357ms] [ERROR] Failed to load resource: net::ERR_INTERNET_DISCONNECTED @ https://www.facebook.com/nw/:0
[20978766ms] [ERROR] Failed to load resource: net::ERR_INTERNET_DISCONNECTED @ https://www.facebook.com/api/graphql/:0
[20980768ms] [ERROR] Failed to load resource: net::ERR_INTERNET_DISCONNECTED @ https://www.facebook.com/nw/:0
[20983768ms] [ERROR] Failed to load resource: net::ERR_INTERNET_DISCONNECTED @ https://www.facebook.com/api/graphql/:0
[20987178ms] [ERROR] Failed to load resource: net::ERR_INTERNET_DISCONNECTED @ https://www.facebook.com/nw/:0
[20988769ms] [ERROR] Failed to load resource: net::ERR_INTERNET_DISCONNECTED @ https://www.facebook.com/api/graphql/:0
[20993587ms] [ERROR] Failed to load resource: net::ERR_INTERNET_DISCONNECTED @ https://www.facebook.com/nw/:0
[20993767ms] [ERROR] Failed to load resource: net::ERR_INTERNET_DISCONNECTED @ https://www.facebook.com/api/graphql/:0
[20998773ms] [ERROR] Failed to load resource: net::ERR_INTERNET_DISCONNECTED @ https://www.facebook.com/api/graphql/:0
[20999997ms] [ERROR] Failed to load resource: net::ERR_INTERNET_DISCONNECTED @ https://www.facebook.com/nw/:0
[24245244ms] [ERROR] Failed to load resource: net::ERR_INTERNET_DISCONNECTED @ https://www.facebook.com/nw/:0
[24245350ms] [ERROR] Failed to load resource: net::ERR_INTERNET_DISCONNECTED @ https://www.facebook.com/nw/:0
[24245559ms] [ERROR] Failed to load resource: net::ERR_INTERNET_DISCONNECTED @ https://www.facebook.com/nw/:0
[24245697ms] [ERROR] Failed to load resource: net::ERR_INTERNET_DISCONNECTED @ https://www.facebook.com/api/graphql/:0
[24246367ms] [ERROR] Failed to load resource: net::ERR_INTERNET_DISCONNECTED @ https://www.facebook.com/nw/:0
[24250706ms] [ERROR] Failed to load resource: net::ERR_INTERNET_DISCONNECTED @ https://www.facebook.com/api/graphql/:0
[24252779ms] [ERROR] Failed to load resource: net::ERR_INTERNET_DISCONNECTED @ https://www.facebook.com/nw/:0
[24255706ms] [ERROR] Failed to load resource: net::ERR_INTERNET_DISCONNECTED @ https://www.facebook.com/api/graphql/:0
[24259189ms] [ERROR] Failed to load resource: net::ERR_INTERNET_DISCONNECTED @ https://www.facebook.com/nw/:0
[24260706ms] [ERROR] Failed to load resource: net::ERR_INTERNET_DISCONNECTED @ https://www.facebook.com/api/graphql/:0
[24265600ms] [ERROR] Failed to load resource: net::ERR_INTERNET_DISCONNECTED @ https://www.facebook.com/nw/:0
[24265707ms] [ERROR] Failed to load resource: net::ERR_INTERNET_DISCONNECTED @ https://www.facebook.com/api/graphql/:0
[24270710ms] [ERROR] Failed to load resource: net::ERR_INTERNET_DISCONNECTED @ https://www.facebook.com/api/graphql/:0
[24272010ms] [ERROR] Failed to load resource: net::ERR_INTERNET_DISCONNECTED @ https://www.facebook.com/nw/:0
[24275713ms] [ERROR] Failed to load resource: net::ERR_INTERNET_DISCONNECTED @ https://www.facebook.com/api/graphql/:0
[24278420ms] [ERROR] Failed to load resource: net::ERR_INTERNET_DISCONNECTED @ https://www.facebook.com/nw/:0
[24280714ms] [ERROR] Failed to load resource: net::ERR_INTERNET_DISCONNECTED @ https://www.facebook.com/api/graphql/:0
[24284832ms] [ERROR] Failed to load resource: net::ERR_INTERNET_DISCONNECTED @ https://www.facebook.com/nw/:0
[24285716ms] [ERROR] Failed to load resource: net::ERR_INTERNET_DISCONNECTED @ https://www.facebook.com/api/graphql/:0
[24290717ms] [ERROR] Failed to load resource: net::ERR_INTERNET_DISCONNECTED @ https://www.facebook.com/api/graphql/:0
[24291241ms] [ERROR] Failed to load resource: net::ERR_INTERNET_DISCONNECTED @ https://www.facebook.com/nw/:0
[24637772ms] [ERROR] Failed to load resource: net::ERR_INTERNET_DISCONNECTED @ https://www.facebook.com/api/graphql/:0
[24639709ms] [ERROR] Failed to load resource: net::ERR_INTERNET_DISCONNECTED @ https://www.facebook.com/nw/:0
[24642774ms] [ERROR] Failed to load resource: net::ERR_INTERNET_DISCONNECTED @ https://www.facebook.com/api/graphql/:0
[24646120ms] [ERROR] Failed to load resource: net::ERR_INTERNET_DISCONNECTED @ https://www.facebook.com/nw/:0
[24647775ms] [ERROR] Failed to load resource: net::ERR_INTERNET_DISCONNECTED @ https://www.facebook.com/api/graphql/:0
[24652533ms] [ERROR] Failed to load resource: net::ERR_INTERNET_DISCONNECTED @ https://www.facebook.com/nw/:0
[24652777ms] [ERROR] Failed to load resource: net::ERR_INTERNET_DISCONNECTED @ https://www.facebook.com/api/graphql/:0
[24657780ms] [ERROR] Failed to load resource: net::ERR_INTERNET_DISCONNECTED @ https://www.facebook.com/api/graphql/:0
[24658943ms] [ERROR] Failed to load resource: net::ERR_INTERNET_DISCONNECTED @ https://www.facebook.com/nw/:0
[24662783ms] [ERROR] Failed to load resource: net::ERR_INTERNET_DISCONNECTED @ https://www.facebook.com/api/graphql/:0
[24665351ms] [ERROR] Failed to load resource: net::ERR_INTERNET_DISCONNECTED @ https://www.facebook.com/nw/:0
[24667783ms] [ERROR] Failed to load resource: net::ERR_INTERNET_DISCONNECTED @ https://www.facebook.com/api/graphql/:0
[24671761ms] [ERROR] Failed to load resource: net::ERR_INTERNET_DISCONNECTED @ https://www.facebook.com/nw/:0
[24672784ms] [ERROR] Failed to load resource: net::ERR_INTERNET_DISCONNECTED @ https://www.facebook.com/api/graphql/:0
[24677785ms] [ERROR] Failed to load resource: net::ERR_INTERNET_DISCONNECTED @ https://www.facebook.com/api/graphql/:0
[24678170ms] [ERROR] Failed to load resource: net::ERR_INTERNET_DISCONNECTED @ https://www.facebook.com/nw/:0
[28296838ms] [ERROR] Failed to load resource: net::ERR_INTERNET_DISCONNECTED @ https://www.facebook.com/api/graphql/:0
[28298628ms] [ERROR] Failed to load resource: net::ERR_INTERNET_DISCONNECTED @ https://www.facebook.com/nw/:0
[28301839ms] [ERROR] Failed to load resource: net::ERR_INTERNET_DISCONNECTED @ https://www.facebook.com/api/graphql/:0
[28305038ms] [ERROR] Failed to load resource: net::ERR_INTERNET_DISCONNECTED @ https://www.facebook.com/nw/:0
[28306841ms] [ERROR] Failed to load resource: net::ERR_INTERNET_DISCONNECTED @ https://www.facebook.com/api/graphql/:0
[28311449ms] [ERROR] Failed to load resource: net::ERR_INTERNET_DISCONNECTED @ https://www.facebook.com/nw/:0
[28311840ms] [ERROR] Failed to load resource: net::ERR_INTERNET_DISCONNECTED @ https://www.facebook.com/api/graphql/:0
[28316843ms] [ERROR] Failed to load resource: net::ERR_INTERNET_DISCONNECTED @ https://www.facebook.com/api/graphql/:0
[28317858ms] [ERROR] Failed to load resource: net::ERR_INTERNET_DISCONNECTED @ https://www.facebook.com/nw/:0
[28321845ms] [ERROR] Failed to load resource: net::ERR_INTERNET_DISCONNECTED @ https://www.facebook.com/api/graphql/:0
[28324268ms] [ERROR] Failed to load resource: net::ERR_INTERNET_DISCONNECTED @ https://www.facebook.com/nw/:0
[28326847ms] [ERROR] Failed to load resource: net::ERR_INTERNET_DISCONNECTED @ https://www.facebook.com/api/graphql/:0
[28330679ms] [ERROR] Failed to load resource: net::ERR_INTERNET_DISCONNECTED @ https://www.facebook.com/nw/:0
[28331848ms] [ERROR] Failed to load resource: net::ERR_INTERNET_DISCONNECTED @ https://www.facebook.com/api/graphql/:0
[28336852ms] [ERROR] Failed to load resource: net::ERR_INTERNET_DISCONNECTED @ https://www.facebook.com/api/graphql/:0
[28337089ms] [ERROR] Failed to load resource: net::ERR_INTERNET_DISCONNECTED @ https://www.facebook.com/nw/:0
[31955899ms] [ERROR] Failed to load resource: net::ERR_INTERNET_DISCONNECTED @ https://www.facebook.com/api/graphql/:0
[31957541ms] [ERROR] Failed to load resource: net::ERR_INTERNET_DISCONNECTED @ https://www.facebook.com/nw/:0
[31960894ms] [ERROR] Failed to load resource: net::ERR_INTERNET_DISCONNECTED @ https://www.facebook.com/api/graphql/:0
[31963952ms] [ERROR] Failed to load resource: net::ERR_INTERNET_DISCONNECTED @ https://www.facebook.com/nw/:0
[31965895ms] [ERROR] Failed to load resource: net::ERR_INTERNET_DISCONNECTED @ https://www.facebook.com/api/graphql/:0
[31970364ms] [ERROR] Failed to load resource: net::ERR_INTERNET_DISCONNECTED @ https://www.facebook.com/nw/:0
[31970898ms] [ERROR] Failed to load resource: net::ERR_INTERNET_DISCONNECTED @ https://www.facebook.com/api/graphql/:0
[31975900ms] [ERROR] Failed to load resource: net::ERR_INTERNET_DISCONNECTED @ https://www.facebook.com/api/graphql/:0
[31976773ms] [ERROR] Failed to load resource: net::ERR_INTERNET_DISCONNECTED @ https://www.facebook.com/nw/:0
[31980903ms] [ERROR] Failed to load resource: net::ERR_INTERNET_DISCONNECTED @ https://www.facebook.com/api/graphql/:0
[31983188ms] [ERROR] Failed to load resource: net::ERR_INTERNET_DISCONNECTED @ https://www.facebook.com/nw/:0
[35225370ms] [ERROR] Failed to load resource: net::ERR_INTERNET_DISCONNECTED @ https://www.facebook.com/nw/:0
[35225370ms] [ERROR] Failed to load resource: net::ERR_INTERNET_DISCONNECTED @ https://www.facebook.com/api/graphql/:0
[35225478ms] [ERROR] Failed to load resource: net::ERR_INTERNET_DISCONNECTED @ https://www.facebook.com/nw/:0
[35225684ms] [ERROR] Failed to load resource: net::ERR_INTERNET_DISCONNECTED @ https://www.facebook.com/nw/:0
[35226491ms] [ERROR] Failed to load resource: net::ERR_INTERNET_DISCONNECTED @ https://www.facebook.com/nw/:0
[35230081ms] [ERROR] Failed to load resource: net::ERR_INTERNET_DISCONNECTED @ https://www.facebook.com/api/graphql/:0
[35232902ms] [ERROR] Failed to load resource: net::ERR_INTERNET_DISCONNECTED @ https://www.facebook.com/nw/:0
[35235086ms] [ERROR] Failed to load resource: net::ERR_INTERNET_DISCONNECTED @ https://www.facebook.com/api/graphql/:0
[35239312ms] [ERROR] Failed to load resource: net::ERR_INTERNET_DISCONNECTED @ https://www.facebook.com/nw/:0
[35240088ms] [ERROR] Failed to load resource: net::ERR_INTERNET_DISCONNECTED @ https://www.facebook.com/api/graphql/:0
[35616346ms] [ERROR] Failed to load resource: net::ERR_INTERNET_DISCONNECTED @ https://www.facebook.com/nw/:0
[35616451ms] [ERROR] Failed to load resource: net::ERR_INTERNET_DISCONNECTED @ https://www.facebook.com/nw/:0
[35616657ms] [ERROR] Failed to load resource: net::ERR_INTERNET_DISCONNECTED @ https://www.facebook.com/nw/:0
[35617463ms] [ERROR] Failed to load resource: net::ERR_INTERNET_DISCONNECTED @ https://www.facebook.com/nw/:0
[35619773ms] [ERROR] Failed to load resource: net::ERR_INTERNET_DISCONNECTED @ https://www.facebook.com/api/graphql/:0
[35623872ms] [ERROR] Failed to load resource: net::ERR_INTERNET_DISCONNECTED @ https://www.facebook.com/nw/:0
[35624772ms] [ERROR] Failed to load resource: net::ERR_INTERNET_DISCONNECTED @ https://www.facebook.com/api/graphql/:0
[35629776ms] [ERROR] Failed to load resource: net::ERR_INTERNET_DISCONNECTED @ https://www.facebook.com/api/graphql/:0
[35630281ms] [ERROR] Failed to load resource: net::ERR_INTERNET_DISCONNECTED @ https://www.facebook.com/nw/:0
[35634774ms] [ERROR] Failed to load resource: net::ERR_INTERNET_DISCONNECTED @ https://www.facebook.com/api/graphql/:0
[35636688ms] [ERROR] Failed to load resource: net::ERR_INTERNET_DISCONNECTED @ https://www.facebook.com/nw/:0
[35639782ms] [ERROR] Failed to load resource: net::ERR_INTERNET_DISCONNECTED @ https://www.facebook.com/api/graphql/:0
[35643098ms] [ERROR] Failed to load resource: net::ERR_INTERNET_DISCONNECTED @ https://www.facebook.com/nw/:0
[35644782ms] [ERROR] Failed to load resource: net::ERR_INTERNET_DISCONNECTED @ https://www.facebook.com/api/graphql/:0
[35649508ms] [ERROR] Failed to load resource: net::ERR_INTERNET_DISCONNECTED @ https://www.facebook.com/nw/:0
[35649783ms] [ERROR] Failed to load resource: net::ERR_INTERNET_DISCONNECTED @ https://www.facebook.com/api/graphql/:0
[35654785ms] [ERROR] Failed to load resource: net::ERR_INTERNET_DISCONNECTED @ https://www.facebook.com/api/graphql/:0
[35655917ms] [ERROR] Failed to load resource: net::ERR_INTERNET_DISCONNECTED @ https://www.facebook.com/nw/:0
[35659786ms] [ERROR] Failed to load resource: net::ERR_INTERNET_DISCONNECTED @ https://www.facebook.com/api/graphql/:0
[35662329ms] [ERROR] Failed to load resource: net::ERR_INTERNET_DISCONNECTED @ https://www.facebook.com/nw/:0
[37794900ms] [ERROR] Failed to load resource: net::ERR_INTERNET_DISCONNECTED @ https://www.facebook.com/api/graphql/:0
[37798862ms] [ERROR] Failed to load resource: net::ERR_INTERNET_DISCONNECTED @ https://www.facebook.com/nw/:0
[37799912ms] [ERROR] Failed to load resource: net::ERR_INTERNET_DISCONNECTED @ https://www.facebook.com/api/graphql/:0
[37804913ms] [ERROR] Failed to load resource: net::ERR_INTERNET_DISCONNECTED @ https://www.facebook.com/api/graphql/:0
[37805273ms] [ERROR] Failed to load resource: net::ERR_INTERNET_DISCONNECTED @ https://www.facebook.com/nw/:0
[37809914ms] [ERROR] Failed to load resource: net::ERR_INTERNET_DISCONNECTED @ https://www.facebook.com/api/graphql/:0
[37811686ms] [ERROR] Failed to load resource: net::ERR_INTERNET_DISCONNECTED @ https://www.facebook.com/nw/:0
[37975251ms] [VERBOSE] [DOM] Input elements should have autocomplete attributes (suggested: "current-password"): (More info: https://goo.gl/9p2vKq) %o @ https://www.facebook.com/marketplace/:0
[37975251ms] [VERBOSE] [DOM] Input elements should have autocomplete attributes (suggested: "current-password"): (More info: https://goo.gl/9p2vKq) %o @ https://www.facebook.com/marketplace/:0
[37975282ms] [ERROR] ErrorUtils caught an error:

terminate stream because StartStreamFailure with msg : UNAUTHENTICATED [Caught in: Subscription error in preprocessResponse]

Subsequent non-fatal errors won't be logged; see https://fburl.com/debugjs. {column: 180, clientTime: 1778175414, extra: Object, guardList: Array(0), hash: apwpq0} @ https://static.xx.fbcdn.net/rsrc.php/v4/yD/r/gexS82s_Mkb.js:78
[37975289ms] [LOG] 
%cStop! font-family:helvetica; font-size:20px; font-size:50px; font-weight:bold; color:red; -webkit-text-stroke:1px black; @ https://static.xx.fbcdn.net/rsrc.php/v4/yD/r/gexS82s_Mkb.js:243
[37975289ms] [LOG] 
%cThis is a browser feature intended for developers. If someone told you to copy-paste something here to enable a Facebook feature or "hack" someone's account, it's a scam and will give them access to your Facebook account. font-family:helvetica; font-size:20px;  @ https://static.xx.fbcdn.net/rsrc.php/v4/yD/r/gexS82s_Mkb.js:243
[37975289ms] [LOG] 
%cSee https://www.facebook.com/selfxss for more information. font-family:helvetica; font-size:20px;  @ https://static.xx.fbcdn.net/rsrc.php/v4/yD/r/gexS82s_Mkb.js:243
[37975289ms] [LOG] 
%c  @ https://static.xx.fbcdn.net/rsrc.php/v4/yD/r/gexS82s_Mkb.js:243
[41096738ms] [ERROR] Failed to load resource: net::ERR_INTERNET_DISCONNECTED @ https://www.facebook.com/nw/:0
[41096846ms] [ERROR] Failed to load resource: net::ERR_INTERNET_DISCONNECTED @ https://www.facebook.com/nw/:0
[41097056ms] [ERROR] Failed to load resource: net::ERR_INTERNET_DISCONNECTED @ https://www.facebook.com/nw/:0
[41097865ms] [ERROR] Failed to load resource: net::ERR_INTERNET_DISCONNECTED @ https://www.facebook.com/nw/:0
[41099226ms] [ERROR] Failed to load resource: net::ERR_INTERNET_DISCONNECTED @ https://www.facebook.com/api/graphql/:0
[41104231ms] [ERROR] Failed to load resource: net::ERR_INTERNET_DISCONNECTED @ https://www.facebook.com/api/graphql/:0
[41104273ms] [ERROR] Failed to load resource: net::ERR_INTERNET_DISCONNECTED @ https://www.facebook.com/nw/:0
[41109234ms] [ERROR] Failed to load resource: net::ERR_INTERNET_DISCONNECTED @ https://www.facebook.com/api/graphql/:0
[41110681ms] [ERROR] Failed to load resource: net::ERR_INTERNET_DISCONNECTED @ https://www.facebook.com/nw/:0
[41114235ms] [ERROR] Failed to load resource: net::ERR_INTERNET_DISCONNECTED @ https://www.facebook.com/api/graphql/:0
[41117094ms] [ERROR] Failed to load resource: net::ERR_INTERNET_DISCONNECTED @ https://www.facebook.com/nw/:0
[41119237ms] [ERROR] Failed to load resource: net::ERR_INTERNET_DISCONNECTED @ https://www.facebook.com/api/graphql/:0
[41123507ms] [ERROR] Failed to load resource: net::ERR_INTERNET_DISCONNECTED @ https://www.facebook.com/nw/:0
[41124242ms] [ERROR] Failed to load resource: net::ERR_INTERNET_DISCONNECTED @ https://www.facebook.com/api/graphql/:0
[44025834ms] [ERROR] Failed to load resource: net::ERR_INTERNET_DISCONNECTED @ https://www.facebook.com/nw/:0
[44025991ms] [ERROR] Failed to load resource: net::ERR_INTERNET_DISCONNECTED @ https://www.facebook.com/nw/:0
[44026196ms] [ERROR] Failed to load resource: net::ERR_INTERNET_DISCONNECTED @ https://www.facebook.com/nw/:0
[44027008ms] [ERROR] Failed to load resource: net::ERR_INTERNET_DISCONNECTED @ https://www.facebook.com/nw/:0
[44027927ms] [ERROR] Failed to load resource: net::ERR_INTERNET_DISCONNECTED @ https://www.facebook.com/api/graphql/:0
[47631974ms] [ERROR] Failed to load resource: net::ERR_INTERNET_DISCONNECTED @ https://www.facebook.com/nw/:0
[47632108ms] [ERROR] Failed to load resource: net::ERR_INTERNET_DISCONNECTED @ https://www.facebook.com/nw/:0
[47632328ms] [ERROR] Failed to load resource: net::ERR_INTERNET_DISCONNECTED @ https://www.facebook.com/nw/:0
[47633140ms] [ERROR] Failed to load resource: net::ERR_INTERNET_DISCONNECTED @ https://www.facebook.com/nw/:0
[47633676ms] [ERROR] Failed to load resource: net::ERR_INTERNET_DISCONNECTED @ https://www.facebook.com/api/graphql/:0
[47638673ms] [ERROR] Failed to load resource: net::ERR_INTERNET_DISCONNECTED @ https://www.facebook.com/api/graphql/:0
[47639541ms] [ERROR] Failed to load resource: net::ERR_INTERNET_DISCONNECTED @ https://www.facebook.com/nw/:0
[47643667ms] [ERROR] Failed to load resource: net::ERR_INTERNET_DISCONNECTED @ https://www.facebook.com/api/graphql/:0
[47645949ms] [ERROR] Failed to load resource: net::ERR_INTERNET_DISCONNECTED @ https://www.facebook.com/nw/:0
[47648670ms] [ERROR] Failed to load resource: net::ERR_INTERNET_DISCONNECTED @ https://www.facebook.com/api/graphql/:0
[47652358ms] [ERROR] Failed to load resource: net::ERR_INTERNET_DISCONNECTED @ https://www.facebook.com/nw/:0
[47653670ms] [ERROR] Failed to load resource: net::ERR_INTERNET_DISCONNECTED @ https://www.facebook.com/api/graphql/:0
[47658671ms] [ERROR] Failed to load resource: net::ERR_INTERNET_DISCONNECTED @ https://www.facebook.com/api/graphql/:0
[47658766ms] [ERROR] Failed to load resource: net::ERR_INTERNET_DISCONNECTED @ https://www.facebook.com/nw/:0
[47663671ms] [ERROR] Failed to load resource: net::ERR_INTERNET_DISCONNECTED @ https://www.facebook.com/api/graphql/:0
[47665176ms] [ERROR] Failed to load resource: net::ERR_INTERNET_DISCONNECTED @ https://www.facebook.com/nw/:0
[47668667ms] [ERROR] Failed to load resource: net::ERR_INTERNET_DISCONNECTED @ https://www.facebook.com/api/graphql/:0
[47671588ms] [ERROR] Failed to load resource: net::ERR_INTERNET_DISCONNECTED @ https://www.facebook.com/nw/:0
[47673671ms] [ERROR] Failed to load resource: net::ERR_INTERNET_DISCONNECTED @ https://www.facebook.com/api/graphql/:0
[51716382ms] [ERROR] Failed to load resource: net::ERR_INTERNET_DISCONNECTED @ https://www.facebook.com/nw/:0
[51717015ms] [ERROR] Failed to load resource: net::ERR_INTERNET_DISCONNECTED @ https://www.facebook.com/api/graphql/:0
[51722026ms] [ERROR] Failed to load resource: net::ERR_INTERNET_DISCONNECTED @ https://www.facebook.com/api/graphql/:0
[51722795ms] [ERROR] Failed to load resource: net::ERR_INTERNET_DISCONNECTED @ https://www.facebook.com/nw/:0
[51727022ms] [ERROR] Failed to load resource: net::ERR_INTERNET_DISCONNECTED @ https://www.facebook.com/api/graphql/:0
[51729204ms] [ERROR] Failed to load resource: net::ERR_INTERNET_DISCONNECTED @ https://www.facebook.com/nw/:0
[51732026ms] [ERROR] Failed to load resource: net::ERR_INTERNET_DISCONNECTED @ https://www.facebook.com/api/graphql/:0
[51735619ms] [ERROR] Failed to load resource: net::ERR_INTERNET_DISCONNECTED @ https://www.facebook.com/nw/:0
[51737027ms] [ERROR] Failed to load resource: net::ERR_INTERNET_DISCONNECTED @ https://www.facebook.com/api/graphql/:0
[51742028ms] [ERROR] Failed to load resource: net::ERR_INTERNET_DISCONNECTED @ https://www.facebook.com/api/graphql/:0
[51742029ms] [ERROR] Failed to load resource: net::ERR_INTERNET_DISCONNECTED @ https://www.facebook.com/nw/:0
[53849687ms] [ERROR] Failed to load resource: net::ERR_INTERNET_DISCONNECTED @ https://www.facebook.com/nw/:0
[53849795ms] [ERROR] Failed to load resource: net::ERR_INTERNET_DISCONNECTED @ https://www.facebook.com/nw/:0
[53850006ms] [ERROR] Failed to load resource: net::ERR_INTERNET_DISCONNECTED @ https://www.facebook.com/nw/:0
[53850817ms] [ERROR] Failed to load resource: net::ERR_INTERNET_DISCONNECTED @ https://www.facebook.com/nw/:0
[53851615ms] [ERROR] Failed to load resource: net::ERR_INTERNET_DISCONNECTED @ https://www.facebook.com/api/graphql/:0
[53856620ms] [ERROR] Failed to load resource: net::ERR_INTERNET_DISCONNECTED @ https://www.facebook.com/api/graphql/:0
[53857225ms] [ERROR] Failed to load resource: net::ERR_INTERNET_DISCONNECTED @ https://www.facebook.com/nw/:0
[53861623ms] [ERROR] Failed to load resource: net::ERR_INTERNET_DISCONNECTED @ https://www.facebook.com/api/graphql/:0
[53863638ms] [ERROR] Failed to load resource: net::ERR_INTERNET_DISCONNECTED @ https://www.facebook.com/nw/:0
[53866625ms] [ERROR] Failed to load resource: net::ERR_INTERNET_DISCONNECTED @ https://www.facebook.com/api/graphql/:0
[53870049ms] [ERROR] Failed to load resource: net::ERR_INTERNET_DISCONNECTED @ https://www.facebook.com/nw/:0
[53871627ms] [ERROR] Failed to load resource: net::ERR_INTERNET_DISCONNECTED @ https://www.facebook.com/api/graphql/:0
[53876461ms] [ERROR] Failed to load resource: net::ERR_INTERNET_DISCONNECTED @ https://www.facebook.com/nw/:0
[53876628ms] [ERROR] Failed to load resource: net::ERR_INTERNET_DISCONNECTED @ https://www.facebook.com/api/graphql/:0
[57120826ms] [ERROR] Failed to load resource: net::ERR_INTERNET_DISCONNECTED @ https://www.facebook.com/nw/:0
[57120831ms] [ERROR] Failed to load resource: net::ERR_INTERNET_DISCONNECTED @ https://www.facebook.com/api/graphql/:0
[57120939ms] [ERROR] Failed to load resource: net::ERR_INTERNET_DISCONNECTED @ https://www.facebook.com/nw/:0
[57121146ms] [ERROR] Failed to load resource: net::ERR_INTERNET_DISCONNECTED @ https://www.facebook.com/nw/:0
[57121957ms] [ERROR] Failed to load resource: net::ERR_INTERNET_DISCONNECTED @ https://www.facebook.com/nw/:0
[57125794ms] [ERROR] Failed to load resource: net::ERR_INTERNET_DISCONNECTED @ https://www.facebook.com/api/graphql/:0
[57128369ms] [ERROR] Failed to load resource: net::ERR_INTERNET_DISCONNECTED @ https://www.facebook.com/nw/:0
[57130796ms] [ERROR] Failed to load resource: net::ERR_INTERNET_DISCONNECTED @ https://www.facebook.com/api/graphql/:0
[57134778ms] [ERROR] Failed to load resource: net::ERR_INTERNET_DISCONNECTED @ https://www.facebook.com/nw/:0
[57135796ms] [ERROR] Failed to load resource: net::ERR_INTERNET_DISCONNECTED @ https://www.facebook.com/api/graphql/:0
[57140799ms] [ERROR] Failed to load resource: net::ERR_INTERNET_DISCONNECTED @ https://www.facebook.com/api/graphql/:0
[57141189ms] [ERROR] Failed to load resource: net::ERR_INTERNET_DISCONNECTED @ https://www.facebook.com/nw/:0
[57145808ms] [ERROR] Failed to load resource: net::ERR_INTERNET_DISCONNECTED @ https://www.facebook.com/api/graphql/:0
[57147602ms] [ERROR] Failed to load resource: net::ERR_INTERNET_DISCONNECTED @ https://www.facebook.com/nw/:0
[57509694ms] [ERROR] Failed to load resource: net::ERR_INTERNET_DISCONNECTED @ https://www.facebook.com/nw/:0
[57509799ms] [ERROR] Failed to load resource: net::ERR_INTERNET_DISCONNECTED @ https://www.facebook.com/nw/:0
[57509875ms] [ERROR] Failed to load resource: net::ERR_INTERNET_DISCONNECTED @ https://www.facebook.com/api/graphql/:0
[57510004ms] [ERROR] Failed to load resource: net::ERR_INTERNET_DISCONNECTED @ https://www.facebook.com/nw/:0
[57510818ms] [ERROR] Failed to load resource: net::ERR_INTERNET_DISCONNECTED @ https://www.facebook.com/nw/:0
[57513549ms] [ERROR] Failed to load resource: net::ERR_INTERNET_DISCONNECTED @ https://www.facebook.com/api/graphql/:0
[57517229ms] [ERROR] Failed to load resource: net::ERR_INTERNET_DISCONNECTED @ https://www.facebook.com/nw/:0
[57518554ms] [ERROR] Failed to load resource: net::ERR_INTERNET_DISCONNECTED @ https://www.facebook.com/api/graphql/:0
[57523555ms] [ERROR] Failed to load resource: net::ERR_INTERNET_DISCONNECTED @ https://www.facebook.com/api/graphql/:0
[57523638ms] [ERROR] Failed to load resource: net::ERR_INTERNET_DISCONNECTED @ https://www.facebook.com/nw/:0
[57901423ms] [ERROR] Failed to load resource: net::ERR_INTERNET_DISCONNECTED @ https://www.facebook.com/api/graphql/:0
[57901533ms] [ERROR] Failed to load resource: net::ERR_INTERNET_DISCONNECTED @ https://www.facebook.com/nw/:0
[57901641ms] [ERROR] Failed to load resource: net::ERR_INTERNET_DISCONNECTED @ https://www.facebook.com/nw/:0
[57901855ms] [ERROR] Failed to load resource: net::ERR_INTERNET_DISCONNECTED @ https://www.facebook.com/nw/:0
[57902660ms] [ERROR] Failed to load resource: net::ERR_INTERNET_DISCONNECTED @ https://www.facebook.com/nw/:0
[57905699ms] [ERROR] Failed to load resource: net::ERR_INTERNET_DISCONNECTED @ https://www.facebook.com/api/graphql/:0
[60486718ms] [ERROR] Failed to load resource: net::ERR_INTERNET_DISCONNECTED @ https://www.facebook.com/nw/:0
[60486874ms] [ERROR] Failed to load resource: net::ERR_INTERNET_DISCONNECTED @ https://www.facebook.com/nw/:0
[60487087ms] [ERROR] Failed to load resource: net::ERR_INTERNET_DISCONNECTED @ https://www.facebook.com/nw/:0
[60487088ms] [ERROR] Failed to load resource: net::ERR_INTERNET_DISCONNECTED @ https://www.facebook.com/api/graphql/:0
[60487899ms] [ERROR] Failed to load resource: net::ERR_INTERNET_DISCONNECTED @ https://www.facebook.com/nw/:0
[60490791ms] [ERROR] Failed to load resource: net::ERR_INTERNET_DISCONNECTED @ https://www.facebook.com/api/graphql/:0
[60494310ms] [ERROR] Failed to load resource: net::ERR_INTERNET_DISCONNECTED @ https://www.facebook.com/nw/:0
[60495790ms] [ERROR] Failed to load resource: net::ERR_INTERNET_DISCONNECTED @ https://www.facebook.com/api/graphql/:0
[60500721ms] [ERROR] Failed to load resource: net::ERR_INTERNET_DISCONNECTED @ https://www.facebook.com/nw/:0
[60500793ms] [ERROR] Failed to load resource: net::ERR_INTERNET_DISCONNECTED @ https://www.facebook.com/api/graphql/:0
[60505794ms] [ERROR] Failed to load resource: net::ERR_INTERNET_DISCONNECTED @ https://www.facebook.com/api/graphql/:0
[60507131ms] [ERROR] Failed to load resource: net::ERR_INTERNET_DISCONNECTED @ https://www.facebook.com/nw/:0
[60510795ms] [ERROR] Failed to load resource: net::ERR_INTERNET_DISCONNECTED @ https://www.facebook.com/api/graphql/:0
[60513542ms] [ERROR] Failed to load resource: net::ERR_INTERNET_DISCONNECTED @ https://www.facebook.com/nw/:0
[63757646ms] [ERROR] Failed to load resource: net::ERR_INTERNET_DISCONNECTED @ https://www.facebook.com/api/graphql/:0
[63758044ms] [ERROR] Failed to load resource: net::ERR_INTERNET_DISCONNECTED @ https://www.facebook.com/nw/:0
[63758186ms] [ERROR] Failed to load resource: net::ERR_INTERNET_DISCONNECTED @ https://www.facebook.com/nw/:0
[63758413ms] [ERROR] Failed to load resource: net::ERR_INTERNET_DISCONNECTED @ https://www.facebook.com/nw/:0
[63759222ms] [ERROR] Failed to load resource: net::ERR_INTERNET_DISCONNECTED @ https://www.facebook.com/nw/:0
[63762595ms] [ERROR] Failed to load resource: net::ERR_INTERNET_DISCONNECTED @ https://www.facebook.com/api/graphql/:0
[63765632ms] [ERROR] Failed to load resource: net::ERR_INTERNET_DISCONNECTED @ https://www.facebook.com/nw/:0
[63767598ms] [ERROR] Failed to load resource: net::ERR_INTERNET_DISCONNECTED @ https://www.facebook.com/api/graphql/:0
[63772045ms] [ERROR] Failed to load resource: net::ERR_INTERNET_DISCONNECTED @ https://www.facebook.com/nw/:0
[63772598ms] [ERROR] Failed to load resource: net::ERR_INTERNET_DISCONNECTED @ https://www.facebook.com/api/graphql/:0
[63777602ms] [ERROR] Failed to load resource: net::ERR_INTERNET_DISCONNECTED @ https://www.facebook.com/api/graphql/:0
[63778454ms] [ERROR] Failed to load resource: net::ERR_INTERNET_DISCONNECTED @ https://www.facebook.com/nw/:0
[63782602ms] [ERROR] Failed to load resource: net::ERR_INTERNET_DISCONNECTED @ https://www.facebook.com/api/graphql/:0
[63784865ms] [ERROR] Failed to load resource: net::ERR_INTERNET_DISCONNECTED @ https://www.facebook.com/nw/:0
[63787604ms] [ERROR] Failed to load resource: net::ERR_INTERNET_DISCONNECTED @ https://www.facebook.com/api/graphql/:0
[63791310ms] [ERROR] Failed to load resource: net::ERR_NAME_NOT_RESOLVED @ https://www.facebook.com/nw/:0
[63792635ms] [ERROR] Failed to load resource: net::ERR_NAME_NOT_RESOLVED @ https://www.facebook.com/api/graphql/:0
[63797640ms] [ERROR] Failed to load resource: net::ERR_NAME_NOT_RESOLVED @ https://www.facebook.com/api/graphql/:0
[63797752ms] [ERROR] Failed to load resource: net::ERR_NAME_NOT_RESOLVED @ https://www.facebook.com/nw/:0
[63802649ms] [ERROR] Failed to load resource: net::ERR_NAME_NOT_RESOLVED @ https://www.facebook.com/api/graphql/:0
[66493621ms] [ERROR] Failed to load resource: net::ERR_NAME_NOT_RESOLVED @ https://www.facebook.com/nw/:0
[66496587ms] [ERROR] Failed to load resource: net::ERR_INTERNET_DISCONNECTED @ https://www.facebook.com/api/graphql/:0
[66500030ms] [ERROR] Failed to load resource: net::ERR_INTERNET_DISCONNECTED @ https://www.facebook.com/nw/:0
[66501582ms] [ERROR] Failed to load resource: net::ERR_INTERNET_DISCONNECTED @ https://www.facebook.com/api/graphql/:0
[66506443ms] [ERROR] Failed to load resource: net::ERR_INTERNET_DISCONNECTED @ https://www.facebook.com/nw/:0
[66506589ms] [ERROR] Failed to load resource: net::ERR_INTERNET_DISCONNECTED @ https://www.facebook.com/api/graphql/:0
[66511592ms] [ERROR] Failed to load resource: net::ERR_INTERNET_DISCONNECTED @ https://www.facebook.com/api/graphql/:0
[66512854ms] [ERROR] Failed to load resource: net::ERR_INTERNET_DISCONNECTED @ https://www.facebook.com/nw/:0
[66516592ms] [ERROR] Failed to load resource: net::ERR_INTERNET_DISCONNECTED @ https://www.facebook.com/api/graphql/:0
[66519262ms] [ERROR] Failed to load resource: net::ERR_INTERNET_DISCONNECTED @ https://www.facebook.com/nw/:0
[66521591ms] [ERROR] Failed to load resource: net::ERR_INTERNET_DISCONNECTED @ https://www.facebook.com/api/graphql/:0
[66525671ms] [ERROR] Failed to load resource: net::ERR_INTERNET_DISCONNECTED @ https://www.facebook.com/nw/:0
[66526594ms] [ERROR] Failed to load resource: net::ERR_INTERNET_DISCONNECTED @ https://www.facebook.com/api/graphql/:0
[66531601ms] [ERROR] Failed to load resource: net::ERR_INTERNET_DISCONNECTED @ https://www.facebook.com/api/graphql/:0
[66532079ms] [ERROR] Failed to load resource: net::ERR_INTERNET_DISCONNECTED @ https://www.facebook.com/nw/:0
[66536599ms] [ERROR] Failed to load resource: net::ERR_INTERNET_DISCONNECTED @ https://www.facebook.com/api/graphql/:0
[66538488ms] [ERROR] Failed to load resource: net::ERR_INTERNET_DISCONNECTED @ https://www.facebook.com/nw/:0
[70154754ms] [ERROR] Failed to load resource: net::ERR_INTERNET_DISCONNECTED @ https://www.facebook.com/api/graphql/:0
[70158052ms] [ERROR] Failed to load resource: net::ERR_INTERNET_DISCONNECTED @ https://www.facebook.com/nw/:0
[70159755ms] [ERROR] Failed to load resource: net::ERR_INTERNET_DISCONNECTED @ https://www.facebook.com/api/graphql/:0
[70164464ms] [ERROR] Failed to load resource: net::ERR_INTERNET_DISCONNECTED @ https://www.facebook.com/nw/:0
[70164760ms] [ERROR] Failed to load resource: net::ERR_INTERNET_DISCONNECTED @ https://www.facebook.com/api/graphql/:0
[70169761ms] [ERROR] Failed to load resource: net::ERR_INTERNET_DISCONNECTED @ https://www.facebook.com/api/graphql/:0
[70170872ms] [ERROR] Failed to load resource: net::ERR_INTERNET_DISCONNECTED @ https://www.facebook.com/nw/:0
[70174757ms] [ERROR] Failed to load resource: net::ERR_INTERNET_DISCONNECTED @ https://www.facebook.com/api/graphql/:0
[70177283ms] [ERROR] Failed to load resource: net::ERR_INTERNET_DISCONNECTED @ https://www.facebook.com/nw/:0
[70179762ms] [ERROR] Failed to load resource: net::ERR_INTERNET_DISCONNECTED @ https://www.facebook.com/api/graphql/:0
[73423858ms] [ERROR] Failed to load resource: net::ERR_INTERNET_DISCONNECTED @ https://www.facebook.com/nw/:0
[73423974ms] [ERROR] Failed to load resource: net::ERR_INTERNET_DISCONNECTED @ https://www.facebook.com/nw/:0
[73424184ms] [ERROR] Failed to load resource: net::ERR_INTERNET_DISCONNECTED @ https://www.facebook.com/nw/:0
[73424992ms] [ERROR] Failed to load resource: net::ERR_INTERNET_DISCONNECTED @ https://www.facebook.com/nw/:0
[73426459ms] [ERROR] Failed to load resource: net::ERR_INTERNET_DISCONNECTED @ https://www.facebook.com/api/graphql/:0
[73431405ms] [ERROR] Failed to load resource: net::ERR_INTERNET_DISCONNECTED @ https://www.facebook.com/nw/:0
[73431460ms] [ERROR] Failed to load resource: net::ERR_INTERNET_DISCONNECTED @ https://www.facebook.com/api/graphql/:0
[73436463ms] [ERROR] Failed to load resource: net::ERR_INTERNET_DISCONNECTED @ https://www.facebook.com/api/graphql/:0
[73437816ms] [ERROR] Failed to load resource: net::ERR_INTERNET_DISCONNECTED @ https://www.facebook.com/nw/:0
[73441465ms] [ERROR] Failed to load resource: net::ERR_INTERNET_DISCONNECTED @ https://www.facebook.com/api/graphql/:0
[73444227ms] [ERROR] Failed to load resource: net::ERR_INTERNET_DISCONNECTED @ https://www.facebook.com/nw/:0
[73446465ms] [ERROR] Failed to load resource: net::ERR_INTERNET_DISCONNECTED @ https://www.facebook.com/api/graphql/:0
[73450635ms] [ERROR] Failed to load resource: net::ERR_INTERNET_DISCONNECTED @ https://www.facebook.com/nw/:0
[73451466ms] [ERROR] Failed to load resource: net::ERR_INTERNET_DISCONNECTED @ https://www.facebook.com/api/graphql/:0
[73813928ms] [ERROR] Failed to load resource: net::ERR_INTERNET_DISCONNECTED @ https://www.facebook.com/nw/:0
[73814033ms] [ERROR] Failed to load resource: net::ERR_INTERNET_DISCONNECTED @ https://www.facebook.com/nw/:0
[73814247ms] [ERROR] Failed to load resource: net::ERR_INTERNET_DISCONNECTED @ https://www.facebook.com/nw/:0
[73814713ms] [ERROR] Failed to load resource: net::ERR_INTERNET_DISCONNECTED @ https://www.facebook.com/api/graphql/:0
[73815057ms] [ERROR] Failed to load resource: net::ERR_INTERNET_DISCONNECTED @ https://www.facebook.com/nw/:0
[73819715ms] [ERROR] Failed to load resource: net::ERR_INTERNET_DISCONNECTED @ https://www.facebook.com/api/graphql/:0
[73821468ms] [ERROR] Failed to load resource: net::ERR_INTERNET_DISCONNECTED @ https://www.facebook.com/nw/:0
[73824711ms] [ERROR] Failed to load resource: net::ERR_INTERNET_DISCONNECTED @ https://www.facebook.com/api/graphql/:0
[73827878ms] [ERROR] Failed to load resource: net::ERR_INTERNET_DISCONNECTED @ https://www.facebook.com/nw/:0
[73829719ms] [ERROR] Failed to load resource: net::ERR_INTERNET_DISCONNECTED @ https://www.facebook.com/api/graphql/:0
[73834289ms] [ERROR] Failed to load resource: net::ERR_INTERNET_DISCONNECTED @ https://www.facebook.com/nw/:0
[73834720ms] [ERROR] Failed to load resource: net::ERR_INTERNET_DISCONNECTED @ https://www.facebook.com/api/graphql/:0
[73839723ms] [ERROR] Failed to load resource: net::ERR_INTERNET_DISCONNECTED @ https://www.facebook.com/api/graphql/:0
[73840700ms] [ERROR] Failed to load resource: net::ERR_INTERNET_DISCONNECTED @ https://www.facebook.com/nw/:0
[73844728ms] [ERROR] Failed to load resource: net::ERR_INTERNET_DISCONNECTED @ https://www.facebook.com/api/graphql/:0
[73847111ms] [ERROR] Failed to load resource: net::ERR_INTERNET_DISCONNECTED @ https://www.facebook.com/nw/:0
[73849728ms] [ERROR] Failed to load resource: net::ERR_INTERNET_DISCONNECTED @ https://www.facebook.com/api/graphql/:0
[73853520ms] [ERROR] Failed to load resource: net::ERR_INTERNET_DISCONNECTED @ https://www.facebook.com/nw/:0
[73854734ms] [ERROR] Failed to load resource: net::ERR_INTERNET_DISCONNECTED @ https://www.facebook.com/api/graphql/:0
[73859733ms] [ERROR] Failed to load resource: net::ERR_INTERNET_DISCONNECTED @ https://www.facebook.com/api/graphql/:0
[77211141ms] [ERROR] Failed to load resource: net::ERR_INTERNET_DISCONNECTED @ https://www.facebook.com/nw/:0
[77215809ms] [ERROR] Failed to load resource: net::ERR_INTERNET_DISCONNECTED @ https://www.facebook.com/api/graphql/:0
[77217552ms] [ERROR] Failed to load resource: net::ERR_INTERNET_DISCONNECTED @ https://www.facebook.com/nw/:0
[77220814ms] [ERROR] Failed to load resource: net::ERR_INTERNET_DISCONNECTED @ https://www.facebook.com/api/graphql/:0
[77223964ms] [ERROR] Failed to load resource: net::ERR_INTERNET_DISCONNECTED @ https://www.facebook.com/nw/:0
[77225820ms] [ERROR] Failed to load resource: net::ERR_INTERNET_DISCONNECTED @ https://www.facebook.com/api/graphql/:0
[77230375ms] [ERROR] Failed to load resource: net::ERR_INTERNET_DISCONNECTED @ https://www.facebook.com/nw/:0
[77230817ms] [ERROR] Failed to load resource: net::ERR_INTERNET_DISCONNECTED @ https://www.facebook.com/api/graphql/:0
[77235823ms] [ERROR] Failed to load resource: net::ERR_INTERNET_DISCONNECTED @ https://www.facebook.com/api/graphql/:0
[77236786ms] [ERROR] Failed to load resource: net::ERR_INTERNET_DISCONNECTED @ https://www.facebook.com/nw/:0
[77473603ms] [ERROR] Failed to load resource: net::ERR_INTERNET_DISCONNECTED @ https://www.facebook.com/api/graphql/:0
[77473724ms] [ERROR] Failed to load resource: net::ERR_INTERNET_DISCONNECTED @ https://www.facebook.com/nw/:0
[77473832ms] [ERROR] Failed to load resource: net::ERR_INTERNET_DISCONNECTED @ https://www.facebook.com/nw/:0
[77474038ms] [ERROR] Failed to load resource: net::ERR_INTERNET_DISCONNECTED @ https://www.facebook.com/nw/:0
[77474845ms] [ERROR] Failed to load resource: net::ERR_INTERNET_DISCONNECTED @ https://www.facebook.com/nw/:0
[77478542ms] [ERROR] Failed to load resource: net::ERR_INTERNET_DISCONNECTED @ https://www.facebook.com/api/graphql/:0
[77481259ms] [ERROR] Failed to load resource: net::ERR_INTERNET_DISCONNECTED @ https://www.facebook.com/nw/:0
[77483547ms] [ERROR] Failed to load resource: net::ERR_INTERNET_DISCONNECTED @ https://www.facebook.com/api/graphql/:0
[77487670ms] [ERROR] Failed to load resource: net::ERR_INTERNET_DISCONNECTED @ https://www.facebook.com/nw/:0
[77488548ms] [ERROR] Failed to load resource: net::ERR_INTERNET_DISCONNECTED @ https://www.facebook.com/api/graphql/:0
[77493552ms] [ERROR] Failed to load resource: net::ERR_INTERNET_DISCONNECTED @ https://www.facebook.com/api/graphql/:0
[77494082ms] [ERROR] Failed to load resource: net::ERR_INTERNET_DISCONNECTED @ https://www.facebook.com/nw/:0
[77498553ms] [ERROR] Failed to load resource: net::ERR_INTERNET_DISCONNECTED @ https://www.facebook.com/api/graphql/:0
[77500492ms] [ERROR] Failed to load resource: net::ERR_INTERNET_DISCONNECTED @ https://www.facebook.com/nw/:0
[79664603ms] [ERROR] Failed to load resource: net::ERR_INTERNET_DISCONNECTED @ https://www.facebook.com/nw/:0
[79664938ms] [ERROR] Failed to load resource: net::ERR_INTERNET_DISCONNECTED @ https://www.facebook.com/nw/:0
[79665179ms] [ERROR] Failed to load resource: net::ERR_INTERNET_DISCONNECTED @ https://www.facebook.com/nw/:0
[79665986ms] [ERROR] Failed to load resource: net::ERR_INTERNET_DISCONNECTED @ https://www.facebook.com/nw/:0
[79667213ms] [ERROR] Failed to load resource: net::ERR_INTERNET_DISCONNECTED @ https://www.facebook.com/api/graphql/:0
[79672215ms] [ERROR] Failed to load resource: net::ERR_INTERNET_DISCONNECTED @ https://www.facebook.com/api/graphql/:0
[79672398ms] [ERROR] Failed to load resource: net::ERR_INTERNET_DISCONNECTED @ https://www.facebook.com/nw/:0
[79677217ms] [ERROR] Failed to load resource: net::ERR_INTERNET_DISCONNECTED @ https://www.facebook.com/api/graphql/:0
[87673857ms] [ERROR] Failed to load resource: net::ERR_INTERNET_DISCONNECTED @ https://www.facebook.com/nw/:0
[87673968ms] [ERROR] Failed to load resource: net::ERR_INTERNET_DISCONNECTED @ https://www.facebook.com/nw/:0
[87674179ms] [ERROR] Failed to load resource: net::ERR_INTERNET_DISCONNECTED @ https://www.facebook.com/nw/:0
[87674531ms] [ERROR] Failed to load resource: net::ERR_INTERNET_DISCONNECTED @ https://www.facebook.com/api/graphql/:0
[87674992ms] [ERROR] Failed to load resource: net::ERR_INTERNET_DISCONNECTED @ https://www.facebook.com/nw/:0
[87679533ms] [ERROR] Failed to load resource: net::ERR_INTERNET_DISCONNECTED @ https://www.facebook.com/api/graphql/:0
[87681403ms] [ERROR] Failed to load resource: net::ERR_INTERNET_DISCONNECTED @ https://www.facebook.com/nw/:0
[87684534ms] [ERROR] Failed to load resource: net::ERR_INTERNET_DISCONNECTED @ https://www.facebook.com/api/graphql/:0
[87687816ms] [ERROR] Failed to load resource: net::ERR_INTERNET_DISCONNECTED @ https://www.facebook.com/nw/:0
[87689536ms] [ERROR] Failed to load resource: net::ERR_INTERNET_DISCONNECTED @ https://www.facebook.com/api/graphql/:0
[87694228ms] [ERROR] Failed to load resource: net::ERR_INTERNET_DISCONNECTED @ https://www.facebook.com/nw/:0
[87694536ms] [ERROR] Failed to load resource: net::ERR_INTERNET_DISCONNECTED @ https://www.facebook.com/api/graphql/:0
[87699539ms] [ERROR] Failed to load resource: net::ERR_INTERNET_DISCONNECTED @ https://www.facebook.com/api/graphql/:0
[87700639ms] [ERROR] Failed to load resource: net::ERR_INTERNET_DISCONNECTED @ https://www.facebook.com/nw/:0
[90944324ms] [ERROR] Failed to load resource: net::ERR_INTERNET_DISCONNECTED @ https://www.facebook.com/nw/:0
[90944462ms] [ERROR] Failed to load resource: net::ERR_INTERNET_DISCONNECTED @ https://www.facebook.com/nw/:0
[90944714ms] [ERROR] Failed to load resource: net::ERR_INTERNET_DISCONNECTED @ https://www.facebook.com/nw/:0
[90945526ms] [ERROR] Failed to load resource: net::ERR_INTERNET_DISCONNECTED @ https://www.facebook.com/nw/:0
[90945788ms] [ERROR] Failed to load resource: net::ERR_INTERNET_DISCONNECTED @ https://www.facebook.com/ajax/bz?__a=1&__aaid=0&__ccg=EXCELLENT&__comet_req=15&__crn=comet.fbweb.CometMarketplaceHomeRoute&__hs=20580.HYP%3Acomet_loggedout_pkg.2.1...0&__hsi=7637205237634102477&__req=14g&__rev=1039011911&__s=o2glfn%3Aql50ut%3Aphnnpa&__spin_b=trunk&__spin_r=1039011911&__spin_t=1778175411&__user=0&dpr=2&jazoest=22373&lsd=AdTP7cgfIgqwXsXVieUjQU7W1Z8&ph=C3:0
[90945792ms] [ERROR] Failed to load resource: net::ERR_INTERNET_DISCONNECTED @ https://www.facebook.com/api/graphql/:0
[90948644ms] [ERROR] Failed to load resource: net::ERR_INTERNET_DISCONNECTED @ https://www.facebook.com/api/graphql/:0
[90951937ms] [ERROR] Failed to load resource: net::ERR_INTERNET_DISCONNECTED @ https://www.facebook.com/nw/:0
[90953645ms] [ERROR] Failed to load resource: net::ERR_INTERNET_DISCONNECTED @ https://www.facebook.com/api/graphql/:0
[90958348ms] [ERROR] Failed to load resource: net::ERR_INTERNET_DISCONNECTED @ https://www.facebook.com/nw/:0
[90958686ms] [ERROR] Failed to load resource: net::ERR_INTERNET_DISCONNECTED @ https://www.facebook.com/api/graphql/:0
[90964079ms] [ERROR] Failed to load resource: net::ERR_INTERNET_DISCONNECTED @ https://www.facebook.com/api/graphql/:0
[90964755ms] [ERROR] Failed to load resource: net::ERR_INTERNET_DISCONNECTED @ https://www.facebook.com/nw/:0
[90968758ms] [ERROR] Failed to load resource: net::ERR_INTERNET_DISCONNECTED @ https://www.facebook.com/api/graphql/:0
[90971167ms] [ERROR] Failed to load resource: net::ERR_INTERNET_DISCONNECTED @ https://www.facebook.com/nw/:0
[90973761ms] [ERROR] Failed to load resource: net::ERR_INTERNET_DISCONNECTED @ https://www.facebook.com/api/graphql/:0
[94218801ms] [ERROR] Failed to load resource: net::ERR_INTERNET_DISCONNECTED @ https://www.facebook.com/nw/:0
[94218845ms] [ERROR] Failed to load resource: net::ERR_INTERNET_DISCONNECTED @ https://www.facebook.com/api/graphql/:0
[94218931ms] [ERROR] Failed to load resource: net::ERR_INTERNET_DISCONNECTED @ https://www.facebook.com/nw/:0
[94219142ms] [ERROR] Failed to load resource: net::ERR_INTERNET_DISCONNECTED @ https://www.facebook.com/nw/:0
[94219959ms] [ERROR] Failed to load resource: net::ERR_INTERNET_DISCONNECTED @ https://www.facebook.com/nw/:0
[94223849ms] [ERROR] Failed to load resource: net::ERR_INTERNET_DISCONNECTED @ https://www.facebook.com/api/graphql/:0
[94226375ms] [ERROR] Failed to load resource: net::ERR_INTERNET_DISCONNECTED @ https://www.facebook.com/nw/:0
[94228851ms] [ERROR] Failed to load resource: net::ERR_INTERNET_DISCONNECTED @ https://www.facebook.com/api/graphql/:0
[94232786ms] [ERROR] Failed to load resource: net::ERR_INTERNET_DISCONNECTED @ https://www.facebook.com/nw/:0
[94233853ms] [ERROR] Failed to load resource: net::ERR_INTERNET_DISCONNECTED @ https://www.facebook.com/api/graphql/:0
[94238854ms] [ERROR] Failed to load resource: net::ERR_INTERNET_DISCONNECTED @ https://www.facebook.com/api/graphql/:0
[94239197ms] [ERROR] Failed to load resource: net::ERR_INTERNET_DISCONNECTED @ https://www.facebook.com/nw/:0
[94243856ms] [ERROR] Failed to load resource: net::ERR_INTERNET_DISCONNECTED @ https://www.facebook.com/api/graphql/:0
[94245609ms] [ERROR] Failed to load resource: net::ERR_INTERNET_DISCONNECTED @ https://www.facebook.com/nw/:0
[94604077ms] [ERROR] Failed to load resource: net::ERR_INTERNET_DISCONNECTED @ https://www.facebook.com/nw/:0
[94604174ms] [ERROR] Failed to load resource: net::ERR_INTERNET_DISCONNECTED @ https://www.facebook.com/nw/:0
[94604386ms] [ERROR] Failed to load resource: net::ERR_INTERNET_DISCONNECTED @ https://www.facebook.com/nw/:0
[94605199ms] [ERROR] Failed to load resource: net::ERR_INTERNET_DISCONNECTED @ https://www.facebook.com/nw/:0
[94607250ms] [ERROR] Failed to load resource: net::ERR_INTERNET_DISCONNECTED @ https://www.facebook.com/api/graphql/:0
[94611612ms] [ERROR] Failed to load resource: net::ERR_INTERNET_DISCONNECTED @ https://www.facebook.com/nw/:0
[94612248ms] [ERROR] Failed to load resource: net::ERR_INTERNET_DISCONNECTED @ https://www.facebook.com/api/graphql/:0
[94617253ms] [ERROR] Failed to load resource: net::ERR_INTERNET_DISCONNECTED @ https://www.facebook.com/api/graphql/:0
[94618022ms] [ERROR] Failed to load resource: net::ERR_INTERNET_DISCONNECTED @ https://www.facebook.com/nw/:0
[94622255ms] [ERROR] Failed to load resource: net::ERR_INTERNET_DISCONNECTED @ https://www.facebook.com/api/graphql/:0
[94624433ms] [ERROR] Failed to load resource: net::ERR_INTERNET_DISCONNECTED @ https://www.facebook.com/nw/:0
[94627257ms] [ERROR] Failed to load resource: net::ERR_INTERNET_DISCONNECTED @ https://www.facebook.com/api/graphql/:0
[94630844ms] [ERROR] Failed to load resource: net::ERR_INTERNET_DISCONNECTED @ https://www.facebook.com/nw/:0
[94632257ms] [ERROR] Failed to load resource: net::ERR_INTERNET_DISCONNECTED @ https://www.facebook.com/api/graphql/:0
[94637255ms] [ERROR] Failed to load resource: net::ERR_INTERNET_DISCONNECTED @ https://www.facebook.com/nw/:0
[94637257ms] [ERROR] Failed to load resource: net::ERR_INTERNET_DISCONNECTED @ https://www.facebook.com/api/graphql/:0
[94642260ms] [ERROR] Failed to load resource: net::ERR_INTERNET_DISCONNECTED @ https://www.facebook.com/api/graphql/:0
[94643666ms] [ERROR] Failed to load resource: net::ERR_INTERNET_DISCONNECTED @ https://www.facebook.com/nw/:0
[94647262ms] [ERROR] Failed to load resource: net::ERR_INTERNET_DISCONNECTED @ https://www.facebook.com/api/graphql/:0
[97036053ms] [ERROR] Failed to load resource: net::ERR_INTERNET_DISCONNECTED @ https://www.facebook.com/nw/:0
[97037789ms] [ERROR] Failed to load resource: net::ERR_INTERNET_DISCONNECTED @ https://www.facebook.com/api/graphql/:0
[97042461ms] [ERROR] Failed to load resource: net::ERR_INTERNET_DISCONNECTED @ https://www.facebook.com/nw/:0
[97042792ms] [ERROR] Failed to load resource: net::ERR_INTERNET_DISCONNECTED @ https://www.facebook.com/api/graphql/:0
[97047792ms] [ERROR] Failed to load resource: net::ERR_INTERNET_DISCONNECTED @ https://www.facebook.com/api/graphql/:0
[97048866ms] [ERROR] Failed to load resource: net::ERR_INTERNET_DISCONNECTED @ https://www.facebook.com/nw/:0
